           Time    Speed        Read     Read   Mapped   Mapped   Mapped   Mapped Unmapped Unmapped Unmapped Unmapped
                    M/hr      number   length   unique   length   MMrate    multi   multi+       MM    short    other
Jul 29 13:14:58    149.3     2487840      262    84.2%    264.3     0.3%    11.7%     0.1%     0.0%     3.9%     0.1%
Jul 29 13:15:58    154.9     5162348      263    84.3%    264.7     0.3%    11.7%     0.1%     0.0%     3.8%     0.1%
Jul 29 13:17:00    158.1     7992270      263    84.3%    264.5     0.3%    11.7%     0.1%     0.0%     3.8%     0.1%
Jul 29 13:18:02    161.7    10959907      263    84.3%    264.6     0.3%    11.7%     0.1%     0.0%     3.8%     0.1%
Jul 29 13:19:04    159.7    13573062      263    84.3%    264.5     0.3%    11.7%     0.1%     0.0%     3.8%     0.1%
Jul 29 13:20:04    162.1    16478635      263    84.3%    264.5     0.3%    11.7%     0.1%     0.0%     3.8%     0.1%
Jul 29 13:21:04    163.0    19288038      263    84.3%    264.5     0.3%    11.7%     0.1%     0.0%     3.8%     0.1%
Jul 29 13:22:04    162.9    21993259      263    84.3%    264.6     0.3%    11.7%     0.1%     0.0%     3.8%     0.1%
Jul 29 13:23:05    163.2    24802785      263    84.3%    264.5     0.3%    11.7%     0.1%     0.0%     3.8%     0.1%
Jul 29 13:24:08    162.1    27466599      263    84.3%    264.5     0.3%    11.7%     0.1%     0.0%     3.8%     0.1%
Jul 29 13:25:09    160.0    29828717      263    84.2%    264.4     0.3%    11.7%     0.1%     0.0%     3.9%     0.1%
Jul 29 13:26:09    161.0    32687914      263    84.2%    264.4     0.3%    11.7%     0.1%     0.0%     3.9%     0.1%
Jul 29 13:27:09    160.7    35298942      263    84.2%    264.4     0.3%    11.7%     0.1%     0.0%     3.9%     0.1%
Jul 29 13:28:13    160.5    38109576      262    84.2%    264.4     0.3%    11.7%     0.1%     0.0%     3.9%     0.1%
Jul 29 13:29:14    158.5    40323489      263    84.1%    264.3     0.3%    11.7%     0.1%     0.0%     4.0%     0.1%
Jul 29 13:30:14    158.7    43030537      263    84.1%    264.4     0.3%    11.7%     0.1%     0.0%     4.0%     0.1%
Jul 29 13:31:17    157.1    45346011      263    84.1%    264.3     0.3%    11.7%     0.1%     0.0%     4.0%     0.1%
Jul 29 13:32:19    157.9    48296334      263    84.1%    264.4     0.3%    11.7%     0.1%     0.0%     4.0%     0.1%
Jul 29 13:33:20    158.5    51153130      263    84.1%    264.4     0.3%    11.7%     0.1%     0.0%     4.0%     0.1%
Jul 29 13:34:20    159.2    54054583      263    84.1%    264.4     0.3%    11.7%     0.1%     0.0%     4.0%     0.1%
Jul 29 13:35:21    157.7    56219536      263    84.1%    264.4     0.3%    11.7%     0.1%     0.0%     4.0%     0.1%
Jul 29 13:36:22    157.7    58873479      263    84.1%    264.4     0.3%    11.7%     0.1%     0.0%     4.0%     0.1%
Jul 29 13:37:22    158.5    61834118      263    84.1%    264.4     0.3%    11.7%     0.1%     0.0%     4.0%     0.1%
Jul 29 13:38:23    159.2    64789482      263    84.1%    264.5     0.3%    11.7%     0.1%     0.0%     4.0%     0.1%
Jul 29 13:39:23    159.7    67649716      263    84.1%    264.4     0.3%    11.7%     0.1%     0.0%     4.0%     0.1%
Jul 29 13:40:23    160.2    70549849      263    84.1%    264.5     0.3%    11.7%     0.1%     0.0%     4.0%     0.1%
Jul 29 13:41:24    159.1    72760142      263    84.1%    264.4     0.3%    11.7%     0.1%     0.0%     4.0%     0.1%
Jul 29 13:42:24    160.2    75905166      263    84.1%    264.5     0.3%    11.7%     0.1%     0.0%     4.0%     0.1%
Jul 29 13:43:24    161.5    79247520      263    84.1%    264.5     0.3%    11.7%     0.1%     0.0%     4.0%     0.1%
Jul 29 13:44:24    162.4    82354456      263    84.1%    264.5     0.3%    11.7%     0.1%     0.0%     4.0%     0.1%
Jul 29 13:45:24    163.2    85506580      263    84.1%    264.4     0.3%    11.7%     0.1%     0.0%     4.0%     0.1%
Jul 29 13:48:50    149.7    87013640      263    84.1%    264.4     0.3%    11.7%     0.1%     0.0%     4.0%     0.1%
ALL DONE!
