                                 Started job on |	Jul 29 19:11:09
                             Started mapping on |	Jul 29 19:11:09
                                    Finished on |	Jul 29 19:48:09
       Mapping speed, Million of reads per hour |	140.93

                          Number of input reads |	86909879
                      Average input read length |	255
                                    UNIQUE READS:
                   Uniquely mapped reads number |	56945705
                        Uniquely mapped reads % |	65.52%
                          Average mapped length |	264.15
                       Number of splices: Total |	24844659
            Number of splices: Annotated (sjdb) |	24239168
                       Number of splices: GT/AG |	24634897
                       Number of splices: GC/AG |	189047
                       Number of splices: AT/AC |	20715
               Number of splices: Non-canonical |	0
                      Mismatch rate per base, % |	0.27%
                         Deletion rate per base |	0.01%
                        Deletion average length |	2.13
                        Insertion rate per base |	0.01%
                       Insertion average length |	1.67
                             MULTI-MAPPING READS:
        Number of reads mapped to multiple loci |	27109021
             % of reads mapped to multiple loci |	31.19%
        Number of reads mapped to too many loci |	89804
             % of reads mapped to too many loci |	0.10%
                                  UNMAPPED READS:
  Number of reads unmapped: too many mismatches |	0
       % of reads unmapped: too many mismatches |	0.00%
            Number of reads unmapped: too short |	2715152
                 % of reads unmapped: too short |	3.12%
                Number of reads unmapped: other |	50197
                     % of reads unmapped: other |	0.06%
                                  CHIMERIC READS:
                       Number of chimeric reads |	0
                            % of chimeric reads |	0.00%
