           Time    Speed        Read     Read   Mapped   Mapped   Mapped   Mapped Unmapped Unmapped Unmapped Unmapped
                    M/hr      number   length   unique   length   MMrate    multi   multi+       MM    short    other
Jul 29 16:22:44    132.1     2238568      269    86.0%    272.2     0.3%    10.4%     0.1%     0.0%     3.4%     0.1%
Jul 29 16:23:45    150.5     5100853      269    86.0%    272.3     0.3%    10.4%     0.1%     0.0%     3.3%     0.1%
Jul 29 16:24:45    157.5     7961285      269    86.1%    272.3     0.3%    10.4%     0.1%     0.0%     3.3%     0.1%
Jul 29 16:25:47    156.8    10627392      269    86.0%    272.2     0.3%    10.4%     0.1%     0.0%     3.3%     0.1%
Jul 29 16:26:48    157.3    13327156      269    86.0%    272.2     0.3%    10.4%     0.1%     0.0%     3.3%     0.1%
Jul 29 16:27:48    158.0    16024214      269    86.1%    272.2     0.3%    10.4%     0.1%     0.0%     3.3%     0.1%
Jul 29 16:28:49    159.5    18868552      269    86.0%    272.2     0.3%    10.4%     0.1%     0.0%     3.3%     0.1%
Jul 29 16:29:51    157.4    21330073      269    86.0%    272.2     0.3%    10.4%     0.1%     0.0%     3.3%     0.1%
Jul 29 16:30:51    155.9    23738726      269    86.0%    272.1     0.3%    10.4%     0.1%     0.0%     3.4%     0.1%
Jul 29 16:31:52    156.9    26537622      269    85.9%    272.1     0.3%    10.4%     0.1%     0.0%     3.4%     0.1%
Jul 29 16:32:52    158.4    29430619      269    85.9%    272.1     0.3%    10.4%     0.1%     0.0%     3.4%     0.1%
Jul 29 16:33:54    155.6    31598518      269    85.9%    272.0     0.3%    10.4%     0.1%     0.0%     3.5%     0.1%
Jul 29 16:34:54    155.0    34057027      269    85.9%    272.0     0.3%    10.4%     0.1%     0.0%     3.5%     0.1%
Jul 29 16:35:54    154.7    36559947      269    85.9%    272.1     0.3%    10.4%     0.1%     0.0%     3.5%     0.1%
Jul 29 16:36:54    155.1    39258629      269    85.9%    272.1     0.3%    10.4%     0.1%     0.0%     3.5%     0.1%
Jul 29 16:37:56    155.4    42002052      269    85.9%    272.1     0.3%    10.4%     0.1%     0.0%     3.5%     0.1%
Jul 29 16:38:56    154.4    44312041      269    85.9%    272.1     0.3%    10.4%     0.1%     0.0%     3.5%     0.1%
Jul 29 16:39:56    155.2    47107587      269    85.9%    272.1     0.3%    10.4%     0.1%     0.0%     3.5%     0.1%
Jul 29 16:40:56    156.3    50046614      269    85.9%    272.1     0.3%    10.4%     0.1%     0.0%     3.5%     0.1%
Jul 29 16:41:56    156.5    52747485      269    85.9%    272.1     0.3%    10.4%     0.1%     0.0%     3.5%     0.1%
Jul 29 16:42:56    156.5    55345808      269    85.9%    272.1     0.3%    10.4%     0.1%     0.0%     3.5%     0.1%
Jul 29 16:43:56    156.5    57939604      269    85.9%    272.2     0.3%    10.4%     0.1%     0.0%     3.5%     0.1%
Jul 29 16:44:57    157.7    61067771      269    85.9%    272.2     0.3%    10.4%     0.1%     0.0%     3.5%     0.1%
Jul 29 16:45:57    158.0    63815703      269    85.9%    272.2     0.3%    10.4%     0.1%     0.0%     3.5%     0.1%
Jul 29 16:46:57    158.5    66659748      269    85.9%    272.1     0.3%    10.4%     0.1%     0.0%     3.5%     0.1%
Jul 29 16:49:35    145.3    67485888      269    85.9%    272.1     0.3%    10.4%     0.1%     0.0%     3.5%     0.1%
ALL DONE!
