           Time    Speed        Read     Read   Mapped   Mapped   Mapped   Mapped Unmapped Unmapped Unmapped Unmapped
                    M/hr      number   length   unique   length   MMrate    multi   multi+       MM    short    other
Jul 29 13:15:01    145.7     2550114      261    85.5%    261.9     0.3%    11.0%     0.1%     0.0%     3.2%     0.2%
Jul 29 13:16:01    163.5     5585549      261    85.6%    262.3     0.3%    11.0%     0.1%     0.0%     3.1%     0.2%
Jul 29 13:17:01    168.8     8578593      261    85.6%    262.1     0.2%    11.0%     0.1%     0.0%     3.1%     0.2%
Jul 29 13:18:02    171.2    11604854      261    85.6%    262.2     0.2%    11.0%     0.1%     0.0%     3.1%     0.2%
Jul 29 13:19:03    168.6    14282342      261    85.6%    262.1     0.3%    11.0%     0.1%     0.0%     3.1%     0.2%
Jul 29 13:20:04    169.7    17249371      261    85.6%    262.1     0.2%    11.0%     0.1%     0.0%     3.1%     0.2%
Jul 29 13:21:05    170.9    20271848      261    85.6%    262.1     0.2%    11.0%     0.1%     0.0%     3.1%     0.2%
Jul 29 13:22:05    172.1    23286571      261    85.6%    262.2     0.2%    11.0%     0.1%     0.0%     3.1%     0.2%
Jul 29 13:23:05    172.2    26158911      261    85.6%    262.2     0.2%    11.0%     0.1%     0.0%     3.1%     0.2%
Jul 29 13:24:05    172.5    29078868      261    85.6%    262.1     0.2%    11.0%     0.1%     0.0%     3.1%     0.2%
Jul 29 13:25:06    170.1    31558112      261    85.5%    262.1     0.3%    11.0%     0.1%     0.0%     3.1%     0.2%
Jul 29 13:26:07    170.0    34426300      261    85.5%    262.1     0.3%    11.0%     0.1%     0.0%     3.2%     0.2%
Jul 29 13:27:09    170.2    37400199      261    85.5%    262.0     0.3%    11.0%     0.1%     0.0%     3.2%     0.2%
Jul 29 13:28:11    170.4    40369074      261    85.5%    262.0     0.3%    11.0%     0.1%     0.0%     3.2%     0.2%
Jul 29 13:29:11    168.9    42847322      261    85.5%    262.0     0.3%    11.0%     0.1%     0.0%     3.2%     0.2%
Jul 29 13:30:11    167.9    45369424      261    85.4%    262.0     0.3%    11.0%     0.1%     0.0%     3.2%     0.2%
Jul 29 13:31:14    167.8    48290690      261    85.5%    262.0     0.3%    11.0%     0.1%     0.0%     3.2%     0.2%
Jul 29 13:32:14    167.7    51060753      261    85.4%    262.0     0.3%    11.0%     0.1%     0.0%     3.3%     0.2%
Jul 29 13:33:14    168.2    54026454      261    85.5%    262.0     0.3%    11.0%     0.1%     0.0%     3.2%     0.2%
Jul 29 13:34:14    168.0    56748195      261    85.5%    262.0     0.3%    11.0%     0.1%     0.0%     3.2%     0.2%
Jul 29 13:35:15    168.6    59811326      261    85.5%    262.1     0.3%    11.0%     0.1%     0.0%     3.2%     0.2%
Jul 29 13:36:15    167.3    62137442      261    85.4%    262.0     0.3%    11.0%     0.1%     0.0%     3.3%     0.2%
Jul 29 13:37:15    168.0    65200015      261    85.5%    262.1     0.3%    11.0%     0.1%     0.0%     3.3%     0.2%
Jul 29 13:38:18    168.5    68323081      261    85.5%    262.1     0.3%    11.0%     0.1%     0.0%     3.2%     0.2%
Jul 29 13:39:18    169.0    71341844      261    85.5%    262.1     0.3%    11.0%     0.1%     0.0%     3.2%     0.2%
Jul 29 13:40:18    169.4    74366429      261    85.5%    262.0     0.3%    11.0%     0.1%     0.0%     3.2%     0.2%
Jul 29 13:41:18    170.0    77427052      261    85.5%    262.1     0.3%    11.0%     0.1%     0.0%     3.2%     0.2%
Jul 29 13:42:20    169.2    79998938      261    85.5%    262.1     0.3%    11.0%     0.1%     0.0%     3.2%     0.2%
Jul 29 13:43:22    169.9    83254395      261    85.4%    262.1     0.3%    11.0%     0.1%     0.0%     3.3%     0.2%
Jul 29 13:44:22    171.2    86765995      261    85.4%    262.1     0.3%    11.0%     0.1%     0.0%     3.3%     0.2%
Jul 29 13:45:22    172.7    90377077      261    85.5%    262.1     0.3%    11.0%     0.1%     0.0%     3.3%     0.2%
Jul 29 13:46:22    172.6    93201391      261    85.4%    262.1     0.3%    11.0%     0.1%     0.0%     3.3%     0.2%
Jul 29 13:50:10    160.3    96713583      261    85.4%    262.0     0.3%    11.0%     0.1%     0.0%     3.3%     0.2%
ALL DONE!
