           Time    Speed        Read     Read   Mapped   Mapped   Mapped   Mapped Unmapped Unmapped Unmapped Unmapped
                    M/hr      number   length   unique   length   MMrate    multi   multi+       MM    short    other
Jul 29 15:46:59    153.8     2562691      265    83.5%    268.4     0.2%    13.4%     0.1%     0.0%     3.0%     0.1%
Jul 29 15:48:00    170.7     5735772      267    83.6%    269.5     0.2%    13.2%     0.1%     0.0%     3.0%     0.1%
Jul 29 15:49:01    168.7     8530630      266    83.6%    269.4     0.2%    13.3%     0.1%     0.0%     3.0%     0.1%
Jul 29 15:50:01    171.8    11545463      267    83.6%    269.7     0.2%    13.2%     0.1%     0.0%     3.0%     0.1%
Jul 29 15:51:01    171.3    14367138      267    83.6%    269.7     0.2%    13.2%     0.1%     0.0%     3.0%     0.1%
Jul 29 15:52:01    172.8    17370988      267    83.6%    269.9     0.2%    13.2%     0.1%     0.0%     3.0%     0.1%
Jul 29 15:53:01    174.7    20477384      267    83.6%    269.9     0.2%    13.2%     0.1%     0.0%     3.0%     0.1%
Jul 29 15:54:01    177.9    23815621      267    83.7%    270.1     0.2%    13.1%     0.1%     0.0%     3.0%     0.1%
Jul 29 15:55:01    178.9    26932425      267    83.6%    270.0     0.2%    13.2%     0.1%     0.0%     3.0%     0.1%
Jul 29 15:56:02    177.3    29698738      267    83.6%    270.0     0.2%    13.2%     0.1%     0.0%     3.0%     0.1%
Jul 29 15:57:02    179.0    32958997      267    83.6%    269.9     0.2%    13.2%     0.1%     0.0%     3.0%     0.1%
Jul 29 15:58:02    178.8    35917535      267    83.6%    269.9     0.2%    13.2%     0.1%     0.0%     3.0%     0.1%
Jul 29 15:59:02    179.2    38977810      267    83.6%    269.9     0.2%    13.2%     0.1%     0.0%     3.0%     0.1%
Jul 29 16:00:03    179.1    41980523      267    83.6%    270.0     0.2%    13.2%     0.1%     0.0%     3.0%     0.1%
Jul 29 16:01:03    178.8    44889715      267    83.6%    270.0     0.2%    13.2%     0.1%     0.0%     3.1%     0.1%
Jul 29 16:02:03    179.4    48032963      267    83.6%    270.1     0.2%    13.2%     0.1%     0.0%     3.1%     0.1%
Jul 29 16:03:04    180.7    51443030      267    83.6%    270.0     0.2%    13.2%     0.1%     0.0%     3.1%     0.1%
Jul 29 16:04:04    182.0    54846326      267    83.6%    270.0     0.2%    13.2%     0.1%     0.0%     3.1%     0.1%
Jul 29 16:05:04    182.3    57966639      267    83.6%    270.0     0.2%    13.2%     0.1%     0.0%     3.1%     0.1%
Jul 29 16:06:05    182.3    61085026      267    83.6%    269.9     0.2%    13.2%     0.1%     0.0%     3.0%     0.1%
Jul 29 16:07:06    182.7    64308244      267    83.6%    269.8     0.2%    13.2%     0.1%     0.0%     3.0%     0.1%
Jul 29 16:08:06    183.5    67629653      267    83.6%    269.7     0.2%    13.2%     0.1%     0.0%     3.0%     0.1%
Jul 29 16:09:07    183.1    70610231      267    83.6%    269.7     0.2%    13.2%     0.1%     0.0%     3.0%     0.1%
Jul 29 16:10:07    183.1    73634262      267    83.6%    269.6     0.2%    13.2%     0.1%     0.0%     3.0%     0.1%
Jul 29 16:11:07    182.5    76448530      267    83.6%    269.7     0.2%    13.2%     0.1%     0.0%     3.0%     0.1%
Jul 29 16:12:07    181.9    79218121      267    83.6%    269.7     0.2%    13.2%     0.1%     0.0%     3.0%     0.1%
Jul 29 16:13:08    181.6    82187424      267    83.5%    269.6     0.2%    13.2%     0.1%     0.0%     3.0%     0.1%
Jul 29 16:14:08    181.7    85254984      267    83.5%    269.6     0.2%    13.2%     0.1%     0.0%     3.0%     0.1%
Jul 29 16:15:08    181.5    88183863      267    83.5%    269.6     0.2%    13.2%     0.1%     0.0%     3.0%     0.1%
Jul 29 16:16:09    181.4    91211325      267    83.5%    269.5     0.2%    13.2%     0.1%     0.0%     3.0%     0.1%
Jul 29 16:17:11    181.2    94243296      267    83.5%    269.5     0.2%    13.3%     0.1%     0.0%     3.0%     0.1%
Jul 29 16:22:12    160.0    96577448      267    83.5%    269.4     0.2%    13.3%     0.1%     0.0%     3.0%     0.1%
ALL DONE!
