                                 Started job on |	Jul 29 13:13:52
                             Started mapping on |	Jul 29 13:13:58
                                    Finished on |	Jul 29 13:47:42
       Mapping speed, Million of reads per hour |	158.50

                          Number of input reads |	89112119
                      Average input read length |	263
                                    UNIQUE READS:
                   Uniquely mapped reads number |	73583991
                        Uniquely mapped reads % |	82.57%
                          Average mapped length |	265.57
                       Number of splices: Total |	22406281
            Number of splices: Annotated (sjdb) |	21908864
                       Number of splices: GT/AG |	22215828
                       Number of splices: GC/AG |	172410
                       Number of splices: AT/AC |	18043
               Number of splices: Non-canonical |	0
                      Mismatch rate per base, % |	0.30%
                         Deletion rate per base |	0.01%
                        Deletion average length |	1.93
                        Insertion rate per base |	0.01%
                       Insertion average length |	1.63
                             MULTI-MAPPING READS:
        Number of reads mapped to multiple loci |	12508000
             % of reads mapped to multiple loci |	14.04%
        Number of reads mapped to too many loci |	82959
             % of reads mapped to too many loci |	0.09%
                                  UNMAPPED READS:
  Number of reads unmapped: too many mismatches |	0
       % of reads unmapped: too many mismatches |	0.00%
            Number of reads unmapped: too short |	2851156
                 % of reads unmapped: too short |	3.20%
                Number of reads unmapped: other |	86013
                     % of reads unmapped: other |	0.10%
                                  CHIMERIC READS:
                       Number of chimeric reads |	0
                            % of chimeric reads |	0.00%
