           Time    Speed        Read     Read   Mapped   Mapped   Mapped   Mapped Unmapped Unmapped Unmapped Unmapped
                    M/hr      number   length   unique   length   MMrate    multi   multi+       MM    short    other
Jul 29 15:17:58    113.5     1891340      263    82.0%    264.9     0.3%    15.2%     0.1%     0.0%     2.6%     0.1%
Jul 29 15:19:00    124.5     4218400      263    82.1%    265.2     0.3%    15.2%     0.1%     0.0%     2.5%     0.1%
Jul 29 15:20:00    155.9     7884104      263    82.2%    265.3     0.2%    15.2%     0.1%     0.0%     2.4%     0.1%
Jul 29 15:21:00    171.7    11539724      263    82.2%    265.3     0.2%    15.2%     0.1%     0.0%     2.4%     0.1%
Jul 29 15:22:00    175.1    14689169      263    82.2%    265.3     0.2%    15.2%     0.1%     0.0%     2.4%     0.1%
Jul 29 15:23:00    173.5    17448540      263    82.2%    265.2     0.2%    15.2%     0.1%     0.0%     2.5%     0.1%
Jul 29 15:24:01    176.1    20692855      263    82.2%    265.3     0.2%    15.2%     0.1%     0.0%     2.4%     0.1%
Jul 29 15:25:01    178.8    23995082      263    82.2%    265.2     0.2%    15.2%     0.1%     0.0%     2.4%     0.1%
Jul 29 15:26:01    180.6    27239467      263    82.2%    265.3     0.2%    15.2%     0.1%     0.0%     2.4%     0.1%
Jul 29 15:27:02    181.4    30437477      263    82.2%    265.3     0.2%    15.2%     0.1%     0.0%     2.4%     0.1%
Jul 29 15:28:02    182.1    33587825      263    82.2%    265.3     0.2%    15.2%     0.1%     0.0%     2.4%     0.1%
Jul 29 15:29:03    182.2    36691403      263    82.2%    265.3     0.2%    15.2%     0.1%     0.0%     2.4%     0.1%
Jul 29 15:30:06    178.4    39054983      263    82.1%    265.2     0.3%    15.2%     0.1%     0.0%     2.5%     0.1%
Jul 29 15:31:06    178.5    42053860      263    82.1%    265.2     0.3%    15.2%     0.1%     0.0%     2.5%     0.1%
Jul 29 15:32:06    178.5    45011611      263    82.1%    265.2     0.3%    15.2%     0.1%     0.0%     2.5%     0.1%
Jul 29 15:33:06    178.6    48012935      263    82.1%    265.2     0.3%    15.2%     0.1%     0.0%     2.5%     0.1%
Jul 29 15:34:06    178.5    50967606      263    82.1%    265.2     0.2%    15.2%     0.1%     0.0%     2.5%     0.1%
Jul 29 15:35:07    174.8    52888249      263    82.1%    265.1     0.3%    15.2%     0.1%     0.0%     2.6%     0.1%
Jul 29 15:36:08    174.9    55886011      263    82.1%    265.1     0.3%    15.2%     0.1%     0.0%     2.6%     0.1%
Jul 29 15:37:08    174.8    58742671      263    82.1%    265.1     0.3%    15.2%     0.1%     0.0%     2.6%     0.1%
Jul 29 15:38:08    173.8    61300730      263    82.1%    265.1     0.3%    15.2%     0.1%     0.0%     2.6%     0.1%
Jul 29 15:39:11    173.9    64394025      263    82.1%    265.2     0.3%    15.2%     0.1%     0.0%     2.6%     0.1%
Jul 29 15:40:11    174.3    67447420      263    82.1%    265.2     0.3%    15.2%     0.1%     0.0%     2.6%     0.1%
Jul 29 15:41:11    175.0    70640313      263    82.1%    265.2     0.3%    15.1%     0.1%     0.0%     2.6%     0.1%
Jul 29 15:42:13    175.1    73690463      263    82.1%    265.2     0.3%    15.1%     0.1%     0.0%     2.6%     0.1%
Jul 29 15:43:13    175.3    76687272      263    82.1%    265.2     0.3%    15.1%     0.1%     0.0%     2.6%     0.1%
Jul 29 15:44:13    176.4    80128062      263    82.1%    265.2     0.3%    15.1%     0.1%     0.0%     2.6%     0.1%
Jul 29 15:45:14    177.3    83530215      263    82.1%    265.2     0.3%    15.2%     0.1%     0.0%     2.6%     0.1%
Jul 29 15:46:14    178.7    87172420      263    82.1%    265.2     0.3%    15.2%     0.1%     0.0%     2.6%     0.1%
Jul 29 15:47:15    178.6    90130679      263    82.1%    265.2     0.3%    15.2%     0.1%     0.0%     2.6%     0.1%
Jul 29 15:48:15    178.5    93076112      263    82.1%    265.2     0.3%    15.2%     0.1%     0.0%     2.6%     0.1%
Jul 29 15:49:15    178.2    95879800      263    82.1%    265.2     0.3%    15.2%     0.1%     0.0%     2.6%     0.1%
Jul 29 15:50:15    177.4    98381151      263    82.1%    265.2     0.3%    15.1%     0.1%     0.0%     2.6%     0.1%
Jul 29 15:51:15    178.0   101701002      263    82.1%    265.2     0.3%    15.1%     0.1%     0.0%     2.6%     0.1%
Jul 29 15:52:15    178.2   104778595      263    82.1%    265.2     0.3%    15.1%     0.1%     0.0%     2.6%     0.1%
Jul 29 15:53:15    179.0   108241352      263    82.1%    265.3     0.3%    15.1%     0.1%     0.0%     2.6%     0.1%
Jul 29 15:54:16    179.0   111280888      263    82.1%    265.2     0.3%    15.1%     0.1%     0.0%     2.6%     0.1%
Jul 29 15:55:17    178.5   114019484      263    82.1%    265.2     0.3%    15.2%     0.1%     0.0%     2.6%     0.1%
Jul 29 15:56:17    178.0   116616874      263    82.1%    265.2     0.3%    15.2%     0.1%     0.0%     2.6%     0.1%
Jul 29 16:03:28    151.5   117409865      263    82.1%    265.2     0.3%    15.2%     0.1%     0.0%     2.6%     0.1%
ALL DONE!
