           Time    Speed        Read     Read   Mapped   Mapped   Mapped   Mapped Unmapped Unmapped Unmapped Unmapped
                    M/hr      number   length   unique   length   MMrate    multi   multi+       MM    short    other
Jul 29 15:26:23    157.1     2662544      254    68.9%    259.2     0.3%    28.4%     0.1%     0.0%     2.5%     0.1%
Jul 29 15:27:23    182.4     6132232      254    69.1%    259.5     0.3%    28.3%     0.1%     0.0%     2.4%     0.1%
Jul 29 15:28:23    178.8     8988356      254    69.2%    259.6     0.2%    28.2%     0.1%     0.0%     2.4%     0.1%
Jul 29 15:29:23    178.9    11978988      254    69.2%    259.6     0.3%    28.2%     0.1%     0.0%     2.5%     0.1%
Jul 29 15:30:23    183.9    15372415      254    69.2%    259.7     0.3%    28.1%     0.1%     0.0%     2.4%     0.1%
Jul 29 15:31:23    185.7    18616577      254    69.2%    259.7     0.2%    28.2%     0.1%     0.0%     2.4%     0.1%
Jul 29 15:32:24    187.4    21966207      254    69.1%    259.6     0.2%    28.2%     0.1%     0.0%     2.4%     0.1%
Jul 29 15:33:28    178.1    24041738      254    69.0%    259.4     0.3%    28.2%     0.1%     0.0%     2.6%     0.1%
Jul 29 15:34:28    181.2    27489079      254    69.0%    259.4     0.3%    28.2%     0.1%     0.0%     2.6%     0.1%
Jul 29 15:35:35    179.0    30480590      254    69.0%    259.4     0.3%    28.2%     0.1%     0.0%     2.6%     0.1%
Jul 29 15:36:38    176.3    33111861      254    68.9%    259.3     0.3%    28.2%     0.1%     0.0%     2.7%     0.1%
Jul 29 15:37:38    175.1    35799110      254    68.8%    259.3     0.3%    28.2%     0.1%     0.0%     2.7%     0.1%
Jul 29 15:38:38    177.0    39143752      254    68.9%    259.3     0.3%    28.2%     0.1%     0.0%     2.7%     0.1%
Jul 29 15:39:38    178.7    42489006      254    68.9%    259.4     0.3%    28.2%     0.1%     0.0%     2.7%     0.1%
Jul 29 15:40:38    177.0    45027076      254    68.9%    259.3     0.3%    28.2%     0.1%     0.0%     2.7%     0.1%
Jul 29 15:41:39    179.0    48583373      254    68.9%    259.3     0.3%    28.2%     0.1%     0.0%     2.7%     0.1%
Jul 29 15:42:40    181.4    52292909      254    68.9%    259.2     0.3%    28.3%     0.1%     0.0%     2.6%     0.1%
Jul 29 15:43:40    182.9    55791341      254    68.9%    259.2     0.3%    28.3%     0.1%     0.0%     2.6%     0.1%
Jul 29 15:44:40    181.8    58475392      254    68.8%    259.2     0.3%    28.3%     0.1%     0.0%     2.7%     0.1%
Jul 29 15:45:40    183.8    62179994      254    68.8%    259.2     0.3%    28.3%     0.1%     0.0%     2.7%     0.1%
Jul 29 15:46:50    183.9    65789492      254    68.8%    259.2     0.3%    28.3%     0.1%     0.0%     2.6%     0.1%
Jul 29 15:47:51    182.3    68328698      254    68.8%    259.1     0.3%    28.3%     0.1%     0.0%     2.7%     0.1%
Jul 29 15:53:18    150.8    70221939      254    68.7%    259.1     0.3%    28.3%     0.1%     0.0%     2.7%     0.1%
ALL DONE!
