                                 Started job on |	Jul 29 16:35:07
                             Started mapping on |	Jul 29 16:35:08
                                    Finished on |	Jul 29 16:53:43
       Mapping speed, Million of reads per hour |	212.11

                          Number of input reads |	65695367
                      Average input read length |	265
                                    UNIQUE READS:
                   Uniquely mapped reads number |	55597229
                        Uniquely mapped reads % |	84.63%
                          Average mapped length |	266.81
                       Number of splices: Total |	20900290
            Number of splices: Annotated (sjdb) |	20559347
                       Number of splices: GT/AG |	20729549
                       Number of splices: GC/AG |	151964
                       Number of splices: AT/AC |	18777
               Number of splices: Non-canonical |	0
                      Mismatch rate per base, % |	0.16%
                         Deletion rate per base |	0.01%
                        Deletion average length |	1.98
                        Insertion rate per base |	0.01%
                       Insertion average length |	1.69
                             MULTI-MAPPING READS:
        Number of reads mapped to multiple loci |	8117389
             % of reads mapped to multiple loci |	12.36%
        Number of reads mapped to too many loci |	50263
             % of reads mapped to too many loci |	0.08%
                                  UNMAPPED READS:
  Number of reads unmapped: too many mismatches |	0
       % of reads unmapped: too many mismatches |	0.00%
            Number of reads unmapped: too short |	1862749
                 % of reads unmapped: too short |	2.84%
                Number of reads unmapped: other |	67737
                     % of reads unmapped: other |	0.10%
                                  CHIMERIC READS:
                       Number of chimeric reads |	0
                            % of chimeric reads |	0.00%
