           Time    Speed        Read     Read   Mapped   Mapped   Mapped   Mapped Unmapped Unmapped Unmapped Unmapped
                    M/hr      number   length   unique   length   MMrate    multi   multi+       MM    short    other
Jul 29 15:03:24    159.8     2707856      255    78.2%    259.7     0.2%    19.1%     0.1%     0.0%     2.5%     0.1%
Jul 29 15:04:25    170.9     5793238      256    78.4%    261.0     0.2%    18.9%     0.1%     0.0%     2.5%     0.1%
Jul 29 15:05:25    175.9     8892798      256    78.4%    260.9     0.2%    18.9%     0.1%     0.0%     2.5%     0.1%
Jul 29 15:06:25    174.9    11759946      256    78.5%    261.2     0.2%    18.9%     0.1%     0.0%     2.5%     0.1%
Jul 29 15:07:25    178.0    14935348      256    78.4%    261.2     0.2%    18.9%     0.1%     0.0%     2.5%     0.1%
Jul 29 15:08:27    180.0    18195074      256    78.5%    261.4     0.2%    18.8%     0.1%     0.0%     2.5%     0.1%
Jul 29 15:09:27    180.9    21311279      256    78.5%    261.5     0.2%    18.8%     0.1%     0.0%     2.5%     0.1%
Jul 29 15:10:27    181.6    24415660      257    78.5%    261.7     0.2%    18.8%     0.1%     0.0%     2.5%     0.1%
Jul 29 15:11:29    181.3    27494765      256    78.5%    261.6     0.2%    18.8%     0.1%     0.0%     2.5%     0.1%
Jul 29 15:12:30    179.5    30259797      256    78.5%    261.6     0.2%    18.8%     0.1%     0.0%     2.5%     0.1%
Jul 29 15:13:30    179.1    33186537      256    78.4%    261.5     0.2%    18.9%     0.1%     0.0%     2.5%     0.1%
Jul 29 15:14:30    179.0    36148534      256    78.4%    261.5     0.2%    18.9%     0.1%     0.0%     2.5%     0.1%
Jul 29 15:15:30    179.0    39120675      256    78.4%    261.5     0.2%    18.9%     0.1%     0.0%     2.5%     0.1%
Jul 29 15:16:30    175.4    41274056      256    78.4%    261.6     0.2%    18.9%     0.1%     0.0%     2.5%     0.1%
Jul 29 15:17:30    172.0    43336089      256    78.4%    261.6     0.2%    18.9%     0.1%     0.0%     2.5%     0.1%
Jul 29 15:18:30    169.9    45642879      256    78.4%    261.6     0.2%    18.9%     0.1%     0.0%     2.5%     0.1%
Jul 29 15:19:30    170.3    48595126      257    78.4%    261.7     0.2%    18.9%     0.1%     0.0%     2.5%     0.1%
Jul 29 15:20:30    168.8    50971494      256    78.4%    261.6     0.2%    18.9%     0.1%     0.0%     2.5%     0.1%
Jul 29 15:21:30    172.3    54895608      256    78.4%    261.6     0.2%    18.9%     0.1%     0.0%     2.5%     0.1%
Jul 29 15:22:30    173.8    58285732      256    78.4%    261.5     0.2%    18.9%     0.1%     0.0%     2.5%     0.1%
Jul 29 15:23:30    174.8    61511690      256    78.4%    261.5     0.2%    18.9%     0.1%     0.0%     2.5%     0.1%
Jul 29 15:24:30    175.4    64655445      256    78.4%    261.4     0.2%    18.9%     0.1%     0.0%     2.5%     0.1%
Jul 29 15:25:30    176.1    67838222      256    78.4%    261.3     0.2%    18.9%     0.1%     0.0%     2.5%     0.1%
Jul 29 15:26:30    176.1    70783138      256    78.4%    261.2     0.2%    18.9%     0.1%     0.0%     2.5%     0.1%
Jul 29 15:27:30    176.7    73968597      256    78.4%    261.2     0.2%    18.9%     0.1%     0.0%     2.5%     0.1%
Jul 29 15:28:30    177.0    77043063      256    78.3%    261.2     0.2%    18.9%     0.1%     0.0%     2.5%     0.1%
Jul 29 15:29:30    177.1    80055112      256    78.3%    261.2     0.2%    18.9%     0.1%     0.0%     2.5%     0.1%
Jul 29 15:30:30    177.1    82986410      256    78.3%    261.2     0.2%    18.9%     0.1%     0.0%     2.5%     0.1%
Jul 29 15:31:30    177.2    86006084      256    78.3%    261.2     0.2%    18.9%     0.1%     0.0%     2.5%     0.1%
Jul 29 15:32:31    177.4    89098553      256    78.3%    261.1     0.2%    19.0%     0.1%     0.0%     2.5%     0.1%
Jul 29 15:33:31    177.6    92180242      256    78.3%    261.1     0.2%    19.0%     0.1%     0.0%     2.5%     0.1%
Jul 29 15:34:31    177.8    95227613      256    78.3%    261.0     0.2%    19.0%     0.1%     0.0%     2.5%     0.1%
Jul 29 15:35:31    177.9    98265508      256    78.3%    260.9     0.2%    19.0%     0.1%     0.0%     2.5%     0.1%
Jul 29 15:43:45    143.2    98747873      256    78.3%    260.9     0.2%    19.0%     0.1%     0.0%     2.5%     0.1%
ALL DONE!
