                                 Started job on |	Jul 29 15:16:03
                             Started mapping on |	Jul 29 15:16:04
                                    Finished on |	Jul 29 15:53:45
       Mapping speed, Million of reads per hour |	155.48

                          Number of input reads |	97650514
                      Average input read length |	262
                                    UNIQUE READS:
                   Uniquely mapped reads number |	73436239
                        Uniquely mapped reads % |	75.20%
                          Average mapped length |	266.34
                       Number of splices: Total |	30478569
            Number of splices: Annotated (sjdb) |	29966697
                       Number of splices: GT/AG |	30215044
                       Number of splices: GC/AG |	234583
                       Number of splices: AT/AC |	28942
               Number of splices: Non-canonical |	0
                      Mismatch rate per base, % |	0.17%
                         Deletion rate per base |	0.01%
                        Deletion average length |	1.95
                        Insertion rate per base |	0.01%
                       Insertion average length |	1.65
                             MULTI-MAPPING READS:
        Number of reads mapped to multiple loci |	21747744
             % of reads mapped to multiple loci |	22.27%
        Number of reads mapped to too many loci |	84091
             % of reads mapped to too many loci |	0.09%
                                  UNMAPPED READS:
  Number of reads unmapped: too many mismatches |	0
       % of reads unmapped: too many mismatches |	0.00%
            Number of reads unmapped: too short |	2291020
                 % of reads unmapped: too short |	2.35%
                Number of reads unmapped: other |	91420
                     % of reads unmapped: other |	0.09%
                                  CHIMERIC READS:
                       Number of chimeric reads |	0
                            % of chimeric reads |	0.00%
