                                 Started job on |	Jul 29 14:38:20
                             Started mapping on |	Jul 29 14:38:20
                                    Finished on |	Jul 29 15:07:40
       Mapping speed, Million of reads per hour |	159.50

                          Number of input reads |	77977945
                      Average input read length |	261
                                    UNIQUE READS:
                   Uniquely mapped reads number |	58353685
                        Uniquely mapped reads % |	74.83%
                          Average mapped length |	266.48
                       Number of splices: Total |	23712648
            Number of splices: Annotated (sjdb) |	23316406
                       Number of splices: GT/AG |	23507036
                       Number of splices: GC/AG |	183930
                       Number of splices: AT/AC |	21682
               Number of splices: Non-canonical |	0
                      Mismatch rate per base, % |	0.16%
                         Deletion rate per base |	0.01%
                        Deletion average length |	1.99
                        Insertion rate per base |	0.01%
                       Insertion average length |	1.67
                             MULTI-MAPPING READS:
        Number of reads mapped to multiple loci |	17147404
             % of reads mapped to multiple loci |	21.99%
        Number of reads mapped to too many loci |	72464
             % of reads mapped to too many loci |	0.09%
                                  UNMAPPED READS:
  Number of reads unmapped: too many mismatches |	0
       % of reads unmapped: too many mismatches |	0.00%
            Number of reads unmapped: too short |	2312740
                 % of reads unmapped: too short |	2.97%
                Number of reads unmapped: other |	91652
                     % of reads unmapped: other |	0.12%
                                  CHIMERIC READS:
                       Number of chimeric reads |	0
                            % of chimeric reads |	0.00%
