                                 Started job on |	Jul 29 13:13:52
                             Started mapping on |	Jul 29 13:13:58
                                    Finished on |	Jul 29 13:48:50
       Mapping speed, Million of reads per hour |	149.74

                          Number of input reads |	87013640
                      Average input read length |	263
                                    UNIQUE READS:
                   Uniquely mapped reads number |	73162012
                        Uniquely mapped reads % |	84.08%
                          Average mapped length |	264.41
                       Number of splices: Total |	26571612
            Number of splices: Annotated (sjdb) |	26086412
                       Number of splices: GT/AG |	26344130
                       Number of splices: GC/AG |	204449
                       Number of splices: AT/AC |	23033
               Number of splices: Non-canonical |	0
                      Mismatch rate per base, % |	0.34%
                         Deletion rate per base |	0.01%
                        Deletion average length |	1.94
                        Insertion rate per base |	0.01%
                       Insertion average length |	1.65
                             MULTI-MAPPING READS:
        Number of reads mapped to multiple loci |	10171636
             % of reads mapped to multiple loci |	11.69%
        Number of reads mapped to too many loci |	87392
             % of reads mapped to too many loci |	0.10%
                                  UNMAPPED READS:
  Number of reads unmapped: too many mismatches |	0
       % of reads unmapped: too many mismatches |	0.00%
            Number of reads unmapped: too short |	3501164
                 % of reads unmapped: too short |	4.02%
                Number of reads unmapped: other |	91436
                     % of reads unmapped: other |	0.11%
                                  CHIMERIC READS:
                       Number of chimeric reads |	0
                            % of chimeric reads |	0.00%
