                                 Started job on |	Jul 29 14:09:46
                             Started mapping on |	Jul 29 14:09:47
                                    Finished on |	Jul 29 14:40:54
       Mapping speed, Million of reads per hour |	163.37

                          Number of input reads |	84725564
                      Average input read length |	260
                                    UNIQUE READS:
                   Uniquely mapped reads number |	70822735
                        Uniquely mapped reads % |	83.59%
                          Average mapped length |	263.61
                       Number of splices: Total |	25284189
            Number of splices: Annotated (sjdb) |	24801985
                       Number of splices: GT/AG |	25057034
                       Number of splices: GC/AG |	203073
                       Number of splices: AT/AC |	24082
               Number of splices: Non-canonical |	0
                      Mismatch rate per base, % |	0.17%
                         Deletion rate per base |	0.01%
                        Deletion average length |	2.01
                        Insertion rate per base |	0.01%
                       Insertion average length |	1.69
                             MULTI-MAPPING READS:
        Number of reads mapped to multiple loci |	11777749
             % of reads mapped to multiple loci |	13.90%
        Number of reads mapped to too many loci |	90685
             % of reads mapped to too many loci |	0.11%
                                  UNMAPPED READS:
  Number of reads unmapped: too many mismatches |	0
       % of reads unmapped: too many mismatches |	0.00%
            Number of reads unmapped: too short |	1943978
                 % of reads unmapped: too short |	2.29%
                Number of reads unmapped: other |	90417
                     % of reads unmapped: other |	0.11%
                                  CHIMERIC READS:
                       Number of chimeric reads |	0
                            % of chimeric reads |	0.00%
