           Time    Speed        Read     Read   Mapped   Mapped   Mapped   Mapped Unmapped Unmapped Unmapped Unmapped
                    M/hr      number   length   unique   length   MMrate    multi   multi+       MM    short    other
Jul 29 14:10:50    117.5     2055862      260    79.1%    262.4     0.3%    16.6%     0.1%     0.0%     4.1%     0.1%
Jul 29 14:11:54    143.1     5049838      261    79.2%    262.8     0.3%    16.5%     0.1%     0.0%     4.0%     0.1%
Jul 29 14:12:54    153.8     7990460      261    79.3%    263.0     0.3%    16.5%     0.1%     0.0%     3.9%     0.1%
Jul 29 14:13:55    155.1    10684858      261    79.3%    262.9     0.3%    16.6%     0.1%     0.0%     3.9%     0.1%
Jul 29 14:14:56    156.9    13464321      261    79.3%    262.9     0.3%    16.6%     0.1%     0.0%     3.9%     0.1%
Jul 29 14:15:56    158.4    16238653      261    79.3%    262.9     0.2%    16.5%     0.1%     0.0%     3.9%     0.1%
Jul 29 14:16:56    159.6    19013942      261    79.3%    263.0     0.2%    16.5%     0.1%     0.0%     3.9%     0.1%
Jul 29 14:17:57    159.0    21648447      261    79.3%    262.8     0.3%    16.5%     0.1%     0.0%     3.9%     0.1%
Jul 29 14:18:57    158.3    24177866      261    79.3%    262.8     0.3%    16.5%     0.1%     0.0%     3.9%     0.1%
Jul 29 14:19:57    159.1    26952110      261    79.3%    262.9     0.3%    16.5%     0.1%     0.0%     3.9%     0.1%
Jul 29 14:20:57    159.5    29679456      261    79.3%    262.9     0.3%    16.5%     0.1%     0.0%     3.9%     0.1%
Jul 29 14:21:57    160.8    32610260      261    79.3%    262.8     0.3%    16.5%     0.1%     0.0%     3.9%     0.1%
Jul 29 14:22:58    161.5    35484614      261    79.3%    262.9     0.3%    16.5%     0.1%     0.0%     3.9%     0.1%
Jul 29 14:23:59    161.6    38256485      261    79.3%    262.9     0.3%    16.5%     0.1%     0.0%     3.9%     0.1%
Jul 29 14:24:59    162.2    41084515      261    79.3%    262.9     0.3%    16.5%     0.1%     0.0%     3.9%     0.1%
Jul 29 14:26:00    161.7    43715138      261    79.3%    262.9     0.3%    16.5%     0.1%     0.0%     3.9%     0.1%
Jul 29 14:27:01    161.7    46441578      261    79.3%    262.9     0.3%    16.5%     0.1%     0.0%     3.9%     0.1%
Jul 29 14:28:01    161.6    49121643      261    79.3%    262.9     0.3%    16.6%     0.1%     0.0%     3.9%     0.1%
Jul 29 14:29:02    160.2    51407296      261    79.2%    262.8     0.3%    16.6%     0.1%     0.0%     3.9%     0.1%
Jul 29 14:30:06    158.3    53587081      261    79.2%    262.8     0.3%    16.6%     0.1%     0.0%     4.0%     0.1%
Jul 29 14:31:06    158.8    56410244      261    79.2%    262.8     0.3%    16.6%     0.1%     0.0%     4.0%     0.1%
Jul 29 14:32:06    159.1    59190286      261    79.2%    262.8     0.3%    16.6%     0.1%     0.0%     4.0%     0.1%
Jul 29 14:33:06    159.2    61872090      261    79.2%    262.7     0.3%    16.6%     0.1%     0.0%     4.0%     0.1%
Jul 29 14:34:06    159.6    64697329      261    79.2%    262.8     0.3%    16.6%     0.1%     0.0%     4.0%     0.1%
Jul 29 14:35:06    160.1    67571813      261    79.2%    262.8     0.3%    16.6%     0.1%     0.0%     4.0%     0.1%
Jul 29 14:36:06    159.8    70105940      261    79.2%    262.7     0.3%    16.6%     0.1%     0.0%     4.0%     0.1%
Jul 29 14:37:06    157.8    71839508      261    79.1%    262.7     0.3%    16.6%     0.1%     0.0%     4.0%     0.1%
Jul 29 14:38:06    158.5    74810438      261    79.1%    262.7     0.3%    16.6%     0.1%     0.0%     4.1%     0.1%
Jul 29 14:39:07    159.0    77733818      261    79.1%    262.7     0.3%    16.6%     0.1%     0.0%     4.0%     0.1%
Jul 29 14:40:09    158.5    80217181      261    79.1%    262.7     0.3%    16.6%     0.1%     0.0%     4.1%     0.1%
Jul 29 14:41:09    158.2    82695162      261    79.1%    262.7     0.3%    16.6%     0.1%     0.0%     4.1%     0.1%
Jul 29 14:42:10    158.5    85565292      261    79.1%    262.7     0.3%    16.5%     0.1%     0.0%     4.1%     0.1%
Jul 29 14:43:10    158.9    88388784      261    79.1%    262.7     0.3%    16.5%     0.1%     0.0%     4.1%     0.1%
Jul 29 14:44:10    159.1    91168973      261    79.1%    262.7     0.3%    16.5%     0.1%     0.0%     4.1%     0.1%
Jul 29 14:45:12    159.2    93991013      261    79.2%    262.7     0.3%    16.5%     0.1%     0.0%     4.0%     0.1%
Jul 29 14:46:12    160.2    97207211      261    79.2%    262.8     0.3%    16.5%     0.1%     0.0%     4.0%     0.1%
Jul 29 14:47:12    160.1    99836431      261    79.2%    262.8     0.3%    16.5%     0.1%     0.0%     4.0%     0.1%
Jul 29 14:48:12    159.9   102393240      261    79.1%    262.8     0.3%    16.5%     0.1%     0.0%     4.1%     0.1%
Jul 29 14:49:12    159.6   104851103      261    79.1%    262.8     0.3%    16.5%     0.1%     0.0%     4.1%     0.1%
Jul 29 14:50:12    160.5   108097812      261    79.2%    262.8     0.3%    16.5%     0.1%     0.0%     4.1%     0.1%
Jul 29 14:51:14    160.7   111012357      261    79.2%    262.8     0.3%    16.5%     0.1%     0.0%     4.0%     0.1%
Jul 29 14:52:14    161.2   114018702      261    79.2%    262.8     0.3%    16.5%     0.1%     0.0%     4.0%     0.1%
Jul 29 14:53:14    161.4   116873693      261    79.2%    262.8     0.3%    16.5%     0.1%     0.0%     4.0%     0.1%
Jul 29 14:54:15    161.6   119786499      261    79.2%    262.8     0.3%    16.6%     0.1%     0.0%     4.0%     0.1%
Jul 29 14:55:15    161.8   122595712      261    79.2%    262.8     0.3%    16.6%     0.1%     0.0%     4.0%     0.1%
Jul 29 14:56:16    161.9   125396697      261    79.2%    262.8     0.3%    16.5%     0.1%     0.0%     4.0%     0.1%
Jul 29 14:57:16    161.8   128049537      261    79.2%    262.8     0.3%    16.5%     0.1%     0.0%     4.0%     0.1%
Jul 29 14:58:16    161.2   130266325      261    79.2%    262.8     0.3%    16.5%     0.1%     0.0%     4.0%     0.1%
Jul 29 14:59:16    160.3   132230076      261    79.1%    262.8     0.3%    16.5%     0.1%     0.0%     4.1%     0.1%
Jul 29 15:00:16    160.2   134831991      261    79.1%    262.8     0.3%    16.5%     0.1%     0.0%     4.1%     0.1%
Jul 29 15:01:16    160.2   137434262      261    79.1%    262.8     0.3%    16.5%     0.1%     0.0%     4.1%     0.1%
Jul 29 15:02:16    160.4   140292225      261    79.1%    262.8     0.3%    16.5%     0.1%     0.0%     4.1%     0.1%
Jul 29 15:03:17    160.6   143190378      261    79.1%    262.8     0.3%    16.5%     0.1%     0.0%     4.1%     0.1%
Jul 29 15:04:17    160.7   145990789      261    79.1%    262.8     0.3%    16.5%     0.1%     0.0%     4.1%     0.1%
Jul 29 15:05:17    160.9   148852765      261    79.1%    262.8     0.3%    16.5%     0.1%     0.0%     4.1%     0.1%
Jul 29 15:06:21    160.1   150924417      261    79.1%    262.8     0.3%    16.5%     0.1%     0.0%     4.1%     0.1%
Jul 29 15:07:22    159.6   153138726      261    79.1%    262.8     0.3%    16.5%     0.1%     0.0%     4.1%     0.1%
Jul 29 15:08:22    159.7   155897988      261    79.1%    262.8     0.3%    16.5%     0.1%     0.0%     4.1%     0.1%
Jul 29 15:09:23    159.6   158569119      261    79.1%    262.8     0.3%    16.6%     0.1%     0.0%     4.1%     0.1%
Jul 29 15:21:10    133.8   159215544      261    79.1%    262.8     0.3%    16.6%     0.1%     0.0%     4.1%     0.1%
ALL DONE!
