           Time    Speed        Read     Read   Mapped   Mapped   Mapped   Mapped Unmapped Unmapped Unmapped Unmapped
                    M/hr      number   length   unique   length   MMrate    multi   multi+       MM    short    other
Jul 29 14:39:23    147.7     2462288      272    83.6%    273.7     0.3%    13.5%     0.1%     0.0%     2.8%     0.1%
Jul 29 14:40:23    174.8     5825511      272    83.8%    274.2     0.3%    13.4%     0.1%     0.0%     2.6%     0.1%
Jul 29 14:41:24    185.8     9340556      272    83.8%    274.0     0.2%    13.4%     0.1%     0.0%     2.6%     0.1%
Jul 29 14:42:24    183.1    12258699      272    83.8%    274.1     0.2%    13.4%     0.1%     0.0%     2.6%     0.1%
Jul 29 14:43:24    178.7    14940136      272    83.8%    274.0     0.3%    13.4%     0.1%     0.0%     2.7%     0.1%
Jul 29 14:44:24    185.7    18618252      272    83.8%    274.0     0.2%    13.4%     0.1%     0.0%     2.6%     0.1%
Jul 29 14:45:24    187.0    21872888      272    83.8%    274.0     0.2%    13.4%     0.1%     0.0%     2.6%     0.1%
Jul 29 14:46:24    188.0    25118410      272    83.8%    274.1     0.2%    13.4%     0.1%     0.0%     2.6%     0.1%
Jul 29 14:47:24    187.8    28228536      272    83.8%    274.0     0.2%    13.4%     0.1%     0.0%     2.6%     0.1%
Jul 29 14:48:24    188.9    31528086      272    83.8%    274.0     0.2%    13.4%     0.1%     0.0%     2.6%     0.1%
Jul 29 14:49:25    185.8    34158840      272    83.7%    273.9     0.3%    13.4%     0.1%     0.0%     2.7%     0.1%
Jul 29 14:50:25    185.1    37120647      272    83.7%    273.9     0.3%    13.4%     0.1%     0.0%     2.7%     0.1%
Jul 29 14:51:25    184.3    40041245      272    83.7%    273.9     0.3%    13.4%     0.1%     0.0%     2.7%     0.1%
Jul 29 14:52:25    184.3    43098122      272    83.7%    273.9     0.3%    13.4%     0.1%     0.0%     2.7%     0.1%
Jul 29 14:53:25    181.4    45444188      272    83.7%    273.9     0.3%    13.4%     0.1%     0.0%     2.7%     0.1%
Jul 29 14:54:26    179.7    48069890      272    83.6%    273.9     0.3%    13.4%     0.1%     0.0%     2.8%     0.1%
Jul 29 14:55:26    179.4    50986749      272    83.6%    273.9     0.3%    13.4%     0.1%     0.0%     2.8%     0.1%
Jul 29 14:56:28    177.9    53614754      272    83.6%    273.8     0.3%    13.4%     0.1%     0.0%     2.8%     0.1%
Jul 29 14:57:29    177.9    56622266      272    83.6%    273.9     0.3%    13.4%     0.1%     0.0%     2.8%     0.1%
Jul 29 14:58:29    178.4    59777100      272    83.6%    273.9     0.3%    13.4%     0.1%     0.0%     2.8%     0.1%
Jul 29 14:59:29    178.8    62878253      272    83.7%    273.9     0.3%    13.4%     0.1%     0.0%     2.8%     0.1%
Jul 29 15:00:29    176.8    65124511      272    83.6%    273.9     0.3%    13.4%     0.1%     0.0%     2.8%     0.1%
Jul 29 15:01:29    176.8    68081921      272    83.6%    273.9     0.3%    13.4%     0.1%     0.0%     2.8%     0.1%
Jul 29 15:02:29    178.1    71526802      272    83.6%    273.9     0.3%    13.4%     0.1%     0.0%     2.8%     0.1%
Jul 29 15:03:31    178.1    74584099      272    83.7%    273.9     0.3%    13.4%     0.1%     0.0%     2.8%     0.1%
Jul 29 15:04:32    177.8    77503845      272    83.7%    273.9     0.3%    13.4%     0.1%     0.0%     2.8%     0.1%
Jul 29 15:05:32    177.7    80415538      272    83.7%    273.9     0.3%    13.4%     0.1%     0.0%     2.8%     0.1%
Jul 29 15:06:32    177.1    83090481      272    83.7%    273.9     0.3%    13.4%     0.1%     0.0%     2.8%     0.1%
Jul 29 15:07:33    175.3    85235858      272    83.6%    273.9     0.3%    13.4%     0.1%     0.0%     2.8%     0.1%
Jul 29 15:08:33    175.3    88144131      272    83.6%    274.0     0.3%    13.4%     0.1%     0.0%     2.8%     0.1%
Jul 29 15:09:33    175.3    91057043      272    83.6%    274.0     0.3%    13.4%     0.1%     0.0%     2.8%     0.1%
Jul 29 15:10:33    175.5    94061198      272    83.6%    274.0     0.3%    13.4%     0.1%     0.0%     2.8%     0.1%
Jul 29 15:11:33    174.7    96552279      272    83.6%    274.0     0.3%    13.4%     0.1%     0.0%     2.8%     0.1%
Jul 29 15:12:33    174.6    99419622      272    83.6%    273.9     0.3%    13.4%     0.1%     0.0%     2.8%     0.1%
Jul 29 15:20:20    145.6   101771012      272    83.6%    273.9     0.3%    13.4%     0.1%     0.0%     2.8%     0.1%
ALL DONE!
