           Time    Speed        Read     Read   Mapped   Mapped   Mapped   Mapped Unmapped Unmapped Unmapped Unmapped
                    M/hr      number   length   unique   length   MMrate    multi   multi+       MM    short    other
Jul 29 14:10:47    162.1     2702230      261    80.6%    263.9     0.2%    16.4%     0.2%     0.0%     2.8%     0.1%
Jul 29 14:11:52    175.6     6097094      261    80.6%    263.9     0.2%    16.4%     0.2%     0.0%     2.7%     0.1%
Jul 29 14:12:52    184.7     9491522      261    80.6%    263.9     0.2%    16.4%     0.2%     0.0%     2.7%     0.1%
Jul 29 14:13:53    186.8    12765981      261    80.6%    263.9     0.2%    16.4%     0.2%     0.0%     2.7%     0.1%
Jul 29 14:14:53    188.7    16040317      261    80.6%    263.8     0.2%    16.4%     0.2%     0.0%     2.7%     0.1%
Jul 29 14:15:53    189.9    19310274      261    80.6%    263.9     0.2%    16.4%     0.2%     0.0%     2.7%     0.1%
Jul 29 14:16:54    190.0    22534581      261    80.6%    263.8     0.2%    16.4%     0.2%     0.0%     2.7%     0.1%
Jul 29 14:17:55    187.1    25359930      261    80.5%    263.8     0.2%    16.4%     0.2%     0.0%     2.8%     0.1%
Jul 29 14:18:55    188.8    28734493      261    80.5%    263.8     0.2%    16.4%     0.2%     0.0%     2.8%     0.1%
Jul 29 14:19:55    187.8    31710456      261    80.5%    263.7     0.2%    16.4%     0.2%     0.0%     2.8%     0.1%
Jul 29 14:20:55    185.8    34483543      261    80.5%    263.7     0.3%    16.4%     0.2%     0.0%     2.9%     0.1%
Jul 29 14:21:55    184.7    37360378      261    80.4%    263.7     0.3%    16.4%     0.2%     0.0%     2.9%     0.1%
Jul 29 14:22:55    184.9    40478923      261    80.5%    263.8     0.3%    16.4%     0.2%     0.0%     2.9%     0.1%
Jul 29 14:23:55    184.9    43549980      261    80.5%    263.8     0.3%    16.4%     0.2%     0.0%     2.9%     0.1%
Jul 29 14:24:55    183.5    46274479      261    80.5%    263.8     0.3%    16.4%     0.2%     0.0%     2.9%     0.1%
Jul 29 14:25:55    183.7    49392034      261    80.5%    263.8     0.3%    16.4%     0.2%     0.0%     2.9%     0.1%
Jul 29 14:26:55    183.9    52518593      261    80.5%    263.8     0.3%    16.4%     0.2%     0.0%     2.9%     0.1%
Jul 29 14:27:55    184.1    55644535      261    80.5%    263.8     0.3%    16.4%     0.2%     0.0%     2.8%     0.1%
Jul 29 14:28:55    184.4    58812126      261    80.5%    263.8     0.3%    16.4%     0.2%     0.0%     2.8%     0.1%
Jul 29 14:29:55    182.2    61135795      261    80.5%    263.8     0.3%    16.4%     0.2%     0.0%     2.9%     0.1%
Jul 29 14:30:55    182.6    64303021      261    80.5%    263.8     0.3%    16.3%     0.2%     0.0%     2.9%     0.1%
Jul 29 14:31:55    182.6    67370659      261    80.5%    263.9     0.3%    16.3%     0.2%     0.0%     2.9%     0.1%
Jul 29 14:32:56    181.2    69902269      261    80.5%    263.8     0.3%    16.4%     0.2%     0.0%     2.9%     0.1%
Jul 29 14:37:49    155.0    72417672      261    80.5%    263.8     0.3%    16.4%     0.2%     0.0%     2.9%     0.1%
ALL DONE!
