                                 Started job on |	Jul 29 15:08:17
                             Started mapping on |	Jul 29 15:08:17
                                    Finished on |	Jul 29 15:29:50
       Mapping speed, Million of reads per hour |	150.90

                          Number of input reads |	54199671
                      Average input read length |	257
                                    UNIQUE READS:
                   Uniquely mapped reads number |	43969287
                        Uniquely mapped reads % |	81.12%
                          Average mapped length |	259.71
                       Number of splices: Total |	16694002
            Number of splices: Annotated (sjdb) |	16368415
                       Number of splices: GT/AG |	16553287
                       Number of splices: GC/AG |	128350
                       Number of splices: AT/AC |	12365
               Number of splices: Non-canonical |	0
                      Mismatch rate per base, % |	0.32%
                         Deletion rate per base |	0.01%
                        Deletion average length |	1.96
                        Insertion rate per base |	0.01%
                       Insertion average length |	1.63
                             MULTI-MAPPING READS:
        Number of reads mapped to multiple loci |	8472308
             % of reads mapped to multiple loci |	15.63%
        Number of reads mapped to too many loci |	74771
             % of reads mapped to too many loci |	0.14%
                                  UNMAPPED READS:
  Number of reads unmapped: too many mismatches |	0
       % of reads unmapped: too many mismatches |	0.00%
            Number of reads unmapped: too short |	1618418
                 % of reads unmapped: too short |	2.99%
                Number of reads unmapped: other |	64887
                     % of reads unmapped: other |	0.12%
                                  CHIMERIC READS:
                       Number of chimeric reads |	0
                            % of chimeric reads |	0.00%
