                                 Started job on |	Jul 29 14:09:46
                             Started mapping on |	Jul 29 14:09:47
                                    Finished on |	Jul 29 14:34:03
       Mapping speed, Million of reads per hour |	141.84

                          Number of input reads |	57368395
                      Average input read length |	260
                                    UNIQUE READS:
                   Uniquely mapped reads number |	44876092
                        Uniquely mapped reads % |	78.22%
                          Average mapped length |	264.08
                       Number of splices: Total |	16727863
            Number of splices: Annotated (sjdb) |	16386720
                       Number of splices: GT/AG |	16595059
                       Number of splices: GC/AG |	117903
                       Number of splices: AT/AC |	14901
               Number of splices: Non-canonical |	0
                      Mismatch rate per base, % |	0.27%
                         Deletion rate per base |	0.01%
                        Deletion average length |	1.98
                        Insertion rate per base |	0.01%
                       Insertion average length |	1.67
                             MULTI-MAPPING READS:
        Number of reads mapped to multiple loci |	10363562
             % of reads mapped to multiple loci |	18.06%
        Number of reads mapped to too many loci |	117892
             % of reads mapped to too many loci |	0.21%
                                  UNMAPPED READS:
  Number of reads unmapped: too many mismatches |	0
       % of reads unmapped: too many mismatches |	0.00%
            Number of reads unmapped: too short |	1900332
                 % of reads unmapped: too short |	3.31%
                Number of reads unmapped: other |	110517
                     % of reads unmapped: other |	0.19%
                                  CHIMERIC READS:
                       Number of chimeric reads |	0
                            % of chimeric reads |	0.00%
