           Time    Speed        Read     Read   Mapped   Mapped   Mapped   Mapped Unmapped Unmapped Unmapped Unmapped
                    M/hr      number   length   unique   length   MMrate    multi   multi+       MM    short    other
Jul 29 14:45:45    153.8     2563620      259    78.9%    262.6     0.3%    17.8%     0.1%     0.0%     3.1%     0.1%
Jul 29 14:46:45    177.6     5919837      260    79.0%    262.8     0.2%    17.8%     0.1%     0.0%     3.0%     0.1%
Jul 29 14:47:45    186.5     9326156      260    79.0%    262.9     0.2%    17.8%     0.1%     0.0%     3.0%     0.1%
Jul 29 14:48:45    181.8    12120860      260    79.0%    262.8     0.2%    17.8%     0.1%     0.0%     3.0%     0.1%
Jul 29 14:49:45    186.0    15503299      260    79.0%    262.8     0.2%    17.8%     0.1%     0.0%     3.0%     0.1%
Jul 29 14:50:47    189.8    19089685      260    79.0%    262.8     0.2%    17.8%     0.1%     0.0%     3.0%     0.1%
Jul 29 14:51:47    190.0    22271420      260    79.0%    262.8     0.2%    17.8%     0.1%     0.0%     3.0%     0.1%
Jul 29 14:52:47    190.9    25556670      260    79.0%    262.8     0.2%    17.8%     0.1%     0.0%     3.0%     0.1%
Jul 29 14:53:47    187.0    28149523      260    79.0%    262.7     0.2%    17.8%     0.1%     0.0%     3.0%     0.1%
Jul 29 14:54:47    185.6    31033278      260    78.9%    262.7     0.3%    17.8%     0.1%     0.0%     3.0%     0.1%
Jul 29 14:55:47    183.1    33675010      260    78.9%    262.7     0.3%    17.8%     0.1%     0.0%     3.1%     0.1%
Jul 29 14:56:47    182.3    36560031      260    78.9%    262.7     0.3%    17.8%     0.1%     0.0%     3.1%     0.1%
Jul 29 14:57:47    179.5    39002092      259    78.9%    262.6     0.3%    17.8%     0.1%     0.0%     3.1%     0.1%
Jul 29 14:58:47    179.3    41933801      260    78.9%    262.7     0.3%    17.8%     0.1%     0.0%     3.1%     0.1%
Jul 29 14:59:48    177.7    44573862      260    78.8%    262.6     0.3%    17.8%     0.1%     0.0%     3.1%     0.1%
Jul 29 15:00:49    178.9    47901280      260    78.9%    262.7     0.3%    17.8%     0.1%     0.0%     3.1%     0.1%
Jul 29 15:01:49    180.3    51284978      260    78.9%    262.7     0.3%    17.8%     0.1%     0.0%     3.1%     0.1%
Jul 29 15:02:50    180.6    54417211      260    78.9%    262.7     0.3%    17.8%     0.1%     0.0%     3.1%     0.1%
Jul 29 15:03:52    178.6    56901751      260    78.9%    262.7     0.3%    17.8%     0.1%     0.0%     3.1%     0.1%
Jul 29 15:04:53    178.6    59937157      260    78.9%    262.7     0.3%    17.8%     0.1%     0.0%     3.1%     0.1%
Jul 29 15:05:53    179.5    63225774      260    78.9%    262.7     0.3%    17.8%     0.1%     0.0%     3.1%     0.1%
Jul 29 15:06:54    179.1    66117013      260    78.9%    262.7     0.3%    17.8%     0.1%     0.0%     3.1%     0.1%
Jul 29 15:07:54    178.8    68998573      260    78.9%    262.7     0.3%    17.8%     0.1%     0.0%     3.1%     0.1%
Jul 29 15:08:54    177.6    71483791      260    78.9%    262.7     0.3%    17.8%     0.1%     0.0%     3.1%     0.1%
Jul 29 15:09:54    176.6    74012882      260    78.9%    262.7     0.3%    17.8%     0.1%     0.0%     3.1%     0.1%
Jul 29 15:10:54    177.1    77194437      260    78.9%    262.7     0.3%    17.8%     0.1%     0.0%     3.1%     0.1%
Jul 29 15:11:56    177.6    80470579      260    78.9%    262.8     0.3%    17.8%     0.1%     0.0%     3.1%     0.1%
Jul 29 15:12:58    177.1    83262993      260    78.8%    262.7     0.3%    17.8%     0.1%     0.0%     3.2%     0.1%
Jul 29 15:13:58    178.5    86932581      260    78.8%    262.7     0.3%    17.8%     0.1%     0.0%     3.1%     0.1%
Jul 29 15:20:09    147.7    87133604      260    78.8%    262.7     0.3%    17.8%     0.1%     0.0%     3.1%     0.1%
ALL DONE!
