           Time    Speed        Read     Read   Mapped   Mapped   Mapped   Mapped Unmapped Unmapped Unmapped Unmapped
                    M/hr      number   length   unique   length   MMrate    multi   multi+       MM    short    other
Jul 30 00:18:01    219.0     3650232      261    78.0%    263.8     0.3%    17.8%     0.1%     0.0%     3.9%     0.1%
Jul 30 00:19:01    239.7     7988429      261    78.1%    264.0     0.3%    17.9%     0.1%     0.0%     3.9%     0.1%
Jul 30 00:20:01    242.3    12115219      261    78.1%    264.0     0.2%    17.9%     0.1%     0.0%     3.8%     0.1%
Jul 30 00:21:03    242.2    16279196      261    78.1%    263.9     0.2%    17.9%     0.1%     0.0%     3.9%     0.1%
Jul 30 00:22:03    244.8    20540053      261    78.1%    263.9     0.3%    17.8%     0.1%     0.0%     3.9%     0.1%
Jul 30 00:23:03    247.7    24904547      261    78.1%    263.9     0.2%    17.9%     0.1%     0.0%     3.9%     0.1%
Jul 30 00:24:03    248.8    29161345      261    78.1%    264.0     0.2%    17.9%     0.1%     0.0%     3.9%     0.1%
Jul 30 00:25:03    251.9    33721890      261    78.1%    264.0     0.2%    17.9%     0.1%     0.0%     3.9%     0.1%
Jul 30 00:26:03    255.6    38481211      261    78.0%    264.0     0.2%    17.9%     0.1%     0.0%     3.9%     0.1%
Jul 30 00:27:03    254.4    42544857      261    78.0%    263.9     0.3%    17.9%     0.1%     0.0%     3.9%     0.1%
Jul 30 00:28:03    257.0    47256005      261    78.0%    263.9     0.3%    17.9%     0.1%     0.0%     3.9%     0.1%
Jul 30 00:29:03    260.1    52160747      261    78.0%    263.9     0.3%    17.9%     0.1%     0.0%     3.9%     0.1%
Jul 30 00:30:03    257.9    56028792      261    77.9%    263.8     0.3%    17.9%     0.1%     0.0%     4.0%     0.1%
Jul 30 00:31:03    259.7    60731592      261    77.9%    263.8     0.3%    17.9%     0.1%     0.0%     4.0%     0.1%
Jul 30 00:32:03    258.6    64795611      261    77.9%    263.8     0.3%    17.9%     0.1%     0.0%     4.0%     0.1%
Jul 30 00:33:03    260.4    69596886      261    77.9%    263.8     0.3%    17.9%     0.1%     0.0%     4.0%     0.1%
Jul 30 00:34:04    262.2    74496863      261    77.9%    263.9     0.3%    17.9%     0.1%     0.0%     4.0%     0.1%
Jul 30 00:35:04    261.6    78705486      261    77.9%    263.9     0.3%    17.9%     0.1%     0.0%     4.0%     0.1%
Jul 30 00:36:06    262.1    83353624      261    77.9%    263.9     0.3%    17.9%     0.1%     0.0%     4.0%     0.1%
Jul 30 00:37:06    264.0    88364299      261    77.9%    263.9     0.3%    17.9%     0.1%     0.0%     4.0%     0.1%
Jul 30 00:38:07    265.4    93323802      261    77.9%    263.9     0.3%    17.9%     0.1%     0.0%     4.0%     0.1%
Jul 30 00:39:07    266.1    98024640      261    77.9%    263.9     0.3%    17.9%     0.1%     0.0%     4.0%     0.1%
Jul 30 00:40:07    265.1   102063564      261    77.9%    263.9     0.3%    17.9%     0.1%     0.0%     4.0%     0.1%
Jul 30 00:41:08    264.8   106429659      261    77.9%    263.9     0.3%    17.9%     0.1%     0.0%     4.0%     0.1%
Jul 30 00:42:08    265.8   111248094      261    77.9%    263.9     0.3%    17.9%     0.1%     0.0%     4.0%     0.1%
Jul 30 00:43:08    264.3   115032079      261    77.9%    263.9     0.3%    17.9%     0.1%     0.0%     4.0%     0.1%
Jul 30 00:44:08    262.8   118776702      261    77.9%    263.9     0.3%    17.9%     0.1%     0.0%     4.0%     0.1%
Jul 30 00:45:08    263.5   123462425      261    77.9%    263.9     0.3%    17.9%     0.1%     0.0%     4.0%     0.1%
Jul 30 00:48:25    236.6   123835577      261    77.9%    263.9     0.3%    17.9%     0.1%     0.0%     4.0%     0.1%
ALL DONE!
