           Time    Speed        Read     Read   Mapped   Mapped   Mapped   Mapped Unmapped Unmapped Unmapped Unmapped
                    M/hr      number   length   unique   length   MMrate    multi   multi+       MM    short    other
Jul 29 19:12:10    151.0     2558299      260    80.1%    264.5     0.2%    17.4%     0.1%     0.0%     2.4%     0.1%
Jul 29 19:13:10    176.6     5937143      261    80.2%    265.7     0.2%    17.2%     0.1%     0.0%     2.4%     0.1%
Jul 29 19:14:12    177.6     9029960      261    80.1%    265.6     0.2%    17.3%     0.1%     0.0%     2.4%     0.1%
Jul 29 19:15:13    177.7    12044013      261    80.2%    265.9     0.2%    17.2%     0.1%     0.0%     2.4%     0.1%
Jul 29 19:16:13    178.9    15110724      261    80.2%    266.0     0.2%    17.2%     0.1%     0.0%     2.4%     0.1%
Jul 29 19:17:13    180.7    18267647      262    80.2%    266.1     0.2%    17.2%     0.1%     0.0%     2.4%     0.1%
Jul 29 19:18:13    181.5    21377461      262    80.2%    266.2     0.2%    17.2%     0.1%     0.0%     2.4%     0.1%
Jul 29 19:19:15    181.0    24431397      262    80.2%    266.3     0.2%    17.2%     0.1%     0.0%     2.4%     0.1%
Jul 29 19:20:16    181.9    27634448      262    80.2%    266.4     0.2%    17.2%     0.1%     0.0%     2.4%     0.1%
Jul 29 19:21:17    182.4    30805270      262    80.2%    266.3     0.2%    17.2%     0.1%     0.0%     2.4%     0.1%
Jul 29 19:22:17    182.8    33918550      262    80.2%    266.3     0.2%    17.2%     0.1%     0.0%     2.4%     0.1%
Jul 29 19:23:17    183.4    37084920      262    80.2%    266.2     0.2%    17.2%     0.1%     0.0%     2.4%     0.1%
Jul 29 19:24:17    183.2    40094554      262    80.2%    266.3     0.2%    17.2%     0.1%     0.0%     2.4%     0.1%
Jul 29 19:25:17    183.2    43162003      262    80.1%    266.2     0.2%    17.2%     0.1%     0.0%     2.4%     0.1%
Jul 29 19:26:17    183.2    46214744      262    80.1%    266.3     0.2%    17.2%     0.1%     0.0%     2.4%     0.1%
Jul 29 19:27:17    183.3    49276695      262    80.1%    266.3     0.2%    17.2%     0.1%     0.0%     2.5%     0.1%
Jul 29 19:28:17    183.2    52322780      262    80.2%    266.4     0.2%    17.2%     0.1%     0.0%     2.5%     0.1%
Jul 29 19:29:17    183.3    55390151      262    80.1%    266.4     0.2%    17.2%     0.1%     0.0%     2.5%     0.1%
Jul 29 19:30:17    183.2    58406724      262    80.1%    266.4     0.2%    17.2%     0.1%     0.0%     2.5%     0.1%
Jul 29 19:31:18    182.9    61426242      262    80.1%    266.3     0.2%    17.2%     0.1%     0.0%     2.5%     0.1%
Jul 29 19:32:19    183.3    64651340      262    80.1%    266.3     0.2%    17.2%     0.1%     0.0%     2.5%     0.1%
Jul 29 19:33:19    183.4    67768954      262    80.1%    266.3     0.2%    17.2%     0.1%     0.0%     2.5%     0.1%
Jul 29 19:34:20    183.3    70806302      262    80.1%    266.2     0.2%    17.2%     0.1%     0.0%     2.5%     0.1%
Jul 29 19:35:20    183.4    73927967      262    80.1%    266.1     0.2%    17.3%     0.1%     0.0%     2.4%     0.1%
Jul 29 19:36:21    183.6    77118266      262    80.1%    266.0     0.2%    17.3%     0.1%     0.0%     2.4%     0.1%
Jul 29 19:37:21    183.7    80194798      262    80.1%    266.0     0.2%    17.3%     0.1%     0.0%     2.4%     0.1%
Jul 29 19:38:21    183.6    83221687      261    80.1%    265.9     0.2%    17.3%     0.1%     0.0%     2.4%     0.1%
Jul 29 19:39:21    183.7    86328580      262    80.1%    266.0     0.2%    17.3%     0.1%     0.0%     2.4%     0.1%
Jul 29 19:40:22    183.9    89546539      262    80.1%    266.0     0.2%    17.3%     0.1%     0.0%     2.5%     0.1%
Jul 29 19:41:23    184.6    93009506      262    80.1%    265.9     0.2%    17.3%     0.1%     0.0%     2.5%     0.1%
Jul 29 19:42:24    185.5    96632976      261    80.1%    265.9     0.2%    17.3%     0.1%     0.0%     2.5%     0.1%
Jul 29 19:43:24    186.8   100392296      261    80.1%    265.9     0.2%    17.3%     0.1%     0.0%     2.4%     0.1%
Jul 29 19:44:24    188.2   104300610      261    80.1%    265.8     0.2%    17.3%     0.1%     0.0%     2.4%     0.1%
Jul 29 19:48:51    172.8   108550962      261    80.1%    265.7     0.2%    17.3%     0.1%     0.0%     2.4%     0.1%
ALL DONE!
