           Time    Speed        Read     Read   Mapped   Mapped   Mapped   Mapped Unmapped Unmapped Unmapped Unmapped
                    M/hr      number   length   unique   length   MMrate    multi   multi+       MM    short    other
Jul 29 19:12:09    148.9     2482287      263    83.0%    265.9     0.3%    13.7%     0.1%     0.0%     3.0%     0.1%
Jul 29 19:13:10    156.1     5248235      264    83.2%    266.4     0.2%    13.7%     0.1%     0.0%     2.9%     0.1%
Jul 29 19:14:11    162.6     8221092      263    83.2%    266.2     0.2%    13.7%     0.1%     0.0%     2.9%     0.1%
Jul 29 19:15:11    165.5    11128515      263    83.2%    266.3     0.2%    13.7%     0.1%     0.0%     2.9%     0.1%
Jul 29 19:16:12    162.6    13687964      263    83.2%    266.1     0.2%    13.7%     0.1%     0.0%     2.9%     0.1%
Jul 29 19:17:12    164.5    16585954      263    83.2%    266.2     0.2%    13.7%     0.1%     0.0%     2.9%     0.1%
Jul 29 19:18:12    165.8    19487046      263    83.2%    266.2     0.2%    13.7%     0.1%     0.0%     2.9%     0.1%
Jul 29 19:19:12    166.8    22384990      263    83.2%    266.2     0.2%    13.7%     0.1%     0.0%     2.9%     0.1%
Jul 29 19:20:14    167.3    25330360      263    83.2%    266.2     0.2%    13.7%     0.1%     0.0%     2.9%     0.1%
Jul 29 19:21:14    168.3    28279712      263    83.2%    266.2     0.2%    13.7%     0.1%     0.0%     2.9%     0.1%
Jul 29 19:22:14    168.8    31184042      263    83.2%    266.2     0.2%    13.7%     0.1%     0.0%     2.9%     0.1%
Jul 29 19:23:14    166.3    33492459      263    83.1%    266.1     0.3%    13.7%     0.1%     0.0%     3.0%     0.1%
Jul 29 19:24:14    166.4    36291910      263    83.1%    266.1     0.3%    13.7%     0.1%     0.0%     3.0%     0.1%
Jul 29 19:25:15    166.2    39048687      263    83.1%    266.1     0.3%    13.7%     0.1%     0.0%     3.0%     0.1%
Jul 29 19:26:15    166.3    41846888      263    83.1%    266.1     0.3%    13.7%     0.1%     0.0%     3.0%     0.1%
Jul 29 19:27:18    164.4    44258895      263    83.1%    266.1     0.3%    13.7%     0.1%     0.0%     3.0%     0.1%
Jul 29 19:28:19    163.6    46810525      263    83.0%    266.1     0.3%    13.7%     0.1%     0.0%     3.0%     0.1%
Jul 29 19:29:19    163.9    49613159      263    83.0%    266.0     0.3%    13.7%     0.1%     0.0%     3.0%     0.1%
Jul 29 19:30:21    162.9    52117625      263    83.0%    266.1     0.3%    13.7%     0.1%     0.0%     3.1%     0.1%
Jul 29 19:31:21    163.4    55011935      263    83.0%    266.1     0.3%    13.7%     0.1%     0.0%     3.1%     0.1%
Jul 29 19:32:23    163.6    57911015      263    83.1%    266.1     0.3%    13.7%     0.1%     0.0%     3.0%     0.1%
Jul 29 19:33:25    164.0    60852128      263    83.1%    266.1     0.3%    13.7%     0.1%     0.0%     3.0%     0.1%
Jul 29 19:34:25    163.0    63211116      263    83.0%    266.1     0.3%    13.7%     0.1%     0.0%     3.1%     0.1%
Jul 29 19:35:25    162.8    65859167      263    83.0%    266.1     0.3%    13.7%     0.1%     0.0%     3.1%     0.1%
Jul 29 19:36:26    163.3    68811183      263    83.1%    266.1     0.3%    13.7%     0.1%     0.0%     3.0%     0.1%
Jul 29 19:37:27    163.7    71761185      263    83.1%    266.1     0.3%    13.7%     0.1%     0.0%     3.0%     0.1%
Jul 29 19:38:27    164.2    74713567      263    83.1%    266.1     0.3%    13.7%     0.1%     0.0%     3.0%     0.1%
Jul 29 19:39:27    164.4    77560951      263    83.1%    266.1     0.3%    13.7%     0.1%     0.0%     3.0%     0.1%
Jul 29 19:40:28    164.8    80505312      263    83.1%    266.1     0.3%    13.7%     0.1%     0.0%     3.0%     0.1%
Jul 29 19:41:28    164.1    82905814      263    83.0%    266.1     0.3%    13.7%     0.1%     0.0%     3.1%     0.1%
Jul 29 19:42:28    164.9    86042776      263    83.0%    266.2     0.3%    13.7%     0.1%     0.0%     3.1%     0.1%
Jul 29 19:43:28    166.1    89476194      264    83.1%    266.2     0.3%    13.7%     0.1%     0.0%     3.1%     0.1%
Jul 29 19:44:28    167.7    93114908      263    83.1%    266.2     0.3%    13.7%     0.1%     0.0%     3.1%     0.1%
Jul 29 19:45:28    168.1    96162670      263    83.0%    266.1     0.3%    13.7%     0.1%     0.0%     3.1%     0.1%
Jul 29 19:49:46    153.7    98924922      263    83.0%    266.1     0.3%    13.7%     0.1%     0.0%     3.1%     0.1%
ALL DONE!
