                                 Started job on |	Jul 29 16:13:39
                             Started mapping on |	Jul 29 16:13:39
                                    Finished on |	Jul 29 16:43:38
       Mapping speed, Million of reads per hour |	148.55

                          Number of input reads |	74232553
                      Average input read length |	258
                                    UNIQUE READS:
                   Uniquely mapped reads number |	59981384
                        Uniquely mapped reads % |	80.80%
                          Average mapped length |	260.76
                       Number of splices: Total |	24141640
            Number of splices: Annotated (sjdb) |	23708419
                       Number of splices: GT/AG |	23939645
                       Number of splices: GC/AG |	179990
                       Number of splices: AT/AC |	22005
               Number of splices: Non-canonical |	0
                      Mismatch rate per base, % |	0.28%
                         Deletion rate per base |	0.01%
                        Deletion average length |	1.96
                        Insertion rate per base |	0.01%
                       Insertion average length |	1.67
                             MULTI-MAPPING READS:
        Number of reads mapped to multiple loci |	11690414
             % of reads mapped to multiple loci |	15.75%
        Number of reads mapped to too many loci |	86410
             % of reads mapped to too many loci |	0.12%
                                  UNMAPPED READS:
  Number of reads unmapped: too many mismatches |	0
       % of reads unmapped: too many mismatches |	0.00%
            Number of reads unmapped: too short |	2388987
                 % of reads unmapped: too short |	3.22%
                Number of reads unmapped: other |	85358
                     % of reads unmapped: other |	0.11%
                                  CHIMERIC READS:
                       Number of chimeric reads |	0
                            % of chimeric reads |	0.00%
