           Time    Speed        Read     Read   Mapped   Mapped   Mapped   Mapped Unmapped Unmapped Unmapped Unmapped
                    M/hr      number   length   unique   length   MMrate    multi   multi+       MM    short    other
Jul 29 16:33:26    152.4     2540025      262    80.9%    264.6     0.2%    16.2%     0.1%     0.0%     2.7%     0.1%
Jul 29 16:34:26    169.5     5649708      263    81.0%    265.7     0.2%    16.1%     0.1%     0.0%     2.7%     0.1%
Jul 29 16:35:27    178.0     8950562      264    81.1%    266.2     0.2%    16.0%     0.1%     0.0%     2.7%     0.1%
Jul 29 16:36:27    179.3    12006258      264    81.0%    266.0     0.2%    16.1%     0.1%     0.0%     2.7%     0.1%
Jul 29 16:37:27    179.9    15038354      264    81.0%    266.3     0.2%    16.0%     0.1%     0.0%     2.7%     0.1%
Jul 29 16:38:28    182.2    18320232      264    81.1%    266.4     0.2%    16.0%     0.1%     0.0%     2.7%     0.1%
Jul 29 16:39:28    183.5    21508825      264    81.0%    266.4     0.2%    16.0%     0.1%     0.0%     2.7%     0.1%
Jul 29 16:40:29    184.7    24782363      264    81.1%    266.6     0.2%    16.0%     0.1%     0.0%     2.7%     0.1%
Jul 29 16:41:30    186.1    28114387      264    81.0%    266.6     0.2%    16.0%     0.1%     0.0%     2.7%     0.1%
Jul 29 16:42:30    187.1    31385476      264    81.1%    266.7     0.2%    16.0%     0.1%     0.0%     2.7%     0.1%
Jul 29 16:43:30    188.2    34703729      264    81.1%    266.9     0.2%    16.0%     0.1%     0.0%     2.7%     0.1%
Jul 29 16:44:30    189.4    38097347      264    81.1%    266.7     0.2%    16.0%     0.1%     0.0%     2.7%     0.1%
Jul 29 16:45:30    190.9    41573696      264    81.1%    266.7     0.2%    16.0%     0.1%     0.0%     2.7%     0.1%
Jul 29 16:46:30    192.4    45111885      264    81.0%    266.7     0.2%    16.0%     0.1%     0.0%     2.7%     0.1%
Jul 29 16:47:32    193.7    48736215      264    81.0%    266.7     0.2%    16.0%     0.1%     0.0%     2.7%     0.1%
Jul 29 16:48:32    195.5    52459692      264    81.0%    266.7     0.2%    16.0%     0.1%     0.0%     2.7%     0.1%
Jul 29 16:49:32    198.5    56574503      264    81.0%    266.7     0.2%    16.0%     0.1%     0.0%     2.8%     0.1%
Jul 29 16:50:32    201.3    60727862      264    81.0%    266.7     0.2%    16.0%     0.1%     0.0%     2.8%     0.1%
Jul 29 16:51:33    203.7    64885340      264    81.0%    266.8     0.2%    16.0%     0.1%     0.0%     2.8%     0.1%
Jul 29 16:52:33    205.7    68980646      264    81.0%    266.9     0.2%    16.0%     0.1%     0.0%     2.8%     0.1%
Jul 29 16:53:34    207.6    73111616      264    81.0%    266.8     0.2%    16.0%     0.1%     0.0%     2.8%     0.1%
Jul 29 16:54:34    210.1    77519143      264    81.0%    266.8     0.2%    16.0%     0.1%     0.0%     2.8%     0.1%
Jul 29 16:55:34    212.6    81952969      264    81.0%    266.7     0.2%    16.0%     0.1%     0.0%     2.8%     0.1%
Jul 29 16:56:34    214.5    86268863      264    81.0%    266.7     0.2%    16.0%     0.1%     0.0%     2.8%     0.1%
Jul 29 16:57:34    216.2    90562673      264    81.0%    266.6     0.2%    16.0%     0.1%     0.0%     2.8%     0.1%
Jul 29 16:58:34    217.9    94888656      264    81.0%    266.6     0.2%    16.1%     0.1%     0.0%     2.8%     0.1%
Jul 29 16:59:34    221.0    99924273      264    81.0%    266.4     0.2%    16.1%     0.1%     0.0%     2.7%     0.1%
Jul 29 17:00:34    224.1   105058091      264    81.0%    266.4     0.2%    16.1%     0.1%     0.0%     2.7%     0.1%
Jul 29 17:01:34    226.5   109980391      264    81.0%    266.4     0.2%    16.1%     0.1%     0.0%     2.8%     0.1%
Jul 29 17:02:34    228.8   114897535      264    81.0%    266.4     0.2%    16.1%     0.1%     0.0%     2.8%     0.1%
Jul 29 17:03:34    230.9   119823428      264    81.0%    266.4     0.2%    16.1%     0.1%     0.0%     2.8%     0.1%
Jul 29 17:04:34    232.7   124615854      264    81.0%    266.3     0.2%    16.1%     0.1%     0.0%     2.8%     0.1%
Jul 29 17:05:34    234.2   129308494      264    81.0%    266.3     0.2%    16.1%     0.1%     0.0%     2.8%     0.1%
Jul 29 17:06:35    235.7   134165937      264    81.0%    266.2     0.2%    16.1%     0.1%     0.0%     2.8%     0.1%
Jul 29 17:07:35    237.4   139062290      264    80.9%    266.2     0.2%    16.1%     0.1%     0.0%     2.7%     0.1%
Jul 29 17:11:15    216.7   140202759      264    80.9%    266.2     0.2%    16.1%     0.1%     0.0%     2.7%     0.1%
ALL DONE!
