           Time    Speed        Read     Read   Mapped   Mapped   Mapped   Mapped Unmapped Unmapped Unmapped Unmapped
                    M/hr      number   length   unique   length   MMrate    multi   multi+       MM    short    other
Jul 29 16:23:59    123.9     2064510      259    75.9%    263.9     0.3%    20.7%     0.2%     0.0%     3.2%     0.1%
Jul 29 16:25:01    149.8     5075179      259    75.9%    264.0     0.2%    20.7%     0.2%     0.0%     3.1%     0.1%
Jul 29 16:26:01    155.9     7883278      259    75.9%    264.1     0.2%    20.7%     0.2%     0.0%     3.1%     0.1%
Jul 29 16:27:01    156.1    10490134      259    75.9%    263.9     0.2%    20.7%     0.2%     0.0%     3.2%     0.1%
Jul 29 16:28:04    156.2    13231454      259    75.9%    264.0     0.2%    20.7%     0.2%     0.0%     3.1%     0.1%
Jul 29 16:29:04    159.5    16168751      259    75.9%    264.0     0.2%    20.7%     0.2%     0.0%     3.1%     0.1%
Jul 29 16:30:04    158.5    18711925      259    75.9%    264.0     0.2%    20.7%     0.2%     0.0%     3.1%     0.1%
Jul 29 16:31:04    157.8    21256742      259    75.9%    263.9     0.2%    20.7%     0.2%     0.0%     3.1%     0.1%
Jul 29 16:32:04    157.8    23895812      259    75.9%    263.9     0.2%    20.7%     0.2%     0.0%     3.2%     0.1%
Jul 29 16:33:04    158.8    26690009      259    75.8%    263.9     0.2%    20.7%     0.2%     0.0%     3.2%     0.1%
Jul 29 16:34:05    159.6    29531648      259    75.8%    263.9     0.2%    20.7%     0.2%     0.0%     3.2%     0.1%
Jul 29 16:35:07    161.3    32617300      259    75.8%    263.9     0.3%    20.6%     0.2%     0.0%     3.3%     0.1%
Jul 29 16:36:07    160.6    35159485      259    75.8%    263.8     0.3%    20.6%     0.2%     0.0%     3.3%     0.1%
Jul 29 16:37:07    160.9    37897345      259    75.8%    263.9     0.3%    20.6%     0.2%     0.0%     3.3%     0.1%
Jul 29 16:38:08    161.5    40782381      259    75.8%    263.9     0.3%    20.6%     0.2%     0.0%     3.3%     0.1%
Jul 29 16:39:08    161.3    43421300      259    75.8%    263.9     0.3%    20.6%     0.2%     0.0%     3.3%     0.1%
Jul 29 16:40:09    162.6    46510605      259    75.8%    263.9     0.3%    20.6%     0.2%     0.0%     3.3%     0.1%
Jul 29 16:41:09    164.6    49852076      259    75.8%    263.9     0.3%    20.6%     0.2%     0.0%     3.3%     0.1%
Jul 29 16:42:10    165.3    52842209      259    75.8%    263.9     0.3%    20.6%     0.2%     0.0%     3.3%     0.1%
Jul 29 16:43:12    164.7    55478338      259    75.8%    263.9     0.3%    20.6%     0.2%     0.0%     3.3%     0.1%
Jul 29 16:44:13    165.8    58660305      259    75.8%    263.9     0.3%    20.6%     0.2%     0.0%     3.3%     0.1%
Jul 29 16:45:14    168.5    62491219      259    75.8%    264.0     0.3%    20.6%     0.2%     0.0%     3.3%     0.1%
Jul 29 16:46:15    169.9    65883915      259    75.8%    263.9     0.3%    20.6%     0.2%     0.0%     3.3%     0.1%
Jul 29 16:48:44    156.2    67034112      259    75.8%    263.9     0.3%    20.6%     0.2%     0.0%     3.3%     0.1%
ALL DONE!
