                                 Started job on |	Jul 29 19:11:09
                             Started mapping on |	Jul 29 19:11:09
                                    Finished on |	Jul 29 19:49:04
       Mapping speed, Million of reads per hour |	157.97

                          Number of input reads |	99827756
                      Average input read length |	266
                                    UNIQUE READS:
                   Uniquely mapped reads number |	74794485
                        Uniquely mapped reads % |	74.92%
                          Average mapped length |	269.72
                       Number of splices: Total |	33997793
            Number of splices: Annotated (sjdb) |	33533026
                       Number of splices: GT/AG |	33727235
                       Number of splices: GC/AG |	238713
                       Number of splices: AT/AC |	31845
               Number of splices: Non-canonical |	0
                      Mismatch rate per base, % |	0.26%
                         Deletion rate per base |	0.01%
                        Deletion average length |	1.91
                        Insertion rate per base |	0.01%
                       Insertion average length |	1.65
                             MULTI-MAPPING READS:
        Number of reads mapped to multiple loci |	22058519
             % of reads mapped to multiple loci |	22.10%
        Number of reads mapped to too many loci |	86818
             % of reads mapped to too many loci |	0.09%
                                  UNMAPPED READS:
  Number of reads unmapped: too many mismatches |	0
       % of reads unmapped: too many mismatches |	0.00%
            Number of reads unmapped: too short |	2799836
                 % of reads unmapped: too short |	2.80%
                Number of reads unmapped: other |	88098
                     % of reads unmapped: other |	0.09%
                                  CHIMERIC READS:
                       Number of chimeric reads |	0
                            % of chimeric reads |	0.00%
