           Time    Speed        Read     Read   Mapped   Mapped   Mapped   Mapped Unmapped Unmapped Unmapped Unmapped
                    M/hr      number   length   unique   length   MMrate    multi   multi+       MM    short    other
Jul 29 14:10:48    149.3     2529432      264    86.3%    264.8     0.3%    10.6%     0.1%     0.0%     2.9%     0.1%
Jul 29 14:11:49    172.4     5841476      264    86.4%    265.0     0.3%    10.6%     0.1%     0.0%     2.8%     0.1%
Jul 29 14:12:49    176.2     8906697      264    86.4%    265.0     0.3%    10.6%     0.1%     0.0%     2.7%     0.1%
Jul 29 14:13:52    173.6    11814835      263    86.4%    264.9     0.3%    10.6%     0.1%     0.0%     2.8%     0.1%
Jul 29 14:14:52    177.7    15054014      264    86.4%    265.0     0.3%    10.6%     0.1%     0.0%     2.8%     0.1%
Jul 29 14:15:53    178.1    18103323      263    86.4%    264.9     0.3%    10.6%     0.1%     0.0%     2.8%     0.1%
Jul 29 14:16:54    179.1    21241573      264    86.4%    265.0     0.3%    10.6%     0.1%     0.0%     2.7%     0.1%
Jul 29 14:17:54    179.6    24289181      264    86.4%    265.0     0.3%    10.6%     0.1%     0.0%     2.8%     0.1%
Jul 29 14:18:55    178.6    27190534      264    86.4%    264.9     0.3%    10.6%     0.1%     0.0%     2.8%     0.1%
Jul 29 14:19:55    176.4    29790297      264    86.3%    264.9     0.3%    10.6%     0.1%     0.0%     2.9%     0.1%
Jul 29 14:20:55    176.2    32691937      264    86.3%    264.8     0.3%    10.6%     0.1%     0.0%     2.9%     0.1%
Jul 29 14:21:56    176.7    35784584      264    86.3%    264.9     0.3%    10.6%     0.1%     0.0%     2.9%     0.1%
Jul 29 14:22:57    173.6    38096064      264    86.3%    264.8     0.3%    10.6%     0.1%     0.0%     2.9%     0.1%
Jul 29 14:23:57    173.2    40891236      264    86.2%    264.8     0.3%    10.6%     0.1%     0.0%     2.9%     0.1%
Jul 29 14:24:57    171.3    43300384      264    86.2%    264.8     0.3%    10.6%     0.1%     0.0%     3.0%     0.1%
Jul 29 14:25:57    171.6    46241046      264    86.2%    264.8     0.3%    10.6%     0.1%     0.0%     3.0%     0.1%
Jul 29 14:26:58    171.9    49237505      264    86.3%    264.8     0.3%    10.6%     0.1%     0.0%     2.9%     0.1%
Jul 29 14:27:58    172.3    52226570      264    86.3%    264.9     0.3%    10.6%     0.1%     0.0%     2.9%     0.1%
Jul 29 14:29:00    170.3    54534455      264    86.2%    264.8     0.3%    10.6%     0.1%     0.0%     3.0%     0.1%
Jul 29 14:30:01    170.4    57476145      264    86.3%    264.9     0.3%    10.6%     0.1%     0.0%     2.9%     0.1%
Jul 29 14:31:01    170.9    60479116      264    86.3%    264.9     0.3%    10.6%     0.1%     0.0%     2.9%     0.1%
Jul 29 14:32:01    172.0    63724652      264    86.3%    264.9     0.3%    10.6%     0.1%     0.0%     2.9%     0.1%
Jul 29 14:33:01    171.8    66523744      264    86.3%    264.9     0.3%    10.6%     0.1%     0.0%     2.9%     0.1%
Jul 29 14:34:03    171.5    69367075      264    86.3%    264.9     0.3%    10.6%     0.1%     0.0%     2.9%     0.1%
Jul 29 14:35:04    170.7    71911269      264    86.2%    264.9     0.3%    10.6%     0.1%     0.0%     3.0%     0.1%
Jul 29 14:36:05    171.0    74952005      264    86.2%    264.9     0.3%    10.6%     0.1%     0.0%     3.0%     0.1%
Jul 29 14:37:05    172.2    78331737      264    86.3%    264.9     0.3%    10.6%     0.1%     0.0%     2.9%     0.1%
Jul 29 14:38:05    172.1    81186032      264    86.2%    264.9     0.3%    10.6%     0.1%     0.0%     3.0%     0.1%
Jul 29 14:39:06    172.9    84484212      264    86.2%    264.8     0.3%    10.6%     0.1%     0.0%     3.0%     0.1%
Jul 29 14:44:09    148.3    84952821      264    86.2%    264.8     0.3%    10.6%     0.1%     0.0%     3.0%     0.1%
ALL DONE!
