                                 Started job on |	Jul 29 15:44:33
                             Started mapping on |	Jul 29 15:44:34
                                    Finished on |	Jul 29 16:18:30
       Mapping speed, Million of reads per hour |	148.30

                          Number of input reads |	83874704
                      Average input read length |	262
                                    UNIQUE READS:
                   Uniquely mapped reads number |	70759882
                        Uniquely mapped reads % |	84.36%
                          Average mapped length |	264.36
                       Number of splices: Total |	28613991
            Number of splices: Annotated (sjdb) |	28106057
                       Number of splices: GT/AG |	28375180
                       Number of splices: GC/AG |	211300
                       Number of splices: AT/AC |	27511
               Number of splices: Non-canonical |	0
                      Mismatch rate per base, % |	0.29%
                         Deletion rate per base |	0.01%
                        Deletion average length |	1.91
                        Insertion rate per base |	0.01%
                       Insertion average length |	1.68
                             MULTI-MAPPING READS:
        Number of reads mapped to multiple loci |	10261063
             % of reads mapped to multiple loci |	12.23%
        Number of reads mapped to too many loci |	68375
             % of reads mapped to too many loci |	0.08%
                                  UNMAPPED READS:
  Number of reads unmapped: too many mismatches |	0
       % of reads unmapped: too many mismatches |	0.00%
            Number of reads unmapped: too short |	2712880
                 % of reads unmapped: too short |	3.23%
                Number of reads unmapped: other |	72504
                     % of reads unmapped: other |	0.09%
                                  CHIMERIC READS:
                       Number of chimeric reads |	0
                            % of chimeric reads |	0.00%
