                                 Started job on |	Jul 29 15:30:13
                             Started mapping on |	Jul 29 15:30:14
                                    Finished on |	Jul 29 16:07:28
       Mapping speed, Million of reads per hour |	142.67

                          Number of input reads |	88533280
                      Average input read length |	268
                                    UNIQUE READS:
                   Uniquely mapped reads number |	71938078
                        Uniquely mapped reads % |	81.26%
                          Average mapped length |	269.86
                       Number of splices: Total |	30351590
            Number of splices: Annotated (sjdb) |	29901386
                       Number of splices: GT/AG |	30114880
                       Number of splices: GC/AG |	210559
                       Number of splices: AT/AC |	26151
               Number of splices: Non-canonical |	0
                      Mismatch rate per base, % |	0.32%
                         Deletion rate per base |	0.01%
                        Deletion average length |	1.86
                        Insertion rate per base |	0.01%
                       Insertion average length |	1.57
                             MULTI-MAPPING READS:
        Number of reads mapped to multiple loci |	12154461
             % of reads mapped to multiple loci |	13.73%
        Number of reads mapped to too many loci |	96112
             % of reads mapped to too many loci |	0.11%
                                  UNMAPPED READS:
  Number of reads unmapped: too many mismatches |	0
       % of reads unmapped: too many mismatches |	0.00%
            Number of reads unmapped: too short |	4223284
                 % of reads unmapped: too short |	4.77%
                Number of reads unmapped: other |	121345
                     % of reads unmapped: other |	0.14%
                                  CHIMERIC READS:
                       Number of chimeric reads |	0
                            % of chimeric reads |	0.00%
