                                 Started job on |	Jul 29 16:22:59
                             Started mapping on |	Jul 29 16:22:59
                                    Finished on |	Jul 29 16:48:44
       Mapping speed, Million of reads per hour |	156.20

                          Number of input reads |	67034112
                      Average input read length |	259
                                    UNIQUE READS:
                   Uniquely mapped reads number |	50787517
                        Uniquely mapped reads % |	75.76%
                          Average mapped length |	263.89
                       Number of splices: Total |	26158510
            Number of splices: Annotated (sjdb) |	25759994
                       Number of splices: GT/AG |	25949935
                       Number of splices: GC/AG |	182034
                       Number of splices: AT/AC |	26541
               Number of splices: Non-canonical |	0
                      Mismatch rate per base, % |	0.27%
                         Deletion rate per base |	0.01%
                        Deletion average length |	1.93
                        Insertion rate per base |	0.01%
                       Insertion average length |	1.71
                             MULTI-MAPPING READS:
        Number of reads mapped to multiple loci |	13840789
             % of reads mapped to multiple loci |	20.65%
        Number of reads mapped to too many loci |	104477
             % of reads mapped to too many loci |	0.16%
                                  UNMAPPED READS:
  Number of reads unmapped: too many mismatches |	0
       % of reads unmapped: too many mismatches |	0.00%
            Number of reads unmapped: too short |	2213885
                 % of reads unmapped: too short |	3.30%
                Number of reads unmapped: other |	87444
                     % of reads unmapped: other |	0.13%
                                  CHIMERIC READS:
                       Number of chimeric reads |	0
                            % of chimeric reads |	0.00%
