                                 Started job on |	Jul 29 16:19:06
                             Started mapping on |	Jul 29 16:19:07
                                    Finished on |	Jul 29 16:58:33
       Mapping speed, Million of reads per hour |	199.03

                          Number of input reads |	130806061
                      Average input read length |	262
                                    UNIQUE READS:
                   Uniquely mapped reads number |	106582055
                        Uniquely mapped reads % |	81.48%
                          Average mapped length |	264.74
                       Number of splices: Total |	39339470
            Number of splices: Annotated (sjdb) |	38546740
                       Number of splices: GT/AG |	39019593
                       Number of splices: GC/AG |	286470
                       Number of splices: AT/AC |	33407
               Number of splices: Non-canonical |	0
                      Mismatch rate per base, % |	0.18%
                         Deletion rate per base |	0.01%
                        Deletion average length |	1.93
                        Insertion rate per base |	0.01%
                       Insertion average length |	1.63
                             MULTI-MAPPING READS:
        Number of reads mapped to multiple loci |	20007688
             % of reads mapped to multiple loci |	15.30%
        Number of reads mapped to too many loci |	98105
             % of reads mapped to too many loci |	0.08%
                                  UNMAPPED READS:
  Number of reads unmapped: too many mismatches |	0
       % of reads unmapped: too many mismatches |	0.00%
            Number of reads unmapped: too short |	4005561
                 % of reads unmapped: too short |	3.06%
                Number of reads unmapped: other |	112652
                     % of reads unmapped: other |	0.09%
                                  CHIMERIC READS:
                       Number of chimeric reads |	0
                            % of chimeric reads |	0.00%
