           Time    Speed        Read     Read   Mapped   Mapped   Mapped   Mapped Unmapped Unmapped Unmapped Unmapped
                    M/hr      number   length   unique   length   MMrate    multi   multi+       MM    short    other
Jul 29 13:14:59    149.5     2532772      263    82.7%    265.5     0.3%    14.0%     0.1%     0.0%     3.1%     0.1%
Jul 29 13:15:59    174.0     5848145      263    82.8%    265.7     0.3%    14.0%     0.1%     0.0%     3.0%     0.1%
Jul 29 13:17:02    175.4     8967077      263    82.8%    265.8     0.2%    14.0%     0.1%     0.0%     3.0%     0.1%
Jul 29 13:18:02    176.7    11975109      263    82.7%    265.7     0.2%    14.0%     0.1%     0.0%     3.0%     0.1%
Jul 29 13:19:03    177.9    15072204      263    82.7%    265.7     0.3%    14.0%     0.1%     0.0%     3.0%     0.1%
Jul 29 13:20:04    179.2    18222061      263    82.7%    265.7     0.2%    14.0%     0.1%     0.0%     3.0%     0.1%
Jul 29 13:21:05    180.5    21414494      263    82.8%    265.7     0.2%    14.0%     0.1%     0.0%     3.0%     0.1%
Jul 29 13:22:07    180.8    24563950      263    82.7%    265.7     0.2%    14.0%     0.1%     0.0%     3.0%     0.1%
Jul 29 13:23:08    180.7    27614535      263    82.7%    265.7     0.2%    14.0%     0.1%     0.0%     3.0%     0.1%
Jul 29 13:24:08    177.2    30025508      263    82.7%    265.6     0.3%    14.0%     0.1%     0.0%     3.1%     0.1%
Jul 29 13:25:08    177.7    33073952      263    82.7%    265.6     0.3%    14.0%     0.1%     0.0%     3.1%     0.1%
Jul 29 13:26:08    178.9    36272492      263    82.7%    265.6     0.3%    14.0%     0.1%     0.0%     3.1%     0.1%
Jul 29 13:27:09    177.6    39029456      263    82.6%    265.6     0.3%    14.1%     0.1%     0.0%     3.1%     0.1%
Jul 29 13:28:10    174.9    41388058      263    82.6%    265.5     0.3%    14.0%     0.1%     0.0%     3.2%     0.1%
Jul 29 13:29:10    175.2    44387433      263    82.6%    265.5     0.3%    14.0%     0.1%     0.0%     3.2%     0.1%
Jul 29 13:30:10    174.2    47040901      263    82.6%    265.5     0.3%    14.0%     0.1%     0.0%     3.2%     0.1%
Jul 29 13:31:10    175.2    50235076      263    82.6%    265.5     0.3%    14.0%     0.1%     0.0%     3.2%     0.1%
Jul 29 13:32:10    175.8    53329940      263    82.6%    265.6     0.3%    14.0%     0.1%     0.0%     3.2%     0.1%
Jul 29 13:33:10    175.4    56131287      263    82.6%    265.6     0.3%    14.0%     0.1%     0.0%     3.2%     0.1%
Jul 29 13:34:12    174.0    58683416      263    82.6%    265.6     0.3%    14.0%     0.1%     0.0%     3.2%     0.1%
Jul 29 13:35:13    175.3    62078839      263    82.6%    265.6     0.3%    14.0%     0.1%     0.0%     3.2%     0.1%
Jul 29 13:36:14    175.5    65128142      263    82.6%    265.6     0.3%    14.0%     0.1%     0.0%     3.2%     0.1%
Jul 29 13:37:14    176.3    68378093      263    82.6%    265.6     0.3%    14.0%     0.1%     0.0%     3.2%     0.1%
Jul 29 13:38:14    176.5    71370368      263    82.6%    265.6     0.3%    14.0%     0.1%     0.0%     3.2%     0.1%
Jul 29 13:39:14    175.1    73728313      263    82.6%    265.6     0.3%    14.0%     0.1%     0.0%     3.2%     0.1%
Jul 29 13:40:14    175.2    76717748      263    82.6%    265.6     0.3%    14.0%     0.1%     0.0%     3.2%     0.1%
Jul 29 13:41:14    175.5    79764239      263    82.6%    265.6     0.3%    14.0%     0.1%     0.0%     3.2%     0.1%
Jul 29 13:42:14    176.3    83054776      263    82.6%    265.6     0.3%    14.0%     0.1%     0.0%     3.2%     0.1%
Jul 29 13:43:15    175.4    85614163      263    82.6%    265.6     0.3%    14.0%     0.1%     0.0%     3.2%     0.1%
Jul 29 13:47:42    158.5    89112119      263    82.6%    265.6     0.3%    14.0%     0.1%     0.0%     3.2%     0.1%
ALL DONE!
