           Time    Speed        Read     Read   Mapped   Mapped   Mapped   Mapped Unmapped Unmapped Unmapped Unmapped
                    M/hr      number   length   unique   length   MMrate    multi   multi+       MM    short    other
Jul 29 15:46:18    162.5     2752966      261    86.1%    262.0     0.3%    10.5%     0.2%     0.0%     3.0%     0.2%
Jul 29 15:47:18    179.8     6044893      261    86.3%    262.3     0.3%    10.4%     0.2%     0.0%     2.9%     0.2%
Jul 29 15:48:18    185.8     9340063      261    86.3%    262.2     0.3%    10.4%     0.2%     0.0%     2.9%     0.2%
Jul 29 15:49:18    188.5    12616516      261    86.3%    262.2     0.3%    10.4%     0.2%     0.0%     2.9%     0.2%
Jul 29 15:50:18    186.5    15591180      261    86.2%    262.2     0.3%    10.4%     0.2%     0.0%     2.9%     0.2%
Jul 29 15:51:18    189.6    19013265      261    86.3%    262.2     0.3%    10.4%     0.2%     0.0%     2.9%     0.2%
Jul 29 15:52:18    192.7    22529617      261    86.3%    262.2     0.3%    10.4%     0.2%     0.0%     2.9%     0.2%
Jul 29 15:53:18    194.2    25950169      261    86.3%    262.2     0.3%    10.4%     0.2%     0.0%     2.9%     0.2%
Jul 29 15:54:19    195.4    29420402      261    86.3%    262.2     0.3%    10.4%     0.2%     0.0%     2.9%     0.2%
Jul 29 15:55:19    190.8    31901407      261    86.2%    262.1     0.3%    10.4%     0.2%     0.0%     3.0%     0.2%
Jul 29 15:56:21    186.9    34475869      261    86.2%    262.2     0.3%    10.4%     0.2%     0.0%     3.0%     0.2%
Jul 29 15:57:21    187.2    37652073      261    86.2%    262.1     0.3%    10.4%     0.2%     0.0%     3.0%     0.2%
Jul 29 15:58:21    188.4    41020885      261    86.2%    262.1     0.3%    10.4%     0.2%     0.0%     3.0%     0.2%
Jul 29 15:59:21    184.5    43253321      261    86.1%    262.1     0.3%    10.4%     0.2%     0.0%     3.1%     0.2%
Jul 29 16:00:21    184.3    46272378      261    86.1%    262.1     0.3%    10.4%     0.2%     0.0%     3.1%     0.2%
Jul 29 16:01:21    182.6    48902010      261    86.1%    262.1     0.3%    10.4%     0.2%     0.0%     3.1%     0.2%
Jul 29 16:02:22    182.7    52018596      261    86.1%    262.1     0.3%    10.4%     0.2%     0.0%     3.1%     0.2%
Jul 29 16:03:22    183.8    55389602      261    86.1%    262.1     0.3%    10.4%     0.2%     0.0%     3.1%     0.2%
Jul 29 16:04:22    184.9    58802152      261    86.1%    262.2     0.3%    10.4%     0.2%     0.0%     3.1%     0.2%
Jul 29 16:05:22    183.8    61527592      261    86.1%    262.1     0.3%    10.4%     0.2%     0.0%     3.1%     0.2%
Jul 29 16:06:22    184.4    64792170      261    86.1%    262.2     0.3%    10.4%     0.2%     0.0%     3.1%     0.2%
Jul 29 16:07:22    185.3    68217897      261    86.1%    262.2     0.3%    10.4%     0.2%     0.0%     3.1%     0.2%
Jul 29 16:08:22    187.0    71937606      261    86.1%    262.2     0.3%    10.4%     0.2%     0.0%     3.0%     0.2%
Jul 29 16:09:22    186.9    75011913      261    86.1%    262.2     0.3%    10.4%     0.2%     0.0%     3.0%     0.2%
Jul 29 16:10:22    186.5    77979546      261    86.1%    262.2     0.3%    10.4%     0.2%     0.0%     3.0%     0.2%
Jul 29 16:11:22    184.7    80302883      261    86.1%    262.2     0.3%    10.4%     0.2%     0.0%     3.1%     0.2%
Jul 29 16:12:22    184.7    83367388      261    86.1%    262.2     0.3%    10.4%     0.2%     0.0%     3.1%     0.2%
Jul 29 16:13:24    184.8    86584653      261    86.1%    262.2     0.3%    10.4%     0.2%     0.0%     3.1%     0.2%
Jul 29 16:14:24    185.5    90004554      261    86.1%    262.2     0.3%    10.4%     0.2%     0.0%     3.1%     0.2%
Jul 29 16:15:24    183.5    92085668      261    86.1%    262.2     0.3%    10.4%     0.2%     0.0%     3.1%     0.2%
Jul 29 16:16:25    183.7    95312966      261    86.1%    262.2     0.3%    10.4%     0.2%     0.0%     3.1%     0.2%
Jul 29 16:21:03    161.2    96115601      261    86.1%    262.1     0.3%    10.4%     0.2%     0.0%     3.1%     0.2%
ALL DONE!
