           Time    Speed        Read     Read   Mapped   Mapped   Mapped   Mapped Unmapped Unmapped Unmapped Unmapped
                    M/hr      number   length   unique   length   MMrate    multi   multi+       MM    short    other
Jul 29 13:15:08    142.7     2537631      257    83.5%    259.3     0.3%    13.3%     0.1%     0.0%     3.0%     0.1%
Jul 29 13:16:10    159.3     5576598      256    83.5%    259.3     0.3%    13.3%     0.1%     0.0%     2.9%     0.1%
Jul 29 13:17:10    165.7     8562642      256    83.6%    259.3     0.2%    13.3%     0.1%     0.0%     2.9%     0.1%
Jul 29 13:18:11    164.5    11283374      256    83.5%    259.3     0.3%    13.3%     0.1%     0.0%     2.9%     0.1%
Jul 29 13:19:11    167.1    14252444      256    83.5%    259.2     0.3%    13.3%     0.1%     0.0%     2.9%     0.1%
Jul 29 13:20:11    168.9    17214861      257    83.6%    259.3     0.2%    13.3%     0.1%     0.0%     2.9%     0.1%
Jul 29 13:21:11    168.9    20031002      256    83.5%    259.3     0.3%    13.3%     0.1%     0.0%     2.9%     0.1%
Jul 29 13:22:12    166.0    22497607      256    83.4%    259.2     0.3%    13.3%     0.1%     0.0%     3.0%     0.1%
Jul 29 13:23:12    166.6    25363013      256    83.4%    259.2     0.3%    13.3%     0.1%     0.0%     3.0%     0.1%
Jul 29 13:24:12    167.1    28229219      256    83.4%    259.2     0.3%    13.3%     0.1%     0.0%     3.0%     0.1%
Jul 29 13:25:12    164.3    30494252      256    83.4%    259.1     0.3%    13.3%     0.1%     0.0%     3.1%     0.1%
Jul 29 13:26:13    164.7    33356535      256    83.4%    259.1     0.3%    13.3%     0.1%     0.0%     3.1%     0.1%
Jul 29 13:27:18    163.1    35970364      256    83.3%    259.1     0.3%    13.3%     0.1%     0.0%     3.1%     0.1%
Jul 29 13:28:19    164.1    38984671      256    83.4%    259.2     0.3%    13.3%     0.1%     0.0%     3.1%     0.1%
Jul 29 13:29:20    165.0    41994522      257    83.4%    259.2     0.3%    13.3%     0.1%     0.0%     3.1%     0.1%
Jul 29 13:30:20    164.2    44505428      257    83.4%    259.2     0.3%    13.3%     0.1%     0.0%     3.1%     0.1%
Jul 29 13:31:20    164.1    47221484      257    83.4%    259.2     0.3%    13.3%     0.1%     0.0%     3.1%     0.1%
Jul 29 13:32:20    164.7    50139115      257    83.4%    259.2     0.3%    13.3%     0.1%     0.0%     3.1%     0.1%
Jul 29 13:33:22    165.3    53159131      257    83.4%    259.2     0.3%    13.3%     0.1%     0.0%     3.1%     0.1%
Jul 29 13:34:22    164.8    55767679      257    83.4%    259.2     0.3%    13.3%     0.1%     0.0%     3.1%     0.1%
Jul 29 13:35:22    163.7    58120659      257    83.4%    259.2     0.3%    13.3%     0.1%     0.0%     3.1%     0.1%
Jul 29 13:36:22    164.2    61031931      257    83.4%    259.3     0.3%    13.3%     0.1%     0.0%     3.1%     0.1%
Jul 29 13:37:23    164.2    63797387      257    83.4%    259.3     0.3%    13.3%     0.1%     0.0%     3.1%     0.1%
Jul 29 13:38:23    163.7    66362531      257    83.3%    259.2     0.3%    13.3%     0.1%     0.0%     3.1%     0.1%
Jul 29 13:42:06    145.5    67987553      257    83.3%    259.2     0.3%    13.3%     0.1%     0.0%     3.1%     0.1%
ALL DONE!
