           Time    Speed        Read     Read   Mapped   Mapped   Mapped   Mapped Unmapped Unmapped Unmapped Unmapped
                    M/hr      number   length   unique   length   MMrate    multi   multi+       MM    short    other
Jul 29 19:12:12    147.4     2579602      258    85.6%    259.3     0.3%    10.8%     0.1%     0.0%     3.2%     0.2%
Jul 29 19:13:13    175.9     6057669      258    85.7%    259.5     0.2%    10.8%     0.1%     0.0%     3.1%     0.2%
Jul 29 19:14:13    180.6     9233070      258    85.7%    259.5     0.2%    10.8%     0.1%     0.0%     3.1%     0.2%
Jul 29 19:15:14    179.2    12195316      258    85.7%    259.4     0.3%    10.8%     0.1%     0.0%     3.2%     0.2%
Jul 29 19:16:14    180.6    15297731      258    85.7%    259.4     0.2%    10.8%     0.1%     0.0%     3.1%     0.2%
Jul 29 19:17:14    181.5    18406391      258    85.7%    259.4     0.2%    10.8%     0.1%     0.0%     3.1%     0.2%
Jul 29 19:18:14    183.0    21606769      258    85.8%    259.5     0.2%    10.8%     0.1%     0.0%     3.1%     0.2%
Jul 29 19:19:15    183.8    24813759      258    85.7%    259.4     0.2%    10.8%     0.1%     0.0%     3.1%     0.2%
Jul 29 19:20:16    182.5    27722496      258    85.7%    259.4     0.2%    10.8%     0.1%     0.0%     3.2%     0.2%
Jul 29 19:21:16    181.6    30623377      258    85.6%    259.4     0.3%    10.8%     0.1%     0.0%     3.2%     0.2%
Jul 29 19:22:17    181.5    33681877      258    85.6%    259.3     0.3%    10.8%     0.1%     0.0%     3.2%     0.2%
Jul 29 19:23:17    182.2    36834994      258    85.6%    259.3     0.3%    10.8%     0.1%     0.0%     3.2%     0.2%
Jul 29 19:24:18    178.4    39089650      258    85.6%    259.3     0.3%    10.8%     0.1%     0.0%     3.3%     0.2%
Jul 29 19:25:19    178.9    42241354      258    85.6%    259.3     0.3%    10.8%     0.1%     0.0%     3.3%     0.2%
Jul 29 19:26:20    177.6    44946098      258    85.5%    259.3     0.3%    10.8%     0.1%     0.0%     3.3%     0.2%
Jul 29 19:27:21    177.4    47895808      258    85.6%    259.3     0.3%    10.8%     0.1%     0.0%     3.3%     0.2%
Jul 29 19:28:21    178.2    51098284      258    85.6%    259.3     0.3%    10.8%     0.1%     0.0%     3.3%     0.2%
Jul 29 19:29:21    177.7    53899608      258    85.6%    259.4     0.3%    10.8%     0.1%     0.0%     3.3%     0.2%
Jul 29 19:30:23    176.7    56648396      258    85.6%    259.4     0.3%    10.8%     0.1%     0.0%     3.3%     0.2%
Jul 29 19:31:23    177.8    59954924      258    85.6%    259.4     0.3%    10.8%     0.1%     0.0%     3.3%     0.2%
Jul 29 19:32:25    178.2    63159099      258    85.6%    259.4     0.3%    10.8%     0.1%     0.0%     3.3%     0.2%
Jul 29 19:33:25    178.6    66268575      258    85.6%    259.4     0.3%    10.8%     0.1%     0.0%     3.3%     0.2%
Jul 29 19:34:26    178.6    69315587      258    85.6%    259.4     0.3%    10.8%     0.1%     0.0%     3.3%     0.2%
Jul 29 19:35:26    176.7    71514432      258    85.6%    259.4     0.3%    10.8%     0.1%     0.0%     3.3%     0.2%
Jul 29 19:36:26    176.8    74509686      258    85.6%    259.4     0.3%    10.8%     0.1%     0.0%     3.3%     0.2%
Jul 29 19:37:27    176.9    77559605      258    85.6%    259.4     0.3%    10.8%     0.1%     0.0%     3.3%     0.2%
Jul 29 19:38:30    176.7    80564852      258    85.6%    259.4     0.3%    10.8%     0.1%     0.0%     3.3%     0.2%
Jul 29 19:39:31    175.9    83168853      258    85.5%    259.4     0.3%    10.8%     0.1%     0.0%     3.3%     0.2%
Jul 29 19:44:31    154.5    85919422      258    85.6%    259.3     0.3%    10.8%     0.1%     0.0%     3.3%     0.2%
ALL DONE!
