           Time    Speed        Read     Read   Mapped   Mapped   Mapped   Mapped Unmapped Unmapped Unmapped Unmapped
                    M/hr      number   length   unique   length   MMrate    multi   multi+       MM    short    other
Jul 29 14:10:47    165.0     2749287      261    83.9%    263.8     0.2%    13.3%     0.1%     0.0%     2.6%     0.1%
Jul 29 14:11:47    177.5     5917301      262    84.0%    264.9     0.2%    13.1%     0.1%     0.0%     2.6%     0.1%
Jul 29 14:12:47    185.9     9296863      262    84.0%    264.9     0.2%    13.1%     0.1%     0.0%     2.6%     0.1%
Jul 29 14:13:47    185.2    12347410      263    84.0%    265.2     0.2%    13.1%     0.1%     0.0%     2.6%     0.1%
Jul 29 14:14:47    187.2    15601013      263    84.0%    265.2     0.2%    13.1%     0.1%     0.0%     2.6%     0.1%
Jul 29 14:15:50    185.9    18746232      263    84.1%    265.4     0.2%    13.1%     0.1%     0.0%     2.6%     0.1%
Jul 29 14:16:50    188.0    22091517      263    84.1%    265.4     0.2%    13.1%     0.1%     0.0%     2.6%     0.1%
Jul 29 14:17:50    187.3    25132312      263    84.1%    265.6     0.2%    13.1%     0.1%     0.0%     2.6%     0.1%
Jul 29 14:18:51    188.4    28474458      263    84.1%    265.7     0.2%    13.0%     0.1%     0.0%     2.6%     0.1%
Jul 29 14:19:51    188.5    31633625      263    84.1%    265.5     0.2%    13.1%     0.1%     0.0%     2.6%     0.1%
Jul 29 14:20:51    188.3    34737353      263    84.1%    265.5     0.2%    13.1%     0.1%     0.0%     2.6%     0.1%
Jul 29 14:21:51    188.7    37941400      263    84.0%    265.5     0.2%    13.1%     0.1%     0.0%     2.6%     0.1%
Jul 29 14:22:52    187.8    40940330      263    84.0%    265.5     0.2%    13.1%     0.1%     0.0%     2.6%     0.1%
Jul 29 14:23:52    187.4    43996606      263    84.0%    265.5     0.2%    13.1%     0.1%     0.0%     2.6%     0.1%
Jul 29 14:24:52    187.3    47087351      263    84.0%    265.6     0.2%    13.1%     0.1%     0.0%     2.6%     0.1%
Jul 29 14:25:52    186.9    50089750      263    84.0%    265.6     0.2%    13.1%     0.1%     0.0%     2.6%     0.1%
Jul 29 14:26:53    186.6    53173950      263    84.0%    265.7     0.2%    13.1%     0.1%     0.0%     2.7%     0.1%
Jul 29 14:27:54    186.1    56178157      263    84.0%    265.7     0.2%    13.1%     0.1%     0.0%     2.7%     0.1%
Jul 29 14:28:56    185.7    59284386      263    84.0%    265.6     0.2%    13.1%     0.1%     0.0%     2.7%     0.1%
Jul 29 14:29:57    185.9    62487905      263    84.0%    265.6     0.2%    13.1%     0.1%     0.0%     2.7%     0.1%
Jul 29 14:30:57    185.7    65506960      263    84.0%    265.5     0.2%    13.1%     0.1%     0.0%     2.7%     0.1%
Jul 29 14:31:57    185.7    68611307      263    84.0%    265.5     0.2%    13.1%     0.1%     0.0%     2.6%     0.1%
Jul 29 14:32:57    185.8    71738790      263    84.0%    265.4     0.2%    13.1%     0.1%     0.0%     2.6%     0.1%
Jul 29 14:33:57    186.3    75048467      263    84.0%    265.4     0.2%    13.1%     0.1%     0.0%     2.6%     0.1%
Jul 29 14:34:57    187.6    78673768      263    84.0%    265.3     0.2%    13.1%     0.1%     0.0%     2.6%     0.1%
Jul 29 14:35:58    188.3    82185809      263    84.0%    265.2     0.2%    13.1%     0.1%     0.0%     2.6%     0.1%
Jul 29 14:36:59    190.2    86233473      263    84.0%    265.2     0.2%    13.1%     0.1%     0.0%     2.6%     0.1%
Jul 29 14:37:59    191.4    89968023      263    84.0%    265.2     0.2%    13.1%     0.1%     0.0%     2.6%     0.1%
Jul 29 14:38:59    192.3    93576342      263    84.0%    265.2     0.2%    13.1%     0.1%     0.0%     2.6%     0.1%
Jul 29 14:39:59    193.4    97326127      263    84.0%    265.2     0.2%    13.1%     0.1%     0.0%     2.6%     0.1%
Jul 29 14:40:59    194.2   100975614      262    84.0%    265.1     0.2%    13.1%     0.1%     0.0%     2.6%     0.1%
Jul 29 14:41:59    195.2   104765550      262    84.0%    265.1     0.2%    13.1%     0.1%     0.0%     2.6%     0.1%
Jul 29 14:42:59    195.3   108064440      262    84.0%    265.0     0.2%    13.2%     0.1%     0.0%     2.6%     0.1%
Jul 29 14:49:39    166.5   110649389      262    84.0%    265.0     0.2%    13.2%     0.1%     0.0%     2.6%     0.1%
ALL DONE!
