           Time    Speed        Read     Read   Mapped   Mapped   Mapped   Mapped Unmapped Unmapped Unmapped Unmapped
                    M/hr      number   length   unique   length   MMrate    multi   multi+       MM    short    other
Jul 29 14:10:47    144.4     2406130      260    78.4%    264.2     0.2%    18.0%     0.2%     0.0%     3.2%     0.2%
Jul 29 14:11:47    159.2     5305836      260    78.4%    264.2     0.2%    18.1%     0.2%     0.0%     3.1%     0.2%
Jul 29 14:12:48    160.2     8055598      260    78.4%    264.1     0.2%    18.1%     0.2%     0.0%     3.2%     0.2%
Jul 29 14:13:49    164.3    11047215      260    78.4%    264.1     0.2%    18.1%     0.2%     0.0%     3.2%     0.2%
Jul 29 14:14:50    166.0    13974409      260    78.4%    264.2     0.2%    18.1%     0.2%     0.0%     3.2%     0.2%
Jul 29 14:15:50    167.2    16855065      260    78.4%    264.2     0.2%    18.1%     0.2%     0.0%     3.2%     0.2%
Jul 29 14:16:51    164.6    19389288      260    78.3%    264.1     0.2%    18.1%     0.2%     0.0%     3.2%     0.2%
Jul 29 14:17:51    164.9    22170866      260    78.3%    264.1     0.2%    18.1%     0.2%     0.0%     3.2%     0.2%
Jul 29 14:18:54    165.2    25101868      260    78.3%    264.1     0.2%    18.1%     0.2%     0.0%     3.2%     0.2%
Jul 29 14:19:58    162.8    27630972      260    78.2%    264.0     0.3%    18.1%     0.2%     0.0%     3.3%     0.2%
Jul 29 14:20:58    163.7    30510669      260    78.2%    264.0     0.3%    18.1%     0.2%     0.0%     3.3%     0.2%
Jul 29 14:21:58    164.4    33388619      260    78.2%    264.1     0.3%    18.1%     0.2%     0.0%     3.3%     0.2%
Jul 29 14:22:58    164.8    36215150      260    78.2%    264.1     0.3%    18.1%     0.2%     0.0%     3.3%     0.2%
Jul 29 14:24:01    163.7    38841603      260    78.3%    264.1     0.3%    18.1%     0.2%     0.0%     3.3%     0.2%
Jul 29 14:25:02    164.6    41823749      260    78.3%    264.1     0.3%    18.1%     0.2%     0.0%     3.3%     0.2%
Jul 29 14:26:02    165.1    44705120      260    78.3%    264.1     0.3%    18.1%     0.2%     0.0%     3.3%     0.2%
Jul 29 14:27:05    163.8    47232947      260    78.2%    264.1     0.3%    18.1%     0.2%     0.0%     3.3%     0.2%
Jul 29 14:28:05    163.3    49807457      260    78.2%    264.1     0.3%    18.1%     0.2%     0.0%     3.3%     0.2%
Jul 29 14:29:05    163.9    52730553      260    78.3%    264.2     0.3%    18.0%     0.2%     0.0%     3.3%     0.2%
Jul 29 14:30:05    162.9    55116271      260    78.2%    264.1     0.3%    18.1%     0.2%     0.0%     3.3%     0.2%
Jul 29 14:34:03    141.8    57368395      260    78.2%    264.1     0.3%    18.1%     0.2%     0.0%     3.3%     0.2%
ALL DONE!
