           Time    Speed        Read     Read   Mapped   Mapped   Mapped   Mapped Unmapped Unmapped Unmapped Unmapped
                    M/hr      number   length   unique   length   MMrate    multi   multi+       MM    short    other
Jul 29 13:14:59    151.1     2560370      260    77.8%    264.5     0.1%    19.1%     0.1%     0.0%     2.9%     0.1%
Jul 29 13:15:59    169.4     5693708      261    78.0%    265.6     0.1%    18.9%     0.1%     0.0%     2.9%     0.1%
Jul 29 13:16:59    173.8     8739133      261    78.0%    265.5     0.1%    19.0%     0.1%     0.0%     2.9%     0.1%
Jul 29 13:17:59    173.4    11610096      261    78.0%    265.8     0.1%    18.9%     0.1%     0.0%     2.9%     0.1%
Jul 29 13:18:59    176.2    14729890      261    78.0%    265.8     0.1%    18.9%     0.1%     0.0%     2.9%     0.1%
Jul 29 13:19:59    177.4    17790673      261    78.0%    266.0     0.1%    18.9%     0.1%     0.0%     2.9%     0.1%
Jul 29 13:21:01    177.5    20850669      261    78.0%    266.1     0.1%    18.9%     0.1%     0.0%     2.9%     0.1%
Jul 29 13:22:01    177.5    23813698      261    78.0%    266.2     0.1%    18.8%     0.1%     0.0%     2.9%     0.1%
Jul 29 13:23:02    177.9    26884996      261    78.0%    266.1     0.2%    18.9%     0.1%     0.0%     2.9%     0.1%
Jul 29 13:24:02    178.3    29909431      261    78.0%    266.0     0.2%    18.9%     0.1%     0.0%     2.9%     0.1%
Jul 29 13:25:02    178.8    32972039      261    78.0%    266.0     0.2%    18.9%     0.1%     0.0%     2.9%     0.1%
Jul 29 13:26:02    179.0    35995604      261    78.0%    266.0     0.2%    18.9%     0.1%     0.0%     2.9%     0.1%
Jul 29 13:27:02    179.1    39002367      261    78.0%    266.1     0.2%    18.9%     0.1%     0.0%     2.9%     0.1%
Jul 29 13:28:02    179.2    42018732      261    78.0%    266.1     0.2%    18.9%     0.1%     0.0%     2.9%     0.1%
Jul 29 13:29:04    179.1    45069185      262    78.0%    266.2     0.2%    18.8%     0.1%     0.0%     2.9%     0.1%
Jul 29 13:30:05    179.1    48095317      261    78.0%    266.1     0.2%    18.9%     0.1%     0.0%     2.9%     0.1%
Jul 29 13:31:05    179.2    51111954      261    78.0%    266.1     0.2%    18.9%     0.1%     0.0%     2.9%     0.1%
Jul 29 13:32:05    179.3    54144678      261    78.0%    266.1     0.2%    18.9%     0.1%     0.0%     2.9%     0.1%
Jul 29 13:33:05    179.1    57065918      261    78.0%    266.0     0.2%    18.9%     0.1%     0.0%     2.9%     0.1%
Jul 29 13:34:05    179.3    60104953      261    78.0%    265.9     0.2%    18.9%     0.1%     0.0%     2.9%     0.1%
Jul 29 13:35:05    179.4    63131362      261    78.0%    265.9     0.2%    18.9%     0.1%     0.0%     2.9%     0.1%
Jul 29 13:36:05    179.3    66075206      261    78.0%    265.8     0.2%    18.9%     0.1%     0.0%     2.9%     0.1%
Jul 29 13:37:05    179.6    69203966      261    77.9%    265.7     0.2%    18.9%     0.1%     0.0%     2.9%     0.1%
Jul 29 13:38:05    180.2    72424592      261    77.9%    265.7     0.2%    18.9%     0.1%     0.0%     2.9%     0.1%
Jul 29 13:39:06    180.2    75488974      261    77.9%    265.8     0.2%    18.9%     0.1%     0.0%     2.9%     0.1%
Jul 29 13:40:08    180.1    78565028      261    77.9%    265.7     0.2%    18.9%     0.1%     0.0%     2.9%     0.1%
Jul 29 13:41:09    181.2    82090392      261    77.9%    265.7     0.2%    18.9%     0.1%     0.0%     2.9%     0.1%
Jul 29 13:42:09    182.3    85616994      261    77.9%    265.7     0.2%    18.9%     0.1%     0.0%     2.9%     0.1%
Jul 29 13:43:09    183.7    89355630      261    77.9%    265.6     0.2%    19.0%     0.1%     0.0%     2.9%     0.1%
Jul 29 13:47:34    165.2    92526231      261    77.9%    265.5     0.2%    19.0%     0.1%     0.0%     2.9%     0.1%
ALL DONE!
