                                 Started job on |	Jul 29 14:09:46
                             Started mapping on |	Jul 29 14:09:47
                                    Finished on |	Jul 29 14:44:09
       Mapping speed, Million of reads per hour |	148.32

                          Number of input reads |	84952821
                      Average input read length |	264
                                    UNIQUE READS:
                   Uniquely mapped reads number |	73253245
                        Uniquely mapped reads % |	86.23%
                          Average mapped length |	264.83
                       Number of splices: Total |	23242256
            Number of splices: Annotated (sjdb) |	22764078
                       Number of splices: GT/AG |	23046067
                       Number of splices: GC/AG |	175242
                       Number of splices: AT/AC |	20947
               Number of splices: Non-canonical |	0
                      Mismatch rate per base, % |	0.33%
                         Deletion rate per base |	0.01%
                        Deletion average length |	1.95
                        Insertion rate per base |	0.01%
                       Insertion average length |	1.68
                             MULTI-MAPPING READS:
        Number of reads mapped to multiple loci |	9022017
             % of reads mapped to multiple loci |	10.62%
        Number of reads mapped to too many loci |	74880
             % of reads mapped to too many loci |	0.09%
                                  UNMAPPED READS:
  Number of reads unmapped: too many mismatches |	0
       % of reads unmapped: too many mismatches |	0.00%
            Number of reads unmapped: too short |	2514988
                 % of reads unmapped: too short |	2.96%
                Number of reads unmapped: other |	87691
                     % of reads unmapped: other |	0.10%
                                  CHIMERIC READS:
                       Number of chimeric reads |	0
                            % of chimeric reads |	0.00%
