                                 Started job on |	Jul 29 16:29:08
                             Started mapping on |	Jul 29 16:29:08
                                    Finished on |	Jul 29 16:46:15
       Mapping speed, Million of reads per hour |	156.34

                          Number of input reads |	44600090
                      Average input read length |	264
                                    UNIQUE READS:
                   Uniquely mapped reads number |	37602797
                        Uniquely mapped reads % |	84.31%
                          Average mapped length |	266.09
                       Number of splices: Total |	13491651
            Number of splices: Annotated (sjdb) |	13219421
                       Number of splices: GT/AG |	13373038
                       Number of splices: GC/AG |	105746
                       Number of splices: AT/AC |	12867
               Number of splices: Non-canonical |	0
                      Mismatch rate per base, % |	0.32%
                         Deletion rate per base |	0.01%
                        Deletion average length |	2.00
                        Insertion rate per base |	0.01%
                       Insertion average length |	1.70
                             MULTI-MAPPING READS:
        Number of reads mapped to multiple loci |	5453020
             % of reads mapped to multiple loci |	12.23%
        Number of reads mapped to too many loci |	40736
             % of reads mapped to too many loci |	0.09%
                                  UNMAPPED READS:
  Number of reads unmapped: too many mismatches |	0
       % of reads unmapped: too many mismatches |	0.00%
            Number of reads unmapped: too short |	1458100
                 % of reads unmapped: too short |	3.27%
                Number of reads unmapped: other |	45437
                     % of reads unmapped: other |	0.10%
                                  CHIMERIC READS:
                       Number of chimeric reads |	0
                            % of chimeric reads |	0.00%
