                                 Started job on |	Jul 29 15:16:58
                             Started mapping on |	Jul 29 15:16:58
                                    Finished on |	Jul 29 16:03:28
       Mapping speed, Million of reads per hour |	151.50

                          Number of input reads |	117409865
                      Average input read length |	263
                                    UNIQUE READS:
                   Uniquely mapped reads number |	96335632
                        Uniquely mapped reads % |	82.05%
                          Average mapped length |	265.18
                       Number of splices: Total |	31195115
            Number of splices: Annotated (sjdb) |	30621303
                       Number of splices: GT/AG |	30935655
                       Number of splices: GC/AG |	229980
                       Number of splices: AT/AC |	29480
               Number of splices: Non-canonical |	0
                      Mismatch rate per base, % |	0.28%
                         Deletion rate per base |	0.01%
                        Deletion average length |	1.97
                        Insertion rate per base |	0.01%
                       Insertion average length |	1.69
                             MULTI-MAPPING READS:
        Number of reads mapped to multiple loci |	17803877
             % of reads mapped to multiple loci |	15.16%
        Number of reads mapped to too many loci |	110134
             % of reads mapped to too many loci |	0.09%
                                  UNMAPPED READS:
  Number of reads unmapped: too many mismatches |	0
       % of reads unmapped: too many mismatches |	0.00%
            Number of reads unmapped: too short |	3052249
                 % of reads unmapped: too short |	2.60%
                Number of reads unmapped: other |	107973
                     % of reads unmapped: other |	0.09%
                                  CHIMERIC READS:
                       Number of chimeric reads |	0
                            % of chimeric reads |	0.00%
