           Time    Speed        Read     Read   Mapped   Mapped   Mapped   Mapped Unmapped Unmapped Unmapped Unmapped
                    M/hr      number   length   unique   length   MMrate    multi   multi+       MM    short    other
Jul 29 15:22:07    155.6     2635787      263    86.4%    264.7     0.2%    10.9%     0.2%     0.0%     2.3%     0.2%
Jul 29 15:23:07    169.3     5689624      264    86.5%    265.9     0.2%    10.8%     0.2%     0.0%     2.3%     0.2%
Jul 29 15:24:07    171.2     8607900      264    86.4%    265.8     0.2%    10.9%     0.2%     0.0%     2.3%     0.2%
Jul 29 15:25:07    174.7    11695944      264    86.5%    266.1     0.2%    10.8%     0.2%     0.0%     2.3%     0.2%
Jul 29 15:26:08    174.5    14640411      264    86.4%    266.1     0.2%    10.9%     0.2%     0.0%     2.3%     0.2%
Jul 29 15:27:08    174.7    17570677      264    86.5%    266.3     0.2%    10.8%     0.2%     0.0%     2.4%     0.2%
Jul 29 15:28:09    176.2    20703670      264    86.5%    266.4     0.2%    10.8%     0.2%     0.0%     2.4%     0.2%
Jul 29 15:29:09    177.2    23776522      265    86.5%    266.6     0.2%    10.8%     0.2%     0.0%     2.4%     0.2%
Jul 29 15:30:09    179.8    27117735      264    86.5%    266.4     0.2%    10.8%     0.2%     0.0%     2.4%     0.2%
Jul 29 15:31:09    179.4    30056965      264    86.5%    266.4     0.2%    10.8%     0.2%     0.0%     2.4%     0.2%
Jul 29 15:32:09    178.7    32903372      264    86.4%    266.4     0.2%    10.8%     0.2%     0.0%     2.4%     0.2%
Jul 29 15:33:09    178.5    35839106      264    86.4%    266.4     0.2%    10.8%     0.2%     0.0%     2.4%     0.2%
Jul 29 15:34:10    178.3    38828101      264    86.4%    266.4     0.2%    10.8%     0.2%     0.0%     2.4%     0.2%
Jul 29 15:35:12    177.9    41807640      264    86.4%    266.5     0.2%    10.8%     0.2%     0.0%     2.4%     0.2%
Jul 29 15:36:12    178.0    44789489      265    86.4%    266.5     0.2%    10.8%     0.2%     0.0%     2.4%     0.2%
Jul 29 15:37:12    177.6    47665855      265    86.4%    266.6     0.2%    10.8%     0.2%     0.0%     2.4%     0.2%
Jul 29 15:38:14    177.6    50714130      265    86.4%    266.5     0.2%    10.8%     0.2%     0.0%     2.4%     0.2%
Jul 29 15:39:14    177.7    53700226      265    86.4%    266.5     0.2%    10.8%     0.2%     0.0%     2.4%     0.2%
Jul 29 15:40:14    177.8    56705705      264    86.4%    266.4     0.2%    10.8%     0.2%     0.0%     2.4%     0.2%
Jul 29 15:41:15    177.9    59745346      264    86.4%    266.4     0.2%    10.8%     0.2%     0.0%     2.4%     0.2%
Jul 29 15:42:15    178.5    62904556      264    86.4%    266.3     0.2%    10.8%     0.2%     0.0%     2.4%     0.2%
Jul 29 15:43:15    179.3    66197786      264    86.4%    266.3     0.2%    10.8%     0.2%     0.0%     2.4%     0.2%
Jul 29 15:44:15    180.3    69557518      264    86.4%    266.1     0.2%    10.9%     0.2%     0.0%     2.4%     0.2%
Jul 29 15:45:15    180.9    72805660      264    86.4%    266.1     0.2%    10.9%     0.2%     0.0%     2.4%     0.2%
Jul 29 15:46:15    181.1    75892246      264    86.4%    266.1     0.2%    10.9%     0.2%     0.0%     2.4%     0.2%
Jul 29 15:47:15    181.0    78880346      264    86.4%    266.1     0.2%    10.9%     0.2%     0.0%     2.4%     0.2%
Jul 29 15:48:15    180.9    81876564      264    86.4%    266.1     0.2%    10.9%     0.2%     0.0%     2.4%     0.2%
Jul 29 15:49:15    181.4    85119747      264    86.4%    266.1     0.2%    10.9%     0.2%     0.0%     2.4%     0.2%
Jul 29 15:50:15    181.5    88172538      264    86.4%    266.0     0.2%    10.9%     0.2%     0.0%     2.4%     0.2%
Jul 29 15:51:15    182.2    91576548      264    86.4%    265.9     0.2%    10.9%     0.2%     0.0%     2.4%     0.2%
Jul 29 15:52:15    182.7    94830514      264    86.4%    265.9     0.2%    10.9%     0.2%     0.0%     2.4%     0.2%
Jul 29 15:57:20    159.5    96346768      264    86.4%    265.9     0.2%    10.9%     0.2%     0.0%     2.4%     0.2%
ALL DONE!
