                                 Started job on |	Jul 29 16:08:32
                             Started mapping on |	Jul 29 16:08:32
                                    Finished on |	Jul 29 16:53:10
       Mapping speed, Million of reads per hour |	165.73

                          Number of input reads |	123282278
                      Average input read length |	263
                                    UNIQUE READS:
                   Uniquely mapped reads number |	100416427
                        Uniquely mapped reads % |	81.45%
                          Average mapped length |	265.31
                       Number of splices: Total |	39644758
            Number of splices: Annotated (sjdb) |	38935943
                       Number of splices: GT/AG |	39310639
                       Number of splices: GC/AG |	296306
                       Number of splices: AT/AC |	37813
               Number of splices: Non-canonical |	0
                      Mismatch rate per base, % |	0.28%
                         Deletion rate per base |	0.01%
                        Deletion average length |	1.98
                        Insertion rate per base |	0.01%
                       Insertion average length |	1.67
                             MULTI-MAPPING READS:
        Number of reads mapped to multiple loci |	18759425
             % of reads mapped to multiple loci |	15.22%
        Number of reads mapped to too many loci |	101498
             % of reads mapped to too many loci |	0.08%
                                  UNMAPPED READS:
  Number of reads unmapped: too many mismatches |	0
       % of reads unmapped: too many mismatches |	0.00%
            Number of reads unmapped: too short |	3898163
                 % of reads unmapped: too short |	3.16%
                Number of reads unmapped: other |	106765
                     % of reads unmapped: other |	0.09%
                                  CHIMERIC READS:
                       Number of chimeric reads |	0
                            % of chimeric reads |	0.00%
