           Time    Speed        Read     Read   Mapped   Mapped   Mapped   Mapped Unmapped Unmapped Unmapped Unmapped
                    M/hr      number   length   unique   length   MMrate    multi   multi+       MM    short    other
Jul 29 19:12:13    148.7     2643162      262    85.4%    263.2     0.3%    11.0%     0.1%     0.0%     3.3%     0.1%
Jul 29 19:13:13    170.6     5874740      262    85.6%    263.3     0.3%    11.0%     0.1%     0.0%     3.2%     0.1%
Jul 29 19:14:13    175.2     8956836      262    85.6%    263.4     0.2%    11.0%     0.1%     0.0%     3.2%     0.1%
Jul 29 19:15:13    175.3    11880776      262    85.6%    263.3     0.3%    11.0%     0.1%     0.0%     3.2%     0.1%
Jul 29 19:16:15    176.4    14991336      262    85.6%    263.3     0.3%    11.0%     0.1%     0.0%     3.2%     0.1%
Jul 29 19:17:15    178.1    18106734      262    85.6%    263.3     0.2%    11.0%     0.1%     0.0%     3.2%     0.1%
Jul 29 19:18:15    178.9    21165066      262    85.6%    263.4     0.2%    11.0%     0.1%     0.0%     3.2%     0.1%
Jul 29 19:19:15    179.8    24278658      262    85.6%    263.3     0.2%    11.0%     0.1%     0.0%     3.2%     0.1%
Jul 29 19:20:15    179.0    27146958      262    85.5%    263.3     0.3%    11.0%     0.1%     0.0%     3.2%     0.1%
Jul 29 19:21:16    177.7    29959603      262    85.5%    263.2     0.3%    11.0%     0.1%     0.0%     3.3%     0.1%
Jul 29 19:22:17    178.0    33025770      262    85.5%    263.2     0.3%    11.0%     0.1%     0.0%     3.3%     0.1%
Jul 29 19:23:17    178.2    36036880      262    85.5%    263.2     0.3%    11.0%     0.1%     0.0%     3.3%     0.1%
Jul 29 19:24:17    175.3    38361060      262    85.4%    263.1     0.3%    11.0%     0.1%     0.0%     3.3%     0.1%
Jul 29 19:25:17    175.6    41370495      262    85.4%    263.2     0.3%    11.0%     0.1%     0.0%     3.3%     0.1%
Jul 29 19:26:18    174.0    43941078      262    85.4%    263.1     0.3%    11.0%     0.1%     0.0%     3.4%     0.1%
Jul 29 19:27:20    174.4    47047813      262    85.4%    263.2     0.3%    11.0%     0.1%     0.0%     3.3%     0.1%
Jul 29 19:28:20    174.8    50061036      262    85.4%    263.2     0.3%    11.0%     0.1%     0.0%     3.3%     0.1%
Jul 29 19:29:24    174.6    53120902      262    85.4%    263.2     0.3%    11.0%     0.1%     0.0%     3.3%     0.1%
Jul 29 19:30:24    173.4    55635589      262    85.4%    263.2     0.3%    11.0%     0.1%     0.0%     3.4%     0.1%
Jul 29 19:31:24    174.1    58747822      262    85.4%    263.2     0.3%    11.0%     0.1%     0.0%     3.3%     0.1%
Jul 29 19:32:24    174.2    61713491      262    85.4%    263.2     0.3%    11.0%     0.1%     0.0%     3.3%     0.1%
Jul 29 19:33:24    174.7    64779909      262    85.4%    263.2     0.3%    11.0%     0.1%     0.0%     3.3%     0.1%
Jul 29 19:34:24    175.1    67836108      262    85.4%    263.2     0.3%    11.0%     0.1%     0.0%     3.3%     0.1%
Jul 29 19:35:27    173.6    70303414      262    85.4%    263.2     0.3%    11.0%     0.1%     0.0%     3.3%     0.1%
Jul 29 19:36:27    173.3    73060283      262    85.4%    263.3     0.3%    11.0%     0.1%     0.0%     3.3%     0.1%
Jul 29 19:37:27    173.4    76021103      262    85.4%    263.3     0.3%    11.0%     0.1%     0.0%     3.3%     0.1%
Jul 29 19:38:27    173.7    79030046      262    85.4%    263.3     0.3%    11.0%     0.1%     0.0%     3.3%     0.1%
Jul 29 19:39:27    172.3    81255704      262    85.4%    263.2     0.3%    11.0%     0.1%     0.0%     3.4%     0.1%
Jul 29 19:40:27    172.4    84173077      262    85.4%    263.2     0.3%    11.0%     0.1%     0.0%     3.4%     0.1%
Jul 29 19:44:37    152.5    85046288      262    85.4%    263.2     0.3%    11.0%     0.1%     0.0%     3.4%     0.1%
ALL DONE!
