           Time    Speed        Read     Read   Mapped   Mapped   Mapped   Mapped Unmapped Unmapped Unmapped Unmapped
                    M/hr      number   length   unique   length   MMrate    multi   multi+       MM    short    other
Jul 29 13:14:59    154.0     2566049      259    84.3%    261.0     0.1%    12.2%     0.2%     0.0%     3.2%     0.2%
Jul 29 13:15:59    169.8     5660080      260    84.3%    261.9     0.1%    12.2%     0.2%     0.0%     3.2%     0.2%
Jul 29 13:16:59    172.1     8603862      260    84.3%    262.2     0.2%    12.2%     0.2%     0.0%     3.2%     0.2%
Jul 29 13:17:59    173.8    11589326      260    84.2%    262.3     0.2%    12.2%     0.2%     0.0%     3.2%     0.2%
Jul 29 13:18:59    174.1    14505110      261    84.3%    262.6     0.2%    12.2%     0.2%     0.0%     3.2%     0.2%
Jul 29 13:19:59    174.8    17475125      261    84.2%    262.7     0.2%    12.2%     0.2%     0.0%     3.2%     0.2%
Jul 29 13:20:59    175.6    20490910      261    84.3%    262.8     0.2%    12.2%     0.2%     0.0%     3.2%     0.2%
Jul 29 13:21:59    175.6    23419836      261    84.2%    262.7     0.2%    12.2%     0.2%     0.0%     3.3%     0.2%
Jul 29 13:22:59    175.7    26353006      261    84.2%    262.6     0.2%    12.2%     0.2%     0.0%     3.3%     0.2%
Jul 29 13:23:59    175.9    29322171      261    84.2%    262.6     0.2%    12.2%     0.2%     0.0%     3.3%     0.2%
Jul 29 13:25:00    175.9    32296961      261    84.2%    262.6     0.2%    12.2%     0.2%     0.0%     3.3%     0.2%
Jul 29 13:26:00    176.1    35264974      261    84.2%    262.7     0.2%    12.2%     0.2%     0.0%     3.3%     0.2%
Jul 29 13:27:02    176.0    38273391      261    84.2%    262.8     0.2%    12.2%     0.2%     0.0%     3.3%     0.2%
Jul 29 13:28:03    176.0    41252544      261    84.2%    262.8     0.2%    12.2%     0.2%     0.0%     3.3%     0.2%
Jul 29 13:29:04    176.1    44274573      261    84.2%    262.8     0.2%    12.2%     0.2%     0.0%     3.3%     0.2%
Jul 29 13:30:05    176.3    47314778      261    84.2%    262.7     0.2%    12.2%     0.2%     0.0%     3.3%     0.2%
Jul 29 13:31:05    176.5    50299343      261    84.2%    262.6     0.2%    12.2%     0.2%     0.0%     3.3%     0.2%
Jul 29 13:32:05    176.8    53341007      261    84.2%    262.5     0.2%    12.2%     0.2%     0.0%     3.3%     0.2%
Jul 29 13:33:05    177.1    56389617      260    84.2%    262.4     0.2%    12.2%     0.2%     0.0%     3.3%     0.2%
Jul 29 13:34:06    177.1    59379196      260    84.2%    262.3     0.2%    12.2%     0.2%     0.0%     3.3%     0.2%
Jul 29 13:35:07    177.0    62359761      260    84.2%    262.3     0.2%    12.2%     0.2%     0.0%     3.3%     0.2%
Jul 29 13:36:09    177.0    65384061      260    84.2%    262.3     0.2%    12.2%     0.2%     0.0%     3.3%     0.2%
Jul 29 13:37:09    177.1    68363970      260    84.2%    262.3     0.2%    12.2%     0.2%     0.0%     3.3%     0.2%
Jul 29 13:38:09    177.3    71405307      260    84.2%    262.2     0.2%    12.2%     0.2%     0.0%     3.3%     0.2%
Jul 29 13:39:09    178.0    74642606      260    84.2%    262.2     0.2%    12.2%     0.2%     0.0%     3.3%     0.2%
Jul 29 13:40:10    178.4    77843099      260    84.2%    262.1     0.2%    12.2%     0.2%     0.0%     3.3%     0.2%
Jul 29 13:43:52    160.0    79694758      260    84.2%    262.0     0.2%    12.2%     0.2%     0.0%     3.3%     0.2%
ALL DONE!
