                                 Started job on |	Jul 29 16:22:56
                             Started mapping on |	Jul 29 16:22:57
                                    Finished on |	Jul 29 16:45:28
       Mapping speed, Million of reads per hour |	153.98

                          Number of input reads |	57786361
                      Average input read length |	258
                                    UNIQUE READS:
                   Uniquely mapped reads number |	44382068
                        Uniquely mapped reads % |	76.80%
                          Average mapped length |	261.92
                       Number of splices: Total |	15891099
            Number of splices: Annotated (sjdb) |	15555535
                       Number of splices: GT/AG |	15757108
                       Number of splices: GC/AG |	119595
                       Number of splices: AT/AC |	14396
               Number of splices: Non-canonical |	0
                      Mismatch rate per base, % |	0.32%
                         Deletion rate per base |	0.01%
                        Deletion average length |	1.93
                        Insertion rate per base |	0.01%
                       Insertion average length |	1.58
                             MULTI-MAPPING READS:
        Number of reads mapped to multiple loci |	11511016
             % of reads mapped to multiple loci |	19.92%
        Number of reads mapped to too many loci |	69786
             % of reads mapped to too many loci |	0.12%
                                  UNMAPPED READS:
  Number of reads unmapped: too many mismatches |	0
       % of reads unmapped: too many mismatches |	0.00%
            Number of reads unmapped: too short |	1741622
                 % of reads unmapped: too short |	3.01%
                Number of reads unmapped: other |	81869
                     % of reads unmapped: other |	0.14%
                                  CHIMERIC READS:
                       Number of chimeric reads |	0
                            % of chimeric reads |	0.00%
