                                 Started job on |	Jul 29 14:09:46
                             Started mapping on |	Jul 29 14:09:47
                                    Finished on |	Jul 29 14:52:03
       Mapping speed, Million of reads per hour |	146.71

                          Number of input reads |	103352548
                      Average input read length |	266
                                    UNIQUE READS:
                   Uniquely mapped reads number |	88860359
                        Uniquely mapped reads % |	85.98%
                          Average mapped length |	268.12
                       Number of splices: Total |	34772520
            Number of splices: Annotated (sjdb) |	34153011
                       Number of splices: GT/AG |	34486706
                       Number of splices: GC/AG |	255016
                       Number of splices: AT/AC |	30798
               Number of splices: Non-canonical |	0
                      Mismatch rate per base, % |	0.28%
                         Deletion rate per base |	0.01%
                        Deletion average length |	1.95
                        Insertion rate per base |	0.01%
                       Insertion average length |	1.65
                             MULTI-MAPPING READS:
        Number of reads mapped to multiple loci |	11311324
             % of reads mapped to multiple loci |	10.94%
        Number of reads mapped to too many loci |	113478
             % of reads mapped to too many loci |	0.11%
                                  UNMAPPED READS:
  Number of reads unmapped: too many mismatches |	0
       % of reads unmapped: too many mismatches |	0.00%
            Number of reads unmapped: too short |	2955025
                 % of reads unmapped: too short |	2.86%
                Number of reads unmapped: other |	112362
                     % of reads unmapped: other |	0.11%
                                  CHIMERIC READS:
                       Number of chimeric reads |	0
                            % of chimeric reads |	0.00%
