           Time    Speed        Read     Read   Mapped   Mapped   Mapped   Mapped Unmapped Unmapped Unmapped Unmapped
                    M/hr      number   length   unique   length   MMrate    multi   multi+       MM    short    other
Jul 29 15:23:08    145.7     2630712      275    85.5%    276.3     0.3%    11.5%     0.1%     0.0%     2.8%     0.1%
Jul 29 15:24:08    165.1     5733114      275    85.6%    276.3     0.2%    11.5%     0.1%     0.0%     2.8%     0.1%
Jul 29 15:25:08    170.1     8740998      275    85.5%    276.2     0.3%    11.5%     0.1%     0.0%     2.8%     0.1%
Jul 29 15:26:09    171.1    11689375      275    85.5%    276.2     0.2%    11.5%     0.1%     0.0%     2.8%     0.1%
Jul 29 15:27:11    171.5    14674992      275    85.6%    276.2     0.2%    11.5%     0.1%     0.0%     2.8%     0.1%
Jul 29 15:28:11    170.9    17474466      275    85.5%    276.2     0.2%    11.5%     0.1%     0.0%     2.8%     0.1%
Jul 29 15:29:11    170.9    20318080      275    85.5%    276.1     0.3%    11.5%     0.1%     0.0%     2.9%     0.1%
Jul 29 15:30:11    171.6    23258350      275    85.5%    276.1     0.3%    11.5%     0.1%     0.0%     2.9%     0.1%
Jul 29 15:31:11    168.7    25677415      275    85.4%    276.0     0.3%    11.5%     0.1%     0.0%     3.0%     0.1%
Jul 29 15:32:11    166.4    28095447      275    85.4%    276.0     0.3%    11.5%     0.1%     0.0%     3.0%     0.1%
Jul 29 15:33:13    166.7    31032695      275    85.4%    276.1     0.3%    11.5%     0.1%     0.0%     3.0%     0.1%
Jul 29 15:34:13    167.8    34016463      275    85.4%    276.1     0.3%    11.5%     0.1%     0.0%     2.9%     0.1%
Jul 29 15:35:15    166.2    36574880      275    85.4%    276.1     0.3%    11.5%     0.1%     0.0%     3.0%     0.1%
Jul 29 15:36:15    167.0    39516140      275    85.4%    276.1     0.3%    11.5%     0.1%     0.0%     2.9%     0.1%
Jul 29 15:37:15    167.8    42505153      275    85.4%    276.1     0.3%    11.5%     0.1%     0.0%     2.9%     0.1%
Jul 29 15:38:15    167.2    45156690      275    85.4%    276.1     0.3%    11.5%     0.1%     0.0%     2.9%     0.1%
Jul 29 15:39:17    166.3    47757936      275    85.4%    276.1     0.3%    11.5%     0.1%     0.0%     3.0%     0.1%
Jul 29 15:40:17    166.8    50693862      275    85.4%    276.1     0.3%    11.5%     0.1%     0.0%     3.0%     0.1%
Jul 29 15:41:17    165.5    53066687      275    85.4%    276.1     0.3%    11.5%     0.1%     0.0%     3.0%     0.1%
Jul 29 15:44:52    145.4    55300061      275    85.4%    276.1     0.3%    11.5%     0.1%     0.0%     3.0%     0.1%
ALL DONE!
