                                 Started job on |	Jul 29 15:53:56
                             Started mapping on |	Jul 29 15:53:56
                                    Finished on |	Jul 29 16:28:34
       Mapping speed, Million of reads per hour |	160.59

                          Number of input reads |	92696131
                      Average input read length |	260
                                    UNIQUE READS:
                   Uniquely mapped reads number |	81209392
                        Uniquely mapped reads % |	87.61%
                          Average mapped length |	261.85
                       Number of splices: Total |	29791242
            Number of splices: Annotated (sjdb) |	29243198
                       Number of splices: GT/AG |	29533410
                       Number of splices: GC/AG |	228693
                       Number of splices: AT/AC |	29139
               Number of splices: Non-canonical |	0
                      Mismatch rate per base, % |	0.18%
                         Deletion rate per base |	0.01%
                        Deletion average length |	1.97
                        Insertion rate per base |	0.01%
                       Insertion average length |	1.70
                             MULTI-MAPPING READS:
        Number of reads mapped to multiple loci |	8680192
             % of reads mapped to multiple loci |	9.36%
        Number of reads mapped to too many loci |	104211
             % of reads mapped to too many loci |	0.11%
                                  UNMAPPED READS:
  Number of reads unmapped: too many mismatches |	0
       % of reads unmapped: too many mismatches |	0.00%
            Number of reads unmapped: too short |	2573826
                 % of reads unmapped: too short |	2.78%
                Number of reads unmapped: other |	128510
                     % of reads unmapped: other |	0.14%
                                  CHIMERIC READS:
                       Number of chimeric reads |	0
                            % of chimeric reads |	0.00%
