           Time    Speed        Read     Read   Mapped   Mapped   Mapped   Mapped Unmapped Unmapped Unmapped Unmapped
                    M/hr      number   length   unique   length   MMrate    multi   multi+       MM    short    other
Jul 29 16:05:15    128.5     2140964      262    74.9%    267.7     0.3%    21.2%     0.1%     0.0%     3.7%     0.1%
Jul 29 16:06:15    146.0     4867516      263    75.1%    267.9     0.2%    21.2%     0.1%     0.0%     3.6%     0.1%
Jul 29 16:07:16    153.1     7695105      263    75.1%    267.9     0.2%    21.2%     0.1%     0.0%     3.6%     0.1%
Jul 29 16:08:17    153.5    10321897      263    75.1%    267.9     0.2%    21.2%     0.1%     0.0%     3.6%     0.1%
Jul 29 16:09:19    153.7    12981199      263    75.1%    267.9     0.2%    21.1%     0.1%     0.0%     3.6%     0.1%
Jul 29 16:10:22    154.4    15742847      263    75.0%    267.8     0.2%    21.2%     0.1%     0.0%     3.6%     0.1%
Jul 29 16:11:22    156.8    18596813      263    75.1%    267.9     0.2%    21.2%     0.1%     0.0%     3.6%     0.1%
Jul 29 16:12:22    157.2    21259146      263    75.0%    267.9     0.2%    21.2%     0.1%     0.0%     3.6%     0.1%
Jul 29 16:13:22    157.8    23971133      263    75.0%    267.9     0.2%    21.2%     0.1%     0.0%     3.6%     0.1%
Jul 29 16:14:23    155.4    26236959      263    75.0%    267.8     0.3%    21.2%     0.1%     0.0%     3.7%     0.1%
Jul 29 16:15:24    155.8    28948751      263    74.9%    267.8     0.3%    21.2%     0.1%     0.0%     3.7%     0.1%
Jul 29 16:16:24    156.3    31657632      263    74.9%    267.8     0.3%    21.2%     0.1%     0.0%     3.7%     0.1%
Jul 29 16:17:25    154.6    33926870      263    74.9%    267.8     0.3%    21.2%     0.1%     0.0%     3.7%     0.1%
Jul 29 16:18:25    154.7    36534865      263    74.9%    267.8     0.3%    21.2%     0.1%     0.0%     3.8%     0.1%
Jul 29 16:19:25    154.7    39099325      263    74.9%    267.7     0.3%    21.2%     0.1%     0.0%     3.8%     0.1%
Jul 29 16:20:26    156.3    42148128      263    74.9%    267.8     0.3%    21.2%     0.1%     0.0%     3.8%     0.1%
Jul 29 16:21:26    157.0    44955824      263    74.9%    267.8     0.3%    21.2%     0.1%     0.0%     3.8%     0.1%
Jul 29 16:22:26    157.9    47859850      263    74.9%    267.8     0.3%    21.2%     0.1%     0.0%     3.8%     0.1%
Jul 29 16:23:26    158.2    50564549      263    74.9%    267.8     0.3%    21.1%     0.1%     0.0%     3.8%     0.1%
Jul 29 16:24:28    158.4    53374785      263    74.9%    267.8     0.3%    21.1%     0.1%     0.0%     3.8%     0.1%
Jul 29 16:25:28    158.9    56181738      263    74.9%    267.9     0.3%    21.2%     0.1%     0.0%     3.8%     0.1%
Jul 29 16:26:31    158.7    58895248      263    74.9%    267.8     0.3%    21.2%     0.1%     0.0%     3.8%     0.1%
Jul 29 16:27:33    159.1    61796412      263    74.9%    267.9     0.3%    21.2%     0.1%     0.0%     3.8%     0.1%
Jul 29 16:28:33    158.3    64106832      263    74.9%    267.8     0.3%    21.1%     0.1%     0.0%     3.8%     0.1%
Jul 29 16:29:33    158.8    66960563      263    74.9%    267.9     0.3%    21.1%     0.1%     0.0%     3.8%     0.1%
Jul 29 16:30:33    158.4    69418334      263    74.9%    267.9     0.3%    21.1%     0.1%     0.0%     3.8%     0.1%
Jul 29 16:31:33    158.2    71982859      263    74.9%    267.9     0.3%    21.1%     0.1%     0.0%     3.8%     0.1%
Jul 29 16:32:33    157.6    74347388      263    74.9%    267.8     0.3%    21.2%     0.1%     0.0%     3.8%     0.1%
Jul 29 16:37:40    137.1    76366126      263    74.9%    267.8     0.3%    21.2%     0.1%     0.0%     3.8%     0.1%
ALL DONE!
