                                 Started job on |	Jul 29 19:11:09
                             Started mapping on |	Jul 29 19:11:09
                                    Finished on |	Jul 29 19:44:37
       Mapping speed, Million of reads per hour |	152.47

                          Number of input reads |	85046288
                      Average input read length |	262
                                    UNIQUE READS:
                   Uniquely mapped reads number |	72614665
                        Uniquely mapped reads % |	85.38%
                          Average mapped length |	263.21
                       Number of splices: Total |	22919534
            Number of splices: Annotated (sjdb) |	22387293
                       Number of splices: GT/AG |	22712724
                       Number of splices: GC/AG |	187898
                       Number of splices: AT/AC |	18912
               Number of splices: Non-canonical |	0
                      Mismatch rate per base, % |	0.29%
                         Deletion rate per base |	0.01%
                        Deletion average length |	1.96
                        Insertion rate per base |	0.01%
                       Insertion average length |	1.68
                             MULTI-MAPPING READS:
        Number of reads mapped to multiple loci |	9379721
             % of reads mapped to multiple loci |	11.03%
        Number of reads mapped to too many loci |	102126
             % of reads mapped to too many loci |	0.12%
                                  UNMAPPED READS:
  Number of reads unmapped: too many mismatches |	0
       % of reads unmapped: too many mismatches |	0.00%
            Number of reads unmapped: too short |	2855780
                 % of reads unmapped: too short |	3.36%
                Number of reads unmapped: other |	93996
                     % of reads unmapped: other |	0.11%
                                  CHIMERIC READS:
                       Number of chimeric reads |	0
                            % of chimeric reads |	0.00%
