                                 Started job on |	Jul 29 15:20:49
                             Started mapping on |	Jul 29 15:20:49
                                    Finished on |	Jul 29 15:45:28
       Mapping speed, Million of reads per hour |	144.47

                          Number of input reads |	59353138
                      Average input read length |	270
                                    UNIQUE READS:
                   Uniquely mapped reads number |	46519254
                        Uniquely mapped reads % |	78.38%
                          Average mapped length |	272.75
                       Number of splices: Total |	14828308
            Number of splices: Annotated (sjdb) |	14576462
                       Number of splices: GT/AG |	14710485
                       Number of splices: GC/AG |	106083
                       Number of splices: AT/AC |	11740
               Number of splices: Non-canonical |	0
                      Mismatch rate per base, % |	0.31%
                         Deletion rate per base |	0.01%
                        Deletion average length |	1.96
                        Insertion rate per base |	0.01%
                       Insertion average length |	1.66
                             MULTI-MAPPING READS:
        Number of reads mapped to multiple loci |	10986707
             % of reads mapped to multiple loci |	18.51%
        Number of reads mapped to too many loci |	61579
             % of reads mapped to too many loci |	0.10%
                                  UNMAPPED READS:
  Number of reads unmapped: too many mismatches |	0
       % of reads unmapped: too many mismatches |	0.00%
            Number of reads unmapped: too short |	1723627
                 % of reads unmapped: too short |	2.90%
                Number of reads unmapped: other |	61971
                     % of reads unmapped: other |	0.10%
                                  CHIMERIC READS:
                       Number of chimeric reads |	0
                            % of chimeric reads |	0.00%
