           Time    Speed        Read     Read   Mapped   Mapped   Mapped   Mapped Unmapped Unmapped Unmapped Unmapped
                    M/hr      number   length   unique   length   MMrate    multi   multi+       MM    short    other
Jul 29 14:51:37    164.9     2748621      261    71.5%    265.6     0.1%    26.0%     0.1%     0.0%     2.2%     0.1%
Jul 29 14:52:38    188.3     6329125      262    71.6%    266.1     0.2%    26.0%     0.1%     0.0%     2.2%     0.1%
Jul 29 14:53:38    189.1     9509219      262    71.6%    266.3     0.2%    26.0%     0.1%     0.0%     2.3%     0.1%
Jul 29 14:54:38    188.5    12616476      262    71.6%    266.5     0.2%    25.9%     0.1%     0.0%     2.3%     0.1%
Jul 29 14:55:41    187.3    15816595      262    71.6%    266.7     0.2%    25.9%     0.1%     0.0%     2.3%     0.1%
Jul 29 14:56:41    187.7    18978322      262    71.6%    266.6     0.2%    25.9%     0.1%     0.0%     2.3%     0.1%
Jul 29 14:57:41    187.6    22092288      262    71.6%    266.6     0.2%    25.9%     0.1%     0.0%     2.3%     0.1%
Jul 29 14:58:43    188.5    25448417      262    71.6%    266.6     0.2%    25.9%     0.1%     0.0%     2.3%     0.1%
Jul 29 14:59:44    189.5    28797294      262    71.6%    266.7     0.2%    25.9%     0.1%     0.0%     2.3%     0.1%
Jul 29 15:00:45    189.7    32044184      262    71.6%    266.8     0.2%    25.9%     0.1%     0.0%     2.3%     0.1%
Jul 29 15:01:45    190.5    35355944      262    71.6%    266.7     0.2%    25.9%     0.1%     0.0%     2.3%     0.1%
Jul 29 15:02:45    189.3    38276122      262    71.6%    266.6     0.2%    25.9%     0.1%     0.0%     2.3%     0.1%
Jul 29 15:03:46    189.5    41540785      262    71.6%    266.6     0.2%    25.9%     0.1%     0.0%     2.3%     0.1%
Jul 29 15:04:46    190.7    44962939      262    71.6%    266.5     0.2%    25.9%     0.1%     0.0%     2.3%     0.1%
Jul 29 15:05:46    190.7    48142574      262    71.6%    266.3     0.2%    25.9%     0.1%     0.0%     2.3%     0.1%
Jul 29 15:06:47    191.2    51508739      262    71.6%    266.3     0.2%    26.0%     0.1%     0.0%     2.3%     0.1%
Jul 29 15:07:47    191.8    54867510      262    71.6%    266.3     0.2%    26.0%     0.1%     0.0%     2.3%     0.1%
Jul 29 15:08:48    192.5    58329444      262    71.5%    266.3     0.2%    26.0%     0.1%     0.0%     2.3%     0.1%
Jul 29 15:09:49    192.8    61700569      262    71.5%    266.2     0.2%    26.0%     0.1%     0.0%     2.3%     0.1%
Jul 29 15:10:50    193.0    65029628      262    71.5%    266.1     0.2%    26.0%     0.1%     0.0%     2.3%     0.1%
Jul 29 15:15:35    159.2    66252593      262    71.5%    266.1     0.2%    26.0%     0.1%     0.0%     2.3%     0.1%
ALL DONE!
