           Time    Speed        Read     Read   Mapped   Mapped   Mapped   Mapped Unmapped Unmapped Unmapped Unmapped
                    M/hr      number   length   unique   length   MMrate    multi   multi+       MM    short    other
Jul 29 14:35:28    118.5     1975517      273    83.6%    275.7     0.3%    12.7%     0.1%     0.0%     3.4%     0.1%
Jul 29 14:36:28    135.5     4516037      273    83.8%    276.1     0.3%    12.7%     0.1%     0.0%     3.3%     0.1%
Jul 29 14:37:28    139.3     6966132      273    83.8%    275.9     0.3%    12.7%     0.1%     0.0%     3.3%     0.1%
Jul 29 14:38:28    143.3     9556609      273    83.8%    276.0     0.3%    12.7%     0.1%     0.0%     3.3%     0.1%
Jul 29 14:39:30    141.8    11896587      273    83.9%    276.0     0.3%    12.7%     0.1%     0.0%     3.3%     0.1%
Jul 29 14:40:30    141.6    14235112      273    83.8%    275.9     0.3%    12.7%     0.1%     0.0%     3.3%     0.1%
Jul 29 14:41:30    142.2    16664994      273    83.8%    275.9     0.3%    12.7%     0.1%     0.0%     3.3%     0.1%
Jul 29 14:42:32    142.1    19100550      273    83.8%    275.9     0.3%    12.7%     0.1%     0.0%     3.3%     0.1%
Jul 29 14:43:34    142.3    21577413      273    83.8%    275.9     0.3%    12.7%     0.1%     0.0%     3.3%     0.1%
Jul 29 14:44:34    143.2    24104382      273    83.8%    275.9     0.3%    12.7%     0.1%     0.0%     3.3%     0.1%
Jul 29 14:45:34    144.0    26632282      273    83.8%    275.9     0.3%    12.7%     0.1%     0.0%     3.3%     0.1%
Jul 29 14:46:37    145.0    29354107      273    83.8%    275.9     0.3%    12.7%     0.1%     0.0%     3.3%     0.1%
Jul 29 14:47:38    144.0    31594468      273    83.7%    275.8     0.3%    12.7%     0.1%     0.0%     3.4%     0.1%
Jul 29 14:48:38    145.3    34311476      273    83.7%    275.8     0.3%    12.7%     0.1%     0.0%     3.4%     0.1%
Jul 29 14:49:38    146.7    37080300      273    83.7%    275.8     0.3%    12.7%     0.1%     0.0%     3.4%     0.1%
Jul 29 14:50:39    148.8    40131192      273    83.7%    275.8     0.3%    12.7%     0.1%     0.0%     3.4%     0.1%
Jul 29 14:51:39    146.5    41945170      273    83.6%    275.8     0.3%    12.7%     0.1%     0.0%     3.4%     0.1%
Jul 29 14:52:39    146.6    44421779      273    83.6%    275.8     0.3%    12.7%     0.1%     0.0%     3.4%     0.1%
Jul 29 14:53:41    145.7    46664582      273    83.6%    275.8     0.3%    12.7%     0.1%     0.0%     3.4%     0.1%
Jul 29 14:54:42    144.6    48762032      273    83.6%    275.8     0.3%    12.7%     0.1%     0.0%     3.5%     0.1%
Jul 29 14:55:43    144.9    51332919      273    83.7%    275.8     0.3%    12.7%     0.1%     0.0%     3.4%     0.1%
Jul 29 14:56:43    145.1    53814225      273    83.7%    275.8     0.3%    12.7%     0.1%     0.0%     3.4%     0.1%
Jul 29 14:57:44    144.8    56146233      273    83.7%    275.8     0.3%    12.7%     0.1%     0.0%     3.4%     0.1%
Jul 29 14:58:44    144.5    58434691      273    83.7%    275.8     0.3%    12.7%     0.1%     0.0%     3.4%     0.1%
Jul 29 14:59:44    143.6    60482077      273    83.7%    275.8     0.3%    12.7%     0.1%     0.0%     3.5%     0.1%
Jul 29 15:00:44    143.5    62815207      273    83.7%    275.8     0.3%    12.7%     0.1%     0.0%     3.4%     0.1%
Jul 29 15:01:44    143.7    65298805      273    83.7%    275.8     0.3%    12.7%     0.1%     0.0%     3.4%     0.1%
Jul 29 15:02:44    143.8    67730454      273    83.7%    275.8     0.3%    12.7%     0.1%     0.0%     3.4%     0.1%
Jul 29 15:03:44    143.9    70212559      273    83.7%    275.8     0.3%    12.7%     0.1%     0.0%     3.4%     0.1%
Jul 29 15:04:45    143.7    72548817      273    83.7%    275.8     0.3%    12.7%     0.1%     0.0%     3.4%     0.1%
Jul 29 15:05:46    143.9    75071204      273    83.7%    275.8     0.3%    12.7%     0.1%     0.0%     3.4%     0.1%
Jul 29 15:06:49    142.7    76929522      273    83.7%    275.8     0.3%    12.7%     0.1%     0.0%     3.4%     0.1%
Jul 29 15:07:50    142.5    79259268      273    83.7%    275.8     0.3%    12.7%     0.1%     0.0%     3.5%     0.1%
Jul 29 15:08:51    142.9    81880237      273    83.7%    275.8     0.3%    12.7%     0.1%     0.0%     3.5%     0.1%
Jul 29 15:09:52    142.9    84307110      273    83.7%    275.9     0.3%    12.7%     0.1%     0.0%     3.4%     0.1%
Jul 29 15:10:53    143.1    86832464      273    83.7%    275.9     0.3%    12.7%     0.1%     0.0%     3.4%     0.1%
Jul 29 15:11:53    142.7    88981414      273    83.6%    275.8     0.3%    12.7%     0.1%     0.0%     3.5%     0.1%
Jul 29 15:12:54    142.9    91557034      273    83.6%    275.8     0.3%    12.7%     0.1%     0.0%     3.5%     0.1%
Jul 29 15:20:07    122.4    93162343      273    83.6%    275.8     0.3%    12.7%     0.1%     0.0%     3.5%     0.1%
ALL DONE!
