           Time    Speed        Read     Read   Mapped   Mapped   Mapped   Mapped Unmapped Unmapped Unmapped Unmapped
                    M/hr      number   length   unique   length   MMrate    multi   multi+       MM    short    other
Jul 29 14:10:53    136.8     2507788      266    86.0%    268.0     0.3%    11.0%     0.1%     0.0%     2.8%     0.1%
Jul 29 14:11:53    161.1     5639420      267    86.2%    268.4     0.2%    10.9%     0.1%     0.0%     2.7%     0.1%
Jul 29 14:12:53    169.9     8779684      266    86.2%    268.2     0.2%    10.9%     0.1%     0.0%     2.7%     0.1%
Jul 29 14:13:56    170.6    11802618      266    86.2%    268.3     0.2%    10.9%     0.1%     0.0%     2.7%     0.1%
Jul 29 14:14:57    169.9    14630772      266    86.1%    268.1     0.2%    10.9%     0.1%     0.0%     2.7%     0.1%
Jul 29 14:15:58    170.8    17597847      266    86.2%    268.2     0.2%    10.9%     0.1%     0.0%     2.7%     0.1%
Jul 29 14:16:58    172.2    20618922      266    86.2%    268.2     0.2%    10.9%     0.1%     0.0%     2.7%     0.1%
Jul 29 14:17:58    172.9    23586245      266    86.2%    268.2     0.2%    10.9%     0.1%     0.0%     2.7%     0.1%
Jul 29 14:18:59    173.5    26602561      266    86.2%    268.3     0.2%    10.9%     0.1%     0.0%     2.7%     0.1%
Jul 29 14:19:59    173.7    29524339      266    86.2%    268.2     0.2%    10.9%     0.1%     0.0%     2.7%     0.1%
Jul 29 14:20:59    174.6    32595361      266    86.2%    268.2     0.2%    10.9%     0.1%     0.0%     2.7%     0.1%
Jul 29 14:22:01    172.3    35124948      266    86.1%    268.1     0.3%    10.9%     0.1%     0.0%     2.8%     0.1%
Jul 29 14:23:03    172.3    38093512      266    86.1%    268.1     0.3%    10.9%     0.1%     0.0%     2.8%     0.1%
Jul 29 14:24:03    172.5    41017925      266    86.1%    268.1     0.3%    10.9%     0.1%     0.0%     2.8%     0.1%
Jul 29 14:25:03    172.7    43936692      266    86.1%    268.1     0.3%    10.9%     0.1%     0.0%     2.8%     0.1%
Jul 29 14:26:04    170.3    46228156      266    86.0%    268.1     0.3%    10.9%     0.1%     0.0%     2.8%     0.1%
Jul 29 14:27:04    170.4    49095591      266    86.0%    268.1     0.3%    10.9%     0.1%     0.0%     2.8%     0.1%
Jul 29 14:28:04    169.6    51677024      266    86.0%    268.1     0.3%    10.9%     0.1%     0.0%     2.8%     0.1%
Jul 29 14:29:04    168.8    54255672      266    86.0%    268.1     0.3%    10.9%     0.1%     0.0%     2.9%     0.1%
Jul 29 14:30:04    169.3    57220026      266    86.0%    268.1     0.3%    10.9%     0.1%     0.0%     2.8%     0.1%
Jul 29 14:31:06    169.8    60336100      266    86.0%    268.1     0.3%    10.9%     0.1%     0.0%     2.8%     0.1%
Jul 29 14:32:06    170.6    63445391      266    86.0%    268.1     0.3%    10.9%     0.1%     0.0%     2.8%     0.1%
Jul 29 14:33:06    169.5    65879566      266    86.0%    268.1     0.3%    10.9%     0.1%     0.0%     2.8%     0.1%
Jul 29 14:34:06    170.3    69037616      266    86.0%    268.1     0.3%    10.9%     0.1%     0.0%     2.8%     0.1%
Jul 29 14:35:06    171.5    72352820      266    86.0%    268.1     0.3%    10.9%     0.1%     0.0%     2.8%     0.1%
Jul 29 14:36:06    172.1    75468335      266    86.0%    268.1     0.3%    10.9%     0.1%     0.0%     2.8%     0.1%
Jul 29 14:37:07    172.4    78539675      266    86.0%    268.1     0.3%    10.9%     0.1%     0.0%     2.8%     0.1%
Jul 29 14:38:07    172.9    81650624      266    86.0%    268.1     0.3%    10.9%     0.1%     0.0%     2.8%     0.1%
Jul 29 14:39:07    172.7    84422691      266    86.0%    268.1     0.3%    10.9%     0.1%     0.0%     2.8%     0.1%
Jul 29 14:40:08    171.5    86751197      266    86.0%    268.1     0.3%    10.9%     0.1%     0.0%     2.9%     0.1%
Jul 29 14:41:08    171.8    89761926      266    86.0%    268.2     0.3%    10.9%     0.1%     0.0%     2.9%     0.1%
Jul 29 14:42:08    172.3    92872748      266    86.0%    268.2     0.3%    10.9%     0.1%     0.0%     2.9%     0.1%
Jul 29 14:43:09    172.4    95885593      266    86.0%    268.2     0.3%    10.9%     0.1%     0.0%     2.8%     0.1%
Jul 29 14:44:12    171.5    98373681      266    86.0%    268.2     0.3%    10.9%     0.1%     0.0%     2.9%     0.1%
Jul 29 14:45:12    171.6   101284975      266    86.0%    268.1     0.3%    10.9%     0.1%     0.0%     2.9%     0.1%
Jul 29 14:52:03    146.7   103352548      266    86.0%    268.1     0.3%    10.9%     0.1%     0.0%     2.9%     0.1%
ALL DONE!
