           Time    Speed        Read     Read   Mapped   Mapped   Mapped   Mapped Unmapped Unmapped Unmapped Unmapped
                    M/hr      number   length   unique   length   MMrate    multi   multi+       MM    short    other
Jul 29 15:17:04    123.3     2055337      261    75.2%    264.9     0.2%    22.4%     0.1%     0.0%     2.3%     0.1%
Jul 29 15:18:04    131.6     4388300      262    75.3%    266.0     0.2%    22.3%     0.1%     0.0%     2.3%     0.1%
Jul 29 15:19:04    135.5     6773223      262    75.3%    266.3     0.2%    22.2%     0.1%     0.0%     2.3%     0.1%
Jul 29 15:20:04    142.6     9507856      262    75.3%    266.3     0.2%    22.2%     0.1%     0.0%     2.3%     0.1%
Jul 29 15:21:08    151.1    12763107      262    75.3%    266.6     0.2%    22.2%     0.1%     0.0%     2.3%     0.1%
Jul 29 15:22:08    158.9    16066724      262    75.3%    266.6     0.2%    22.2%     0.1%     0.0%     2.3%     0.1%
Jul 29 15:23:08    163.2    19219737      262    75.3%    266.7     0.2%    22.2%     0.1%     0.0%     2.3%     0.1%
Jul 29 15:24:08    165.3    22218544      262    75.4%    266.9     0.2%    22.1%     0.1%     0.0%     2.3%     0.1%
Jul 29 15:25:08    167.6    25322541      262    75.4%    266.9     0.2%    22.1%     0.1%     0.0%     2.3%     0.1%
Jul 29 15:26:08    169.2    28383628      262    75.4%    266.9     0.2%    22.1%     0.1%     0.0%     2.3%     0.1%
Jul 29 15:27:08    170.8    31496968      262    75.3%    266.8     0.2%    22.1%     0.1%     0.0%     2.3%     0.1%
Jul 29 15:28:08    171.6    34501736      262    75.3%    266.8     0.2%    22.2%     0.1%     0.0%     2.3%     0.1%
Jul 29 15:29:08    172.5    37564298      262    75.3%    266.8     0.2%    22.2%     0.1%     0.0%     2.3%     0.1%
Jul 29 15:30:08    173.6    40711091      262    75.3%    266.9     0.2%    22.2%     0.1%     0.0%     2.4%     0.1%
Jul 29 15:31:08    174.1    43718171      262    75.3%    266.9     0.2%    22.2%     0.1%     0.0%     2.4%     0.1%
Jul 29 15:32:09    174.6    46809569      262    75.3%    267.0     0.2%    22.1%     0.1%     0.0%     2.4%     0.1%
Jul 29 15:33:09    174.8    49770980      262    75.3%    267.0     0.2%    22.1%     0.1%     0.0%     2.4%     0.1%
Jul 29 15:34:09    175.0    52732773      262    75.3%    267.0     0.2%    22.2%     0.1%     0.0%     2.4%     0.1%
Jul 29 15:35:09    175.3    55750420      262    75.3%    266.9     0.2%    22.2%     0.1%     0.0%     2.4%     0.1%
Jul 29 15:36:10    175.7    58866025      262    75.3%    266.9     0.2%    22.2%     0.1%     0.0%     2.4%     0.1%
Jul 29 15:37:10    176.1    61937960      262    75.3%    266.8     0.2%    22.2%     0.1%     0.0%     2.4%     0.1%
Jul 29 15:38:10    177.0    65207850      262    75.3%    266.7     0.2%    22.2%     0.1%     0.0%     2.4%     0.1%
Jul 29 15:39:10    177.8    68433940      262    75.3%    266.6     0.2%    22.2%     0.1%     0.0%     2.3%     0.1%
Jul 29 15:40:11    178.0    71557600      262    75.3%    266.6     0.2%    22.2%     0.1%     0.0%     2.3%     0.1%
Jul 29 15:41:11    178.5    74727073      262    75.3%    266.5     0.2%    22.2%     0.1%     0.0%     2.3%     0.1%
Jul 29 15:42:11    179.4    78075159      262    75.2%    266.6     0.2%    22.2%     0.1%     0.0%     2.3%     0.1%
Jul 29 15:43:14    180.3    81636635      262    75.2%    266.5     0.2%    22.2%     0.1%     0.0%     2.4%     0.1%
Jul 29 15:44:15    181.7    85337614      262    75.2%    266.5     0.2%    22.2%     0.1%     0.0%     2.4%     0.1%
Jul 29 15:45:16    182.9    89008777      262    75.2%    266.5     0.2%    22.2%     0.1%     0.0%     2.4%     0.1%
Jul 29 15:46:16    183.2    92232689      262    75.2%    266.4     0.2%    22.3%     0.1%     0.0%     2.4%     0.1%
Jul 29 15:47:17    183.4    95409884      262    75.2%    266.4     0.2%    22.3%     0.1%     0.0%     2.3%     0.1%
Jul 29 15:53:45    155.5    97650514      262    75.2%    266.3     0.2%    22.3%     0.1%     0.0%     2.3%     0.1%
ALL DONE!
