           Time    Speed        Read     Read   Mapped   Mapped   Mapped   Mapped Unmapped Unmapped Unmapped Unmapped
                    M/hr      number   length   unique   length   MMrate    multi   multi+       MM    short    other
Jul 29 14:42:34    148.6     2559505      260    80.6%    262.3     0.3%    16.3%     0.2%     0.0%     2.8%     0.2%
Jul 29 14:43:36    173.0     5959558      260    80.6%    262.5     0.2%    16.3%     0.2%     0.0%     2.7%     0.2%
Jul 29 14:44:36    189.0     9659469      260    80.6%    262.6     0.2%    16.3%     0.2%     0.0%     2.7%     0.2%
Jul 29 14:45:38    184.3    12597029      260    80.6%    262.5     0.2%    16.3%     0.2%     0.0%     2.7%     0.2%
Jul 29 14:46:38    181.5    15426197      260    80.6%    262.5     0.2%    16.3%     0.2%     0.0%     2.7%     0.2%
Jul 29 14:47:38    180.1    18311417      260    80.6%    262.5     0.2%    16.3%     0.2%     0.0%     2.7%     0.2%
Jul 29 14:48:39    176.5    20939342      260    80.6%    262.6     0.2%    16.3%     0.2%     0.0%     2.7%     0.2%
Jul 29 14:49:39    176.5    23872393      260    80.6%    262.5     0.2%    16.3%     0.2%     0.0%     2.7%     0.2%
Jul 29 14:50:39    178.0    27053111      260    80.6%    262.5     0.2%    16.3%     0.2%     0.0%     2.7%     0.2%
Jul 29 14:51:39    176.6    29785024      260    80.5%    262.5     0.2%    16.3%     0.2%     0.0%     2.8%     0.2%
Jul 29 14:52:39    178.2    33016354      260    80.5%    262.4     0.2%    16.3%     0.2%     0.0%     2.8%     0.2%
Jul 29 14:53:39    179.0    36145039      260    80.5%    262.5     0.2%    16.3%     0.2%     0.0%     2.8%     0.2%
Jul 29 14:54:39    177.4    38781330      260    80.5%    262.4     0.3%    16.3%     0.2%     0.0%     2.9%     0.2%
Jul 29 14:55:39    176.8    41608813      260    80.5%    262.4     0.3%    16.3%     0.2%     0.0%     2.9%     0.2%
Jul 29 14:56:41    175.8    44393162      260    80.5%    262.4     0.3%    16.3%     0.2%     0.0%     2.9%     0.2%
Jul 29 14:57:42    176.3    47516281      260    80.5%    262.4     0.3%    16.2%     0.2%     0.0%     2.9%     0.2%
Jul 29 14:58:42    177.5    50795269      260    80.5%    262.4     0.3%    16.2%     0.2%     0.0%     2.9%     0.2%
Jul 29 14:59:42    178.1    53919667      260    80.5%    262.5     0.3%    16.2%     0.2%     0.0%     2.9%     0.2%
Jul 29 15:00:42    176.7    56450511      260    80.5%    262.5     0.3%    16.2%     0.2%     0.0%     2.9%     0.2%
Jul 29 15:01:42    177.7    59728402      260    80.5%    262.5     0.3%    16.2%     0.2%     0.0%     2.9%     0.2%
Jul 29 15:02:42    178.3    62911170      260    80.5%    262.5     0.3%    16.3%     0.2%     0.0%     2.9%     0.2%
Jul 29 15:03:42    178.6    65995589      260    80.5%    262.5     0.3%    16.3%     0.2%     0.0%     2.9%     0.2%
Jul 29 15:04:42    178.6    68969441      260    80.5%    262.5     0.3%    16.3%     0.2%     0.0%     2.9%     0.2%
Jul 29 15:05:42    177.4    71450754      260    80.5%    262.5     0.3%    16.3%     0.2%     0.0%     2.9%     0.2%
Jul 29 15:06:44    176.7    74223004      260    80.5%    262.5     0.3%    16.2%     0.2%     0.0%     2.9%     0.2%
Jul 29 15:07:44    177.0    77299692      260    80.5%    262.5     0.3%    16.2%     0.2%     0.0%     2.9%     0.2%
Jul 29 15:08:45    177.3    80422948      260    80.5%    262.5     0.3%    16.2%     0.2%     0.0%     2.9%     0.2%
Jul 29 15:09:45    176.1    82812499      260    80.4%    262.5     0.3%    16.2%     0.2%     0.0%     2.9%     0.2%
Jul 29 15:10:45    176.2    85796598      260    80.4%    262.5     0.3%    16.3%     0.2%     0.0%     2.9%     0.2%
Jul 29 15:16:30    149.0    86810901      260    80.4%    262.4     0.3%    16.3%     0.2%     0.0%     2.9%     0.2%
ALL DONE!
