           Time    Speed        Read     Read   Mapped   Mapped   Mapped   Mapped Unmapped Unmapped Unmapped Unmapped
                    M/hr      number   length   unique   length   MMrate    multi   multi+       MM    short    other
Jul 29 19:12:09    134.9     2249084      261    80.9%    264.2     0.3%    15.6%     0.1%     0.0%     3.4%     0.1%
Jul 29 19:13:09    157.0     5233371      262    81.0%    264.6     0.3%    15.5%     0.1%     0.0%     3.3%     0.1%
Jul 29 19:14:09    164.3     8217196      262    81.1%    264.7     0.2%    15.5%     0.1%     0.0%     3.3%     0.1%
Jul 29 19:15:09    167.3    11150948      262    81.0%    264.6     0.2%    15.5%     0.1%     0.0%     3.3%     0.1%
Jul 29 19:16:09    168.8    14065498      262    81.1%    264.6     0.2%    15.5%     0.1%     0.0%     3.3%     0.1%
Jul 29 19:17:09    170.8    17080263      262    81.1%    264.7     0.2%    15.5%     0.1%     0.0%     3.3%     0.1%
Jul 29 19:18:09    168.9    19706352      261    81.0%    264.5     0.2%    15.5%     0.1%     0.0%     3.3%     0.1%
Jul 29 19:19:09    169.7    22621095      262    81.0%    264.6     0.2%    15.5%     0.1%     0.0%     3.3%     0.1%
Jul 29 19:20:11    170.9    25734161      262    81.1%    264.6     0.2%    15.5%     0.1%     0.0%     3.3%     0.1%
Jul 29 19:21:11    172.0    28755981      262    81.1%    264.5     0.2%    15.5%     0.1%     0.0%     3.3%     0.1%
Jul 29 19:22:11    172.2    31669777      262    81.1%    264.6     0.2%    15.5%     0.1%     0.0%     3.3%     0.1%
Jul 29 19:23:11    172.7    34632214      262    81.1%    264.6     0.2%    15.5%     0.1%     0.0%     3.3%     0.1%
Jul 29 19:24:12    172.9    37602684      262    81.1%    264.6     0.2%    15.5%     0.1%     0.0%     3.3%     0.1%
Jul 29 19:25:12    173.2    40568906      262    81.1%    264.6     0.2%    15.5%     0.1%     0.0%     3.3%     0.1%
Jul 29 19:26:13    173.4    43539541      262    81.0%    264.6     0.2%    15.5%     0.1%     0.0%     3.3%     0.1%
Jul 29 19:27:13    170.7    45717401      262    81.0%    264.5     0.2%    15.5%     0.1%     0.0%     3.3%     0.1%
Jul 29 19:28:13    170.3    48433934      262    81.0%    264.5     0.3%    15.5%     0.1%     0.0%     3.4%     0.1%
Jul 29 19:29:13    170.5    51351750      262    81.0%    264.5     0.3%    15.5%     0.1%     0.0%     3.4%     0.1%
Jul 29 19:30:13    170.6    54224686      261    81.0%    264.5     0.3%    15.5%     0.1%     0.0%     3.4%     0.1%
Jul 29 19:31:13    170.8    57139643      262    81.0%    264.5     0.3%    15.5%     0.1%     0.0%     3.4%     0.1%
Jul 29 19:32:14    171.1    60106986      261    81.0%    264.5     0.2%    15.5%     0.1%     0.0%     3.4%     0.1%
Jul 29 19:33:14    169.2    62286488      261    80.9%    264.4     0.3%    15.5%     0.1%     0.0%     3.4%     0.1%
Jul 29 19:34:14    168.2    64706601      261    80.9%    264.4     0.3%    15.5%     0.1%     0.0%     3.4%     0.1%
Jul 29 19:35:15    168.3    67619729      262    80.9%    264.4     0.3%    15.5%     0.1%     0.0%     3.4%     0.1%
Jul 29 19:36:15    167.7    70145570      261    80.9%    264.4     0.3%    15.5%     0.1%     0.0%     3.4%     0.1%
Jul 29 19:37:15    167.0    72666180      262    80.9%    264.4     0.3%    15.5%     0.1%     0.0%     3.4%     0.1%
Jul 29 19:38:16    167.3    75625997      262    80.9%    264.5     0.3%    15.5%     0.1%     0.0%     3.4%     0.1%
Jul 29 19:39:16    167.7    78593597      262    80.9%    264.5     0.3%    15.5%     0.1%     0.0%     3.4%     0.1%
Jul 29 19:40:16    168.2    81607454      262    80.9%    264.5     0.3%    15.5%     0.1%     0.0%     3.4%     0.1%
Jul 29 19:41:16    169.2    84912343      262    80.9%    264.5     0.3%    15.5%     0.1%     0.0%     3.4%     0.1%
Jul 29 19:42:16    169.5    87879791      262    80.9%    264.5     0.3%    15.5%     0.1%     0.0%     3.4%     0.1%
Jul 29 19:43:16    169.9    90938981      262    80.9%    264.5     0.3%    15.5%     0.1%     0.0%     3.4%     0.1%
Jul 29 19:44:17    171.8    94888683      262    80.9%    264.5     0.3%    15.5%     0.1%     0.0%     3.4%     0.1%
Jul 29 19:45:18    174.1    99097082      262    80.9%    264.5     0.3%    15.5%     0.1%     0.0%     3.4%     0.1%
Jul 29 19:46:18    176.5   103421209      262    80.9%    264.5     0.3%    15.5%     0.1%     0.0%     3.4%     0.1%
Jul 29 19:47:18    178.9   107798533      262    80.9%    264.5     0.3%    15.5%     0.1%     0.0%     3.4%     0.1%
Jul 29 19:48:18    181.1   112159370      262    80.9%    264.5     0.3%    15.5%     0.1%     0.0%     3.4%     0.1%
Jul 29 19:49:19    181.9   115692117      262    80.9%    264.5     0.3%    15.5%     0.1%     0.0%     3.4%     0.1%
Jul 29 19:50:19    184.1   120146858      262    80.9%    264.5     0.3%    15.5%     0.1%     0.0%     3.4%     0.1%
Jul 29 19:51:19    186.7   125004685      262    80.9%    264.5     0.3%    15.5%     0.1%     0.0%     3.4%     0.1%
Jul 29 19:52:19    189.6   130059607      262    80.9%    264.6     0.3%    15.5%     0.1%     0.0%     3.4%     0.1%
Jul 29 19:53:19    190.7   133992103      262    80.9%    264.5     0.3%    15.5%     0.1%     0.0%     3.5%     0.1%
Jul 29 19:54:19    193.5   139182122      262    80.9%    264.5     0.3%    15.5%     0.1%     0.0%     3.4%     0.1%
Jul 29 19:58:02    178.4   139380513      262    80.9%    264.5     0.3%    15.5%     0.1%     0.0%     3.4%     0.1%
ALL DONE!
