           Time    Speed        Read     Read   Mapped   Mapped   Mapped   Mapped Unmapped Unmapped Unmapped Unmapped
                    M/hr      number   length   unique   length   MMrate    multi   multi+       MM    short    other
Jul 29 15:09:17    136.7     2279081      257    81.3%    259.9     0.3%    15.7%     0.1%     0.0%     2.8%     0.1%
Jul 29 15:10:18    168.3     5657645      257    81.5%    260.2     0.3%    15.6%     0.1%     0.0%     2.7%     0.1%
Jul 29 15:11:18    171.7     8630949      258    81.5%    260.2     0.3%    15.5%     0.1%     0.0%     2.8%     0.1%
Jul 29 15:12:18    176.1    11792240      258    81.5%    260.4     0.3%    15.5%     0.1%     0.0%     2.7%     0.1%
Jul 29 15:13:18    176.4    14749405      258    81.5%    260.3     0.3%    15.5%     0.1%     0.0%     2.7%     0.1%
Jul 29 15:14:18    176.1    17655809      258    81.4%    260.2     0.3%    15.5%     0.1%     0.0%     2.9%     0.1%
Jul 29 15:15:18    175.0    20463030      258    81.3%    260.1     0.3%    15.5%     0.1%     0.0%     2.9%     0.1%
Jul 29 15:16:18    170.8    22818091      258    81.4%    260.1     0.3%    15.5%     0.1%     0.0%     2.9%     0.1%
Jul 29 15:17:18    166.1    24968634      258    81.2%    260.0     0.3%    15.5%     0.1%     0.0%     3.0%     0.1%
Jul 29 15:18:18    163.4    27274224      258    81.2%    260.0     0.3%    15.5%     0.1%     0.0%     3.0%     0.1%
Jul 29 15:19:18    163.0    29927886      258    81.2%    260.0     0.3%    15.5%     0.1%     0.0%     3.0%     0.1%
Jul 29 15:20:19    169.7    34040631      258    81.2%    260.0     0.3%    15.5%     0.1%     0.0%     3.0%     0.1%
Jul 29 15:21:19    175.4    38110439      257    81.2%    259.9     0.3%    15.6%     0.1%     0.0%     3.0%     0.1%
Jul 29 15:22:19    178.0    41627718      257    81.2%    259.9     0.3%    15.6%     0.1%     0.0%     2.9%     0.1%
Jul 29 15:23:19    177.1    44381881      257    81.2%    259.9     0.3%    15.6%     0.1%     0.0%     3.0%     0.1%
Jul 29 15:24:20    177.0    47340359      257    81.2%    259.9     0.3%    15.6%     0.1%     0.0%     3.0%     0.1%
Jul 29 15:25:24    177.9    50759696      257    81.2%    259.8     0.3%    15.6%     0.1%     0.0%     2.9%     0.1%
Jul 29 15:26:24    176.4    53271943      257    81.1%    259.7     0.3%    15.6%     0.1%     0.0%     3.0%     0.1%
Jul 29 15:29:50    150.9    54199671      257    81.1%    259.7     0.3%    15.6%     0.1%     0.0%     3.0%     0.1%
ALL DONE!
