           Time    Speed        Read     Read   Mapped   Mapped   Mapped   Mapped Unmapped Unmapped Unmapped Unmapped
                    M/hr      number   length   unique   length   MMrate    multi   multi+       MM    short    other
Jul 29 15:53:17    166.7     2777621      258    83.8%    260.8     0.2%    13.6%     0.1%     0.0%     2.4%     0.1%
Jul 29 15:54:17    197.3     6578293      259    83.9%    262.1     0.2%    13.5%     0.1%     0.0%     2.4%     0.1%
Jul 29 15:55:17    197.8     9892315      259    83.8%    262.0     0.2%    13.5%     0.1%     0.0%     2.4%     0.1%
Jul 29 15:56:18    189.3    12670968      260    83.8%    262.3     0.2%    13.5%     0.1%     0.0%     2.4%     0.1%
Jul 29 15:57:18    190.3    15908013      259    83.8%    262.3     0.2%    13.5%     0.1%     0.0%     2.4%     0.1%
Jul 29 15:58:18    190.3    19084185      260    83.8%    262.5     0.2%    13.5%     0.1%     0.0%     2.5%     0.1%
Jul 29 15:59:20    191.2    22463511      260    83.8%    262.5     0.2%    13.5%     0.1%     0.0%     2.5%     0.1%
Jul 29 16:00:21    190.7    25633048      260    83.8%    262.7     0.2%    13.5%     0.1%     0.0%     2.5%     0.1%
Jul 29 16:01:22    191.6    29010195      260    83.8%    262.8     0.2%    13.5%     0.1%     0.0%     2.5%     0.1%
Jul 29 16:02:22    193.1    32447545      260    83.8%    262.7     0.2%    13.5%     0.1%     0.0%     2.5%     0.1%
Jul 29 16:03:23    194.2    35934700      260    83.8%    262.6     0.2%    13.5%     0.1%     0.0%     2.5%     0.1%
Jul 29 16:04:23    196.2    39562545      260    83.8%    262.6     0.2%    13.5%     0.1%     0.0%     2.5%     0.1%
Jul 29 16:05:24    196.2    42898544      260    83.8%    262.6     0.2%    13.5%     0.1%     0.0%     2.5%     0.1%
Jul 29 16:06:24    196.2    46172963      260    83.8%    262.7     0.2%    13.5%     0.1%     0.0%     2.5%     0.1%
Jul 29 16:07:24    197.3    49698397      260    83.8%    262.7     0.2%    13.5%     0.1%     0.0%     2.5%     0.1%
Jul 29 16:08:24    197.7    53114575      260    83.8%    262.8     0.2%    13.5%     0.1%     0.0%     2.5%     0.1%
Jul 29 16:09:25    197.5    56390272      260    83.8%    262.8     0.2%    13.5%     0.1%     0.0%     2.5%     0.1%
Jul 29 16:10:25    197.5    59681783      260    83.8%    262.8     0.2%    13.5%     0.1%     0.0%     2.5%     0.1%
Jul 29 16:11:26    197.1    62913274      260    83.8%    262.8     0.2%    13.5%     0.1%     0.0%     2.5%     0.1%
Jul 29 16:12:26    197.2    66215830      260    83.8%    262.7     0.2%    13.5%     0.1%     0.0%     2.5%     0.1%
Jul 29 16:13:27    197.3    69600074      260    83.8%    262.7     0.2%    13.5%     0.1%     0.0%     2.5%     0.1%
Jul 29 16:14:28    197.6    73058257      260    83.8%    262.5     0.2%    13.5%     0.1%     0.0%     2.5%     0.1%
Jul 29 16:15:28    197.5    76301318      260    83.8%    262.5     0.2%    13.5%     0.1%     0.0%     2.5%     0.1%
Jul 29 16:16:31    197.2    79662646      260    83.8%    262.4     0.2%    13.5%     0.1%     0.0%     2.5%     0.1%
Jul 29 16:17:31    197.9    83211377      260    83.8%    262.3     0.2%    13.5%     0.1%     0.0%     2.5%     0.1%
Jul 29 16:18:31    198.4    86756128      260    83.8%    262.3     0.2%    13.6%     0.1%     0.0%     2.5%     0.1%
Jul 29 16:19:32    199.0    90377227      260    83.8%    262.3     0.2%    13.6%     0.1%     0.0%     2.5%     0.1%
Jul 29 16:20:32    199.5    93921847      260    83.8%    262.3     0.2%    13.6%     0.1%     0.0%     2.5%     0.1%
Jul 29 16:21:33    200.2    97652199      260    83.7%    262.3     0.2%    13.6%     0.1%     0.0%     2.5%     0.1%
Jul 29 16:22:33    200.4   101095690      259    83.7%    262.3     0.2%    13.6%     0.1%     0.0%     2.5%     0.1%
Jul 29 16:23:34    200.5   104516795      259    83.7%    262.2     0.2%    13.6%     0.1%     0.0%     2.5%     0.1%
Jul 29 16:24:35    200.3   107806304      259    83.7%    262.2     0.2%    13.6%     0.1%     0.0%     2.5%     0.1%
Jul 29 16:25:37    200.1   111185459      259    83.7%    262.1     0.2%    13.6%     0.1%     0.0%     2.5%     0.1%
Jul 29 16:31:37    171.8   112626504      259    83.7%    262.1     0.2%    13.6%     0.1%     0.0%     2.5%     0.1%
ALL DONE!
