           Time    Speed        Read     Read   Mapped   Mapped   Mapped   Mapped Unmapped Unmapped Unmapped Unmapped
                    M/hr      number   length   unique   length   MMrate    multi   multi+       MM    short    other
Jul 29 19:12:10    154.7     2621956      259    78.6%    263.3     0.2%    19.1%     0.1%     0.0%     2.1%     0.1%
Jul 29 19:13:10    171.7     5769757      260    78.8%    264.4     0.2%    19.0%     0.1%     0.0%     2.1%     0.1%
Jul 29 19:14:10    176.5     8875946      260    78.7%    264.4     0.2%    19.0%     0.1%     0.0%     2.1%     0.1%
Jul 29 19:15:11    177.9    11962051      260    78.7%    264.6     0.2%    19.0%     0.1%     0.0%     2.1%     0.1%
Jul 29 19:16:11    179.3    15037932      260    78.8%    264.8     0.2%    19.0%     0.1%     0.0%     2.1%     0.1%
Jul 29 19:17:11    181.1    18215113      260    78.8%    264.8     0.2%    19.0%     0.1%     0.0%     2.1%     0.1%
Jul 29 19:18:12    182.8    21479604      260    78.8%    265.1     0.2%    18.9%     0.1%     0.0%     2.1%     0.1%
Jul 29 19:19:12    183.1    24568603      260    78.8%    264.9     0.2%    18.9%     0.1%     0.0%     2.1%     0.1%
Jul 29 19:20:12    184.0    27749985      260    78.8%    264.9     0.2%    19.0%     0.1%     0.0%     2.1%     0.1%
Jul 29 19:21:12    184.1    30830584      260    78.8%    264.9     0.2%    19.0%     0.1%     0.0%     2.1%     0.1%
Jul 29 19:22:13    184.9    34112529      260    78.7%    264.8     0.2%    19.0%     0.1%     0.0%     2.1%     0.1%
Jul 29 19:23:14    184.9    37231604      260    78.7%    264.9     0.2%    19.0%     0.1%     0.0%     2.1%     0.1%
Jul 29 19:24:14    184.9    40308761      260    78.7%    265.0     0.2%    19.0%     0.1%     0.0%     2.1%     0.1%
Jul 29 19:25:15    184.6    43372153      260    78.8%    265.1     0.2%    18.9%     0.1%     0.0%     2.1%     0.1%
Jul 29 19:26:15    184.8    46511574      260    78.7%    265.0     0.2%    19.0%     0.1%     0.0%     2.1%     0.1%
Jul 29 19:27:15    184.8    49593535      260    78.7%    265.0     0.2%    19.0%     0.1%     0.0%     2.1%     0.1%
Jul 29 19:28:15    184.9    52688701      260    78.7%    264.9     0.2%    19.0%     0.1%     0.0%     2.1%     0.1%
Jul 29 19:29:16    184.7    55781589      260    78.7%    264.8     0.2%    19.0%     0.1%     0.0%     2.1%     0.1%
Jul 29 19:30:16    185.0    58928250      260    78.7%    264.8     0.2%    19.0%     0.1%     0.0%     2.1%     0.1%
Jul 29 19:31:16    185.0    62030862      260    78.7%    264.7     0.2%    19.0%     0.1%     0.0%     2.1%     0.1%
Jul 29 19:32:16    185.1    65128722      260    78.7%    264.6     0.2%    19.0%     0.1%     0.0%     2.1%     0.1%
Jul 29 19:33:17    184.8    68170475      260    78.7%    264.5     0.2%    19.0%     0.1%     0.0%     2.1%     0.1%
Jul 29 19:34:17    184.8    71243280      260    78.7%    264.6     0.2%    19.0%     0.1%     0.0%     2.1%     0.1%
Jul 29 19:35:17    184.9    74385599      260    78.7%    264.5     0.2%    19.0%     0.1%     0.0%     2.1%     0.1%
Jul 29 19:36:17    184.9    77471108      260    78.7%    264.5     0.2%    19.0%     0.1%     0.0%     2.1%     0.1%
Jul 29 19:37:17    185.1    80619514      260    78.7%    264.5     0.2%    19.0%     0.1%     0.0%     2.1%     0.1%
Jul 29 19:38:17    185.2    83771686      260    78.7%    264.4     0.2%    19.1%     0.1%     0.0%     2.1%     0.1%
Jul 29 19:39:17    185.6    87022641      260    78.6%    264.4     0.2%    19.1%     0.1%     0.0%     2.1%     0.1%
Jul 29 19:44:14    160.1    88304622      260    78.6%    264.3     0.2%    19.1%     0.1%     0.0%     2.1%     0.1%
ALL DONE!
