                                 Started job on |	Jul 29 14:44:44
                             Started mapping on |	Jul 29 14:44:45
                                    Finished on |	Jul 29 15:20:09
       Mapping speed, Million of reads per hour |	147.68

                          Number of input reads |	87133604
                      Average input read length |	260
                                    UNIQUE READS:
                   Uniquely mapped reads number |	68695160
                        Uniquely mapped reads % |	78.84%
                          Average mapped length |	262.69
                       Number of splices: Total |	26302210
            Number of splices: Annotated (sjdb) |	25793722
                       Number of splices: GT/AG |	26076891
                       Number of splices: GC/AG |	200014
                       Number of splices: AT/AC |	25305
               Number of splices: Non-canonical |	0
                      Mismatch rate per base, % |	0.29%
                         Deletion rate per base |	0.01%
                        Deletion average length |	1.89
                        Insertion rate per base |	0.01%
                       Insertion average length |	1.63
                             MULTI-MAPPING READS:
        Number of reads mapped to multiple loci |	15506106
             % of reads mapped to multiple loci |	17.80%
        Number of reads mapped to too many loci |	94832
             % of reads mapped to too many loci |	0.11%
                                  UNMAPPED READS:
  Number of reads unmapped: too many mismatches |	0
       % of reads unmapped: too many mismatches |	0.00%
            Number of reads unmapped: too short |	2739653
                 % of reads unmapped: too short |	3.14%
                Number of reads unmapped: other |	97853
                     % of reads unmapped: other |	0.11%
                                  CHIMERIC READS:
                       Number of chimeric reads |	0
                            % of chimeric reads |	0.00%
