                                 Started job on |	Jul 29 16:04:15
                             Started mapping on |	Jul 29 16:04:15
                                    Finished on |	Jul 29 16:37:40
       Mapping speed, Million of reads per hour |	137.12

                          Number of input reads |	76366126
                      Average input read length |	263
                                    UNIQUE READS:
                   Uniquely mapped reads number |	57178804
                        Uniquely mapped reads % |	74.87%
                          Average mapped length |	267.82
                       Number of splices: Total |	27837723
            Number of splices: Annotated (sjdb) |	27297581
                       Number of splices: GT/AG |	27609847
                       Number of splices: GC/AG |	202329
                       Number of splices: AT/AC |	25547
               Number of splices: Non-canonical |	0
                      Mismatch rate per base, % |	0.28%
                         Deletion rate per base |	0.01%
                        Deletion average length |	1.97
                        Insertion rate per base |	0.01%
                       Insertion average length |	1.65
                             MULTI-MAPPING READS:
        Number of reads mapped to multiple loci |	16160933
             % of reads mapped to multiple loci |	21.16%
        Number of reads mapped to too many loci |	70681
             % of reads mapped to too many loci |	0.09%
                                  UNMAPPED READS:
  Number of reads unmapped: too many mismatches |	0
       % of reads unmapped: too many mismatches |	0.00%
            Number of reads unmapped: too short |	2894880
                 % of reads unmapped: too short |	3.79%
                Number of reads unmapped: other |	60828
                     % of reads unmapped: other |	0.08%
                                  CHIMERIC READS:
                       Number of chimeric reads |	0
                            % of chimeric reads |	0.00%
