                                 Started job on |	Jul 29 16:32:26
                             Started mapping on |	Jul 29 16:32:26
                                    Finished on |	Jul 29 17:11:15
       Mapping speed, Million of reads per hour |	216.72

                          Number of input reads |	140202759
                      Average input read length |	264
                                    UNIQUE READS:
                   Uniquely mapped reads number |	113488443
                        Uniquely mapped reads % |	80.95%
                          Average mapped length |	266.16
                       Number of splices: Total |	41414736
            Number of splices: Annotated (sjdb) |	40504201
                       Number of splices: GT/AG |	41060497
                       Number of splices: GC/AG |	316794
                       Number of splices: AT/AC |	37445
               Number of splices: Non-canonical |	0
                      Mismatch rate per base, % |	0.19%
                         Deletion rate per base |	0.01%
                        Deletion average length |	1.98
                        Insertion rate per base |	0.01%
                       Insertion average length |	1.69
                             MULTI-MAPPING READS:
        Number of reads mapped to multiple loci |	22567994
             % of reads mapped to multiple loci |	16.10%
        Number of reads mapped to too many loci |	135354
             % of reads mapped to too many loci |	0.10%
                                  UNMAPPED READS:
  Number of reads unmapped: too many mismatches |	0
       % of reads unmapped: too many mismatches |	0.00%
            Number of reads unmapped: too short |	3851229
                 % of reads unmapped: too short |	2.75%
                Number of reads unmapped: other |	159739
                     % of reads unmapped: other |	0.11%
                                  CHIMERIC READS:
                       Number of chimeric reads |	0
                            % of chimeric reads |	0.00%
