                                 Started job on |	Jul 29 14:09:46
                             Started mapping on |	Jul 29 14:09:47
                                    Finished on |	Jul 29 15:21:11
       Mapping speed, Million of reads per hour |	133.79

                          Number of input reads |	159215544
                      Average input read length |	261
                                    UNIQUE READS:
                   Uniquely mapped reads number |	125949356
                        Uniquely mapped reads % |	79.11%
                          Average mapped length |	262.76
                       Number of splices: Total |	47899204
            Number of splices: Annotated (sjdb) |	46520531
                       Number of splices: GT/AG |	47496754
                       Number of splices: GC/AG |	367041
                       Number of splices: AT/AC |	35409
               Number of splices: Non-canonical |	0
                      Mismatch rate per base, % |	0.30%
                         Deletion rate per base |	0.01%
                        Deletion average length |	1.98
                        Insertion rate per base |	0.01%
                       Insertion average length |	1.66
                             MULTI-MAPPING READS:
        Number of reads mapped to multiple loci |	26362482
             % of reads mapped to multiple loci |	16.56%
        Number of reads mapped to too many loci |	206557
             % of reads mapped to too many loci |	0.13%
                                  UNMAPPED READS:
  Number of reads unmapped: too many mismatches |	0
       % of reads unmapped: too many mismatches |	0.00%
            Number of reads unmapped: too short |	6491101
                 % of reads unmapped: too short |	4.08%
                Number of reads unmapped: other |	206048
                     % of reads unmapped: other |	0.13%
                                  CHIMERIC READS:
                       Number of chimeric reads |	0
                            % of chimeric reads |	0.00%
