           Time    Speed        Read     Read   Mapped   Mapped   Mapped   Mapped Unmapped Unmapped Unmapped Unmapped
                    M/hr      number   length   unique   length   MMrate    multi   multi+       MM    short    other
Jul 29 14:39:23    157.6     2758465      260    74.8%    265.6     0.1%    22.1%     0.1%     0.0%     2.9%     0.1%
Jul 29 14:40:23    177.0     6046676      261    74.9%    266.3     0.1%    22.0%     0.1%     0.0%     2.9%     0.1%
Jul 29 14:41:23    181.5     9228285      261    75.0%    266.8     0.2%    21.9%     0.1%     0.0%     2.9%     0.1%
Jul 29 14:42:23    183.7    12400433      261    74.9%    266.8     0.2%    21.9%     0.1%     0.0%     3.0%     0.1%
Jul 29 14:43:23    184.3    15511354      261    75.0%    267.0     0.2%    21.9%     0.1%     0.0%     3.0%     0.1%
Jul 29 14:44:23    184.6    18614237      262    75.0%    267.2     0.2%    21.8%     0.1%     0.0%     3.0%     0.1%
Jul 29 14:45:24    187.1    22032880      261    75.0%    267.1     0.2%    21.8%     0.1%     0.0%     3.0%     0.1%
Jul 29 14:46:24    189.3    25450519      261    75.0%    267.0     0.2%    21.8%     0.1%     0.0%     3.0%     0.1%
Jul 29 14:47:24    190.6    28809085      261    75.0%    267.1     0.2%    21.8%     0.1%     0.0%     3.0%     0.1%
Jul 29 14:48:24    191.2    32072062      261    75.0%    267.1     0.2%    21.8%     0.1%     0.0%     3.0%     0.1%
Jul 29 14:49:25    192.6    35577820      262    75.0%    267.1     0.2%    21.8%     0.1%     0.0%     3.0%     0.1%
Jul 29 14:50:25    194.0    39075364      262    75.0%    267.2     0.2%    21.8%     0.1%     0.0%     3.0%     0.1%
Jul 29 14:51:25    194.4    42395512      262    75.0%    267.2     0.2%    21.8%     0.1%     0.0%     3.0%     0.1%
Jul 29 14:52:25    195.4    45871672      261    75.0%    267.1     0.2%    21.9%     0.1%     0.0%     3.0%     0.1%
Jul 29 14:53:25    195.5    49144593      261    74.9%    267.0     0.2%    21.9%     0.1%     0.0%     3.0%     0.1%
Jul 29 14:54:25    194.8    52229367      261    74.9%    266.9     0.2%    21.9%     0.1%     0.0%     3.0%     0.1%
Jul 29 14:55:25    193.8    55169984      261    74.9%    266.8     0.2%    21.9%     0.1%     0.0%     3.0%     0.1%
Jul 29 14:56:25    193.1    58202199      261    74.9%    266.7     0.2%    21.9%     0.1%     0.0%     3.0%     0.1%
Jul 29 14:57:25    192.5    61223788      261    74.9%    266.7     0.2%    21.9%     0.1%     0.0%     3.0%     0.1%
Jul 29 14:58:25    192.1    64292851      261    74.9%    266.7     0.2%    21.9%     0.1%     0.0%     3.0%     0.1%
Jul 29 14:59:26    192.0    67511366      261    74.9%    266.7     0.2%    21.9%     0.1%     0.0%     3.0%     0.1%
Jul 29 15:00:27    191.7    70647081      261    74.9%    266.6     0.2%    22.0%     0.1%     0.0%     3.0%     0.1%
Jul 29 15:01:30    191.3    73881703      261    74.9%    266.6     0.2%    22.0%     0.1%     0.0%     3.0%     0.1%
Jul 29 15:02:30    191.3    77069671      261    74.8%    266.5     0.2%    22.0%     0.1%     0.0%     3.0%     0.1%
Jul 29 15:07:40    159.5    77977945      261    74.8%    266.5     0.2%    22.0%     0.1%     0.0%     3.0%     0.1%
ALL DONE!
