                                 Started job on |	Jul 29 13:13:52
                             Started mapping on |	Jul 29 13:13:58
                                    Finished on |	Jul 29 13:50:10
       Mapping speed, Million of reads per hour |	160.30

                          Number of input reads |	96713583
                      Average input read length |	261
                                    UNIQUE READS:
                   Uniquely mapped reads number |	82622317
                        Uniquely mapped reads % |	85.43%
                          Average mapped length |	262.04
                       Number of splices: Total |	22950291
            Number of splices: Annotated (sjdb) |	22420906
                       Number of splices: GT/AG |	22750885
                       Number of splices: GC/AG |	180695
                       Number of splices: AT/AC |	18711
               Number of splices: Non-canonical |	0
                      Mismatch rate per base, % |	0.29%
                         Deletion rate per base |	0.01%
                        Deletion average length |	1.96
                        Insertion rate per base |	0.01%
                       Insertion average length |	1.66
                             MULTI-MAPPING READS:
        Number of reads mapped to multiple loci |	10639461
             % of reads mapped to multiple loci |	11.00%
        Number of reads mapped to too many loci |	139435
             % of reads mapped to too many loci |	0.14%
                                  UNMAPPED READS:
  Number of reads unmapped: too many mismatches |	0
       % of reads unmapped: too many mismatches |	0.00%
            Number of reads unmapped: too short |	3157697
                 % of reads unmapped: too short |	3.26%
                Number of reads unmapped: other |	154673
                     % of reads unmapped: other |	0.16%
                                  CHIMERIC READS:
                       Number of chimeric reads |	0
                            % of chimeric reads |	0.00%
