           Time    Speed        Read     Read   Mapped   Mapped   Mapped   Mapped Unmapped Unmapped Unmapped Unmapped
                    M/hr      number   length   unique   length   MMrate    multi   multi+       MM    short    other
Jul 29 19:12:10    123.7     2095616      255    65.5%    263.9     0.3%    31.3%     0.1%     0.0%     3.1%     0.1%
Jul 29 19:13:15    147.0     5146022      255    65.7%    264.4     0.2%    31.2%     0.1%     0.0%     3.0%     0.1%
Jul 29 19:14:16    156.9     8152006      255    65.6%    264.2     0.2%    31.2%     0.1%     0.0%     3.0%     0.1%
Jul 29 19:15:17    156.6    10790827      255    65.7%    264.3     0.2%    31.2%     0.1%     0.0%     3.0%     0.1%
Jul 29 19:16:17    156.9    13422045      255    65.6%    264.2     0.2%    31.2%     0.1%     0.0%     3.0%     0.1%
Jul 29 19:17:18    158.5    16251344      255    65.6%    264.2     0.2%    31.2%     0.1%     0.0%     3.0%     0.1%
Jul 29 19:18:18    160.6    19135866      255    65.6%    264.2     0.2%    31.2%     0.1%     0.0%     3.0%     0.1%
Jul 29 19:19:19    161.4    21962891      255    65.7%    264.3     0.2%    31.2%     0.1%     0.0%     3.0%     0.1%
Jul 29 19:20:19    162.3    24796126      255    65.6%    264.2     0.2%    31.2%     0.1%     0.0%     3.0%     0.1%
Jul 29 19:21:19    161.9    27429627      255    65.6%    264.2     0.2%    31.2%     0.1%     0.0%     3.0%     0.1%
Jul 29 19:22:19    160.1    29804600      255    65.6%    264.1     0.2%    31.2%     0.1%     0.0%     3.0%     0.1%
Jul 29 19:23:20    160.2    32536218      255    65.6%    264.1     0.2%    31.2%     0.1%     0.0%     3.0%     0.1%
Jul 29 19:24:20    161.2    35418599      255    65.5%    264.1     0.2%    31.2%     0.1%     0.0%     3.1%     0.1%
Jul 29 19:25:25    160.0    38050123      255    65.5%    264.1     0.2%    31.2%     0.1%     0.0%     3.1%     0.1%
Jul 29 19:26:25    158.7    40373529      255    65.5%    264.1     0.3%    31.2%     0.1%     0.0%     3.1%     0.1%
Jul 29 19:27:25    158.8    43052393      255    65.5%    264.1     0.3%    31.2%     0.1%     0.0%     3.1%     0.1%
Jul 29 19:28:26    157.4    45328241      255    65.5%    264.1     0.3%    31.2%     0.1%     0.0%     3.1%     0.1%
Jul 29 19:29:26    157.5    48002271      255    65.5%    264.1     0.3%    31.2%     0.1%     0.0%     3.1%     0.1%
Jul 29 19:30:26    158.5    50934081      255    65.5%    264.1     0.3%    31.2%     0.1%     0.0%     3.1%     0.1%
Jul 29 19:31:27    158.3    53557282      255    65.5%    264.2     0.3%    31.2%     0.1%     0.0%     3.1%     0.1%
Jul 29 19:32:29    156.9    55780604      255    65.5%    264.1     0.3%    31.2%     0.1%     0.0%     3.1%     0.1%
Jul 29 19:33:29    157.3    58554448      255    65.5%    264.2     0.3%    31.2%     0.1%     0.0%     3.1%     0.1%
Jul 29 19:34:30    157.5    61287334      255    65.5%    264.2     0.3%    31.2%     0.1%     0.0%     3.1%     0.1%
Jul 29 19:35:30    158.1    64166741      255    65.6%    264.2     0.3%    31.2%     0.1%     0.0%     3.1%     0.1%
Jul 29 19:36:30    158.2    66850432      255    65.5%    264.2     0.3%    31.2%     0.1%     0.0%     3.1%     0.1%
Jul 29 19:37:30    158.3    69523021      255    65.6%    264.2     0.3%    31.2%     0.1%     0.0%     3.1%     0.1%
Jul 29 19:38:36    156.9    71796631      255    65.5%    264.2     0.3%    31.2%     0.1%     0.0%     3.1%     0.1%
Jul 29 19:39:37    156.7    74365625      255    65.5%    264.2     0.3%    31.2%     0.1%     0.0%     3.1%     0.1%
Jul 29 19:40:38    157.6    77446728      255    65.5%    264.2     0.3%    31.2%     0.1%     0.0%     3.1%     0.1%
Jul 29 19:41:38    158.6    80573989      255    65.6%    264.2     0.3%    31.2%     0.1%     0.0%     3.1%     0.1%
Jul 29 19:42:38    158.1    82952714      255    65.5%    264.2     0.3%    31.2%     0.1%     0.0%     3.1%     0.1%
Jul 29 19:43:38    158.7    85937200      255    65.5%    264.2     0.3%    31.2%     0.1%     0.0%     3.1%     0.1%
Jul 29 19:48:09    140.9    86909879      255    65.5%    264.1     0.3%    31.2%     0.1%     0.0%     3.1%     0.1%
ALL DONE!
