           Time    Speed        Read     Read   Mapped   Mapped   Mapped   Mapped Unmapped Unmapped Unmapped Unmapped
                    M/hr      number   length   unique   length   MMrate    multi   multi+       MM    short    other
Jul 29 16:09:34    147.2     2534798      263    81.5%    265.0     0.3%    15.2%     0.1%     0.0%     3.1%     0.1%
Jul 29 16:10:34    166.7     5650044      263    81.6%    265.5     0.3%    15.2%     0.1%     0.0%     3.0%     0.1%
Jul 29 16:11:34    174.5     8822228      263    81.6%    265.4     0.2%    15.2%     0.1%     0.0%     3.0%     0.1%
Jul 29 16:12:34    176.0    11829621      263    81.6%    265.4     0.2%    15.2%     0.1%     0.0%     3.0%     0.1%
Jul 29 16:13:34    176.8    14828446      263    81.6%    265.5     0.2%    15.2%     0.1%     0.0%     3.0%     0.1%
Jul 29 16:14:34    173.0    17391705      263    81.6%    265.3     0.2%    15.2%     0.1%     0.0%     3.0%     0.1%
Jul 29 16:15:34    171.4    20095296      263    81.6%    265.4     0.2%    15.2%     0.1%     0.0%     3.0%     0.1%
Jul 29 16:16:36    173.2    23291946      263    81.6%    265.4     0.2%    15.2%     0.1%     0.0%     3.0%     0.1%
Jul 29 16:17:37    176.3    26689307      263    81.6%    265.4     0.2%    15.2%     0.1%     0.0%     3.0%     0.1%
Jul 29 16:18:37    179.6    30174475      263    81.6%    265.4     0.2%    15.2%     0.1%     0.0%     3.0%     0.1%
Jul 29 16:19:37    182.0    33619942      263    81.6%    265.4     0.2%    15.2%     0.1%     0.0%     3.0%     0.1%
Jul 29 16:20:37    183.5    36963539      263    81.6%    265.4     0.2%    15.2%     0.1%     0.0%     3.0%     0.1%
Jul 29 16:21:37    182.8    39871261      263    81.6%    265.3     0.2%    15.2%     0.1%     0.0%     3.0%     0.1%
Jul 29 16:22:37    181.8    42671843      263    81.5%    265.3     0.3%    15.2%     0.1%     0.0%     3.1%     0.1%
Jul 29 16:23:39    181.5    45722352      263    81.5%    265.3     0.3%    15.2%     0.1%     0.0%     3.1%     0.1%
Jul 29 16:24:39    181.2    48677570      263    81.5%    265.3     0.3%    15.2%     0.1%     0.0%     3.1%     0.1%
Jul 29 16:25:39    181.1    51676073      263    81.5%    265.3     0.3%    15.2%     0.1%     0.0%     3.1%     0.1%
Jul 29 16:26:40    180.4    54533145      263    81.5%    265.3     0.3%    15.2%     0.1%     0.0%     3.1%     0.1%
Jul 29 16:27:40    179.0    57088780      263    81.5%    265.2     0.3%    15.2%     0.1%     0.0%     3.1%     0.1%
Jul 29 16:28:40    179.1    60085670      263    81.5%    265.3     0.3%    15.2%     0.1%     0.0%     3.1%     0.1%
Jul 29 16:29:42    177.7    62696191      263    81.5%    265.2     0.3%    15.2%     0.1%     0.0%     3.2%     0.1%
Jul 29 16:30:42    177.1    65446336      263    81.5%    265.3     0.3%    15.2%     0.1%     0.0%     3.2%     0.1%
Jul 29 16:31:42    178.4    68885177      263    81.5%    265.3     0.3%    15.2%     0.1%     0.0%     3.1%     0.1%
Jul 29 16:32:42    179.6    72327637      263    81.5%    265.3     0.3%    15.2%     0.1%     0.0%     3.1%     0.1%
Jul 29 16:33:42    179.6    75321132      263    81.5%    265.3     0.3%    15.2%     0.1%     0.0%     3.1%     0.1%
Jul 29 16:34:42    178.5    77830369      263    81.5%    265.3     0.3%    15.2%     0.1%     0.0%     3.1%     0.1%
Jul 29 16:35:42    178.2    80678000      263    81.5%    265.3     0.3%    15.2%     0.1%     0.0%     3.2%     0.1%
Jul 29 16:36:43    178.1    83672507      263    81.5%    265.3     0.3%    15.2%     0.1%     0.0%     3.1%     0.1%
Jul 29 16:37:43    178.5    86826287      263    81.5%    265.3     0.3%    15.2%     0.1%     0.0%     3.1%     0.1%
Jul 29 16:38:43    179.0    90023043      263    81.5%    265.3     0.3%    15.2%     0.1%     0.0%     3.1%     0.1%
Jul 29 16:39:43    179.2    93126193      263    81.5%    265.3     0.3%    15.2%     0.1%     0.0%     3.1%     0.1%
Jul 29 16:40:43    179.5    96272549      263    81.5%    265.3     0.3%    15.2%     0.1%     0.0%     3.1%     0.1%
Jul 29 16:41:43    179.9    99507516      263    81.5%    265.3     0.3%    15.2%     0.1%     0.0%     3.1%     0.1%
Jul 29 16:42:43    178.8   101851816      263    81.5%    265.3     0.3%    15.2%     0.1%     0.0%     3.1%     0.1%
Jul 29 16:43:44    178.8   104870649      263    81.5%    265.3     0.3%    15.2%     0.1%     0.0%     3.2%     0.1%
Jul 29 16:44:45    180.3   108824678      263    81.5%    265.4     0.3%    15.2%     0.1%     0.0%     3.2%     0.1%
Jul 29 16:45:45    181.4   112528320      263    81.5%    265.4     0.3%    15.2%     0.1%     0.0%     3.2%     0.1%
Jul 29 16:46:45    182.0   115953294      263    81.5%    265.4     0.3%    15.2%     0.1%     0.0%     3.2%     0.1%
Jul 29 16:47:45    182.0   118934209      263    81.4%    265.3     0.3%    15.2%     0.1%     0.0%     3.2%     0.1%
Jul 29 16:48:45    183.9   123233078      263    81.5%    265.3     0.3%    15.2%     0.1%     0.0%     3.2%     0.1%
Jul 29 16:53:10    165.7   123282278      263    81.5%    265.3     0.3%    15.2%     0.1%     0.0%     3.2%     0.1%
ALL DONE!
