           Time    Speed        Read     Read   Mapped   Mapped   Mapped   Mapped Unmapped Unmapped Unmapped Unmapped
                    M/hr      number   length   unique   length   MMrate    multi   multi+       MM    short    other
Jul 29 15:31:18    118.1     2100152      268    81.1%    269.8     0.4%    13.8%     0.1%     0.0%     4.8%     0.1%
Jul 29 15:32:19    147.3     5114462      268    81.6%    270.3     0.3%    13.7%     0.1%     0.0%     4.5%     0.1%
Jul 29 15:33:20    156.4     8081165      268    81.6%    270.3     0.3%    13.7%     0.1%     0.0%     4.4%     0.1%
Jul 29 15:34:20    160.1    10943135      268    81.7%    270.4     0.3%    13.7%     0.1%     0.0%     4.4%     0.1%
Jul 29 15:35:21    153.8    13116392      268    81.6%    270.3     0.3%    13.6%     0.1%     0.0%     4.6%     0.1%
Jul 29 15:36:21    155.2    15820378      268    81.6%    270.4     0.3%    13.6%     0.1%     0.0%     4.5%     0.1%
Jul 29 15:37:21    158.2    18767330      268    81.6%    270.4     0.3%    13.6%     0.1%     0.0%     4.5%     0.1%
Jul 29 15:38:22    161.2    21856805      269    81.7%    270.4     0.3%    13.6%     0.1%     0.0%     4.5%     0.1%
Jul 29 15:39:23    162.7    24809388      268    81.7%    270.4     0.3%    13.6%     0.1%     0.0%     4.5%     0.1%
Jul 29 15:40:23    164.4    27808575      268    81.6%    270.3     0.3%    13.6%     0.1%     0.0%     4.5%     0.1%
Jul 29 15:41:23    159.2    29592500      268    81.4%    270.2     0.3%    13.6%     0.1%     0.0%     4.7%     0.1%
Jul 29 15:42:23    160.0    32396243      268    81.5%    270.2     0.3%    13.6%     0.1%     0.0%     4.7%     0.1%
Jul 29 15:43:24    160.4    35200659      268    81.5%    270.2     0.3%    13.7%     0.1%     0.0%     4.6%     0.1%
Jul 29 15:44:25    161.6    38198010      268    81.5%    270.2     0.3%    13.7%     0.1%     0.0%     4.6%     0.1%
Jul 29 15:45:25    157.6    39885198      268    81.3%    270.1     0.3%    13.6%     0.1%     0.0%     4.8%     0.1%
Jul 29 15:46:28    158.1    42785785      268    81.3%    270.1     0.3%    13.7%     0.1%     0.0%     4.8%     0.1%
Jul 29 15:47:29    157.2    45202597      268    81.3%    270.0     0.3%    13.7%     0.1%     0.0%     4.8%     0.1%
Jul 29 15:48:29    157.8    48003447      268    81.3%    270.0     0.3%    13.6%     0.1%     0.0%     4.8%     0.1%
Jul 29 15:49:29    159.1    51051378      268    81.3%    270.1     0.3%    13.7%     0.1%     0.0%     4.8%     0.1%
Jul 29 15:50:29    160.6    54192010      268    81.3%    270.1     0.3%    13.7%     0.1%     0.0%     4.8%     0.1%
Jul 29 15:51:29    160.0    56659213      268    81.3%    270.0     0.3%    13.7%     0.1%     0.0%     4.8%     0.1%
Jul 29 15:52:29    161.9    60043912      268    81.3%    270.0     0.3%    13.7%     0.1%     0.0%     4.8%     0.1%
Jul 29 15:53:30    163.8    63534940      268    81.3%    270.0     0.3%    13.7%     0.1%     0.0%     4.7%     0.1%
Jul 29 15:54:32    165.4    66973899      268    81.3%    270.0     0.3%    13.7%     0.1%     0.0%     4.7%     0.1%
Jul 29 15:55:33    165.7    69922118      268    81.4%    270.0     0.3%    13.7%     0.1%     0.0%     4.7%     0.1%
Jul 29 15:56:33    164.5    72143828      268    81.3%    270.0     0.3%    13.7%     0.1%     0.0%     4.7%     0.1%
Jul 29 15:57:34    163.5    74461402      268    81.3%    270.0     0.3%    13.7%     0.1%     0.0%     4.8%     0.1%
Jul 29 15:58:34    163.8    77363847      268    81.3%    270.0     0.3%    13.7%     0.1%     0.0%     4.8%     0.1%
Jul 29 15:59:34    164.2    80268017      268    81.3%    270.0     0.3%    13.7%     0.1%     0.0%     4.7%     0.1%
Jul 29 16:00:34    164.1    82983769      268    81.3%    270.0     0.3%    13.7%     0.1%     0.0%     4.7%     0.1%
Jul 29 16:01:36    162.5    84966334      268    81.3%    269.9     0.3%    13.7%     0.1%     0.0%     4.8%     0.1%
Jul 29 16:02:38    163.1    88070582      268    81.3%    269.9     0.3%    13.7%     0.1%     0.0%     4.8%     0.1%
Jul 29 16:07:28    142.7    88533280      268    81.3%    269.9     0.3%    13.7%     0.1%     0.0%     4.8%     0.1%
ALL DONE!
