           Time    Speed        Read     Read   Mapped   Mapped   Mapped   Mapped Unmapped Unmapped Unmapped Unmapped
                    M/hr      number   length   unique   length   MMrate    multi   multi+       MM    short    other
Jul 29 15:55:29    144.4     2406999      273    82.7%    275.6     0.2%    13.8%     0.1%     0.0%     3.4%     0.1%
Jul 29 15:56:29    145.4     4845653      273    82.7%    276.2     0.2%    13.7%     0.1%     0.0%     3.4%     0.1%
Jul 29 15:57:29    154.3     7714828      274    82.8%    276.4     0.2%    13.7%     0.1%     0.0%     3.4%     0.1%
Jul 29 15:58:30    156.7    10487392      274    82.7%    276.4     0.2%    13.7%     0.1%     0.0%     3.4%     0.1%
Jul 29 15:59:30    157.2    13143373      274    82.8%    276.6     0.2%    13.6%     0.1%     0.0%     3.4%     0.1%
Jul 29 16:00:30    157.1    15752106      274    82.8%    276.7     0.2%    13.6%     0.1%     0.0%     3.4%     0.1%
Jul 29 16:01:32    158.3    18603503      274    82.8%    276.7     0.2%    13.6%     0.1%     0.0%     3.4%     0.1%
Jul 29 16:02:32    158.9    21312572      274    82.8%    276.7     0.2%    13.6%     0.1%     0.0%     3.4%     0.1%
Jul 29 16:03:32    162.1    24450683      274    82.8%    276.6     0.2%    13.6%     0.1%     0.0%     3.4%     0.1%
Jul 29 16:04:33    164.2    27541318      274    82.7%    276.6     0.2%    13.6%     0.1%     0.0%     3.4%     0.1%
Jul 29 16:05:34    164.0    30291344      274    82.8%    276.7     0.2%    13.6%     0.1%     0.0%     3.4%     0.1%
Jul 29 16:06:35    164.5    33181620      274    82.8%    276.8     0.2%    13.6%     0.1%     0.0%     3.5%     0.1%
Jul 29 16:07:35    165.9    36226315      274    82.7%    276.7     0.2%    13.6%     0.1%     0.0%     3.5%     0.1%
Jul 29 16:08:35    166.5    39126886      274    82.7%    276.7     0.2%    13.6%     0.1%     0.0%     3.5%     0.1%
Jul 29 16:09:37    165.9    41844288      274    82.7%    276.7     0.2%    13.6%     0.1%     0.0%     3.4%     0.1%
Jul 29 16:10:40    165.8    44709214      274    82.7%    276.6     0.2%    13.7%     0.1%     0.0%     3.4%     0.1%
Jul 29 16:11:40    165.8    47473554      274    82.7%    276.5     0.2%    13.7%     0.1%     0.0%     3.4%     0.1%
Jul 29 16:12:41    165.3    50153882      274    82.7%    276.4     0.2%    13.7%     0.1%     0.0%     3.4%     0.1%
Jul 29 16:13:43    165.4    53016068      274    82.7%    276.3     0.2%    13.7%     0.1%     0.0%     3.4%     0.1%
Jul 29 16:14:43    165.2    55720247      274    82.7%    276.4     0.2%    13.7%     0.1%     0.0%     3.4%     0.1%
Jul 29 16:15:43    165.0    58389525      274    82.7%    276.4     0.2%    13.7%     0.1%     0.0%     3.4%     0.1%
Jul 29 16:16:45    164.9    61201156      273    82.7%    276.3     0.2%    13.7%     0.1%     0.0%     3.4%     0.1%
Jul 29 16:17:45    165.2    64063193      273    82.7%    276.3     0.2%    13.7%     0.1%     0.0%     3.4%     0.1%
Jul 29 16:18:47    165.4    66982288      273    82.7%    276.2     0.2%    13.7%     0.1%     0.0%     3.4%     0.1%
Jul 29 16:22:26    147.9    68886111      273    82.7%    276.2     0.2%    13.7%     0.1%     0.0%     3.4%     0.1%
ALL DONE!
