           Time    Speed        Read     Read   Mapped   Mapped   Mapped   Mapped Unmapped Unmapped Unmapped Unmapped
                    M/hr      number   length   unique   length   MMrate    multi   multi+       MM    short    other
Jul 29 14:53:46    154.5     2575685      264    83.2%    267.4     0.3%    14.1%     0.1%     0.0%     2.5%     0.1%
Jul 29 14:54:48    170.7     5785960      264    83.3%    267.5     0.2%    14.1%     0.1%     0.0%     2.5%     0.1%
Jul 29 14:55:48    179.9     9093423      264    83.3%    267.5     0.2%    14.1%     0.1%     0.0%     2.5%     0.1%
Jul 29 14:56:49    177.7    11997056      264    83.2%    267.4     0.2%    14.1%     0.1%     0.0%     2.5%     0.1%
Jul 29 14:57:49    179.3    15088250      264    83.3%    267.4     0.2%    14.1%     0.1%     0.0%     2.5%     0.1%
Jul 29 14:58:49    180.8    18227210      264    83.3%    267.5     0.2%    14.1%     0.1%     0.0%     2.5%     0.1%
Jul 29 14:59:50    181.4    21367162      264    83.3%    267.5     0.2%    14.1%     0.1%     0.0%     2.5%     0.1%
Jul 29 15:00:50    184.1    24755407      264    83.3%    267.4     0.2%    14.1%     0.1%     0.0%     2.5%     0.1%
Jul 29 15:01:53    181.3    27550908      264    83.2%    267.4     0.2%    14.1%     0.1%     0.0%     2.6%     0.1%
Jul 29 15:02:53    182.9    30841677      264    83.2%    267.3     0.2%    14.1%     0.1%     0.0%     2.6%     0.1%
Jul 29 15:03:53    183.7    34030635      264    83.2%    267.4     0.2%    14.1%     0.1%     0.0%     2.6%     0.1%
Jul 29 15:04:53    180.4    36435705      264    83.1%    267.3     0.3%    14.1%     0.1%     0.0%     2.6%     0.1%
Jul 29 15:05:53    179.7    39281101      264    83.1%    267.3     0.3%    14.1%     0.1%     0.0%     2.6%     0.1%
Jul 29 15:06:53    178.8    42075484      264    83.1%    267.3     0.3%    14.1%     0.1%     0.0%     2.6%     0.1%
Jul 29 15:07:53    180.0    45361523      264    83.1%    267.3     0.3%    14.1%     0.1%     0.0%     2.6%     0.1%
Jul 29 15:08:54    181.1    48690961      264    83.2%    267.4     0.3%    14.1%     0.1%     0.0%     2.6%     0.1%
Jul 29 15:09:54    179.4    51240083      264    83.1%    267.4     0.3%    14.1%     0.1%     0.0%     2.6%     0.1%
Jul 29 15:10:54    180.3    54478025      264    83.2%    267.4     0.3%    14.1%     0.1%     0.0%     2.6%     0.1%
Jul 29 15:11:55    181.5    57913211      264    83.2%    267.4     0.3%    14.1%     0.1%     0.0%     2.6%     0.1%
Jul 29 15:12:55    182.7    61350577      264    83.2%    267.4     0.3%    14.1%     0.1%     0.0%     2.6%     0.1%
Jul 29 15:13:57    183.1    64632507      264    83.2%    267.4     0.3%    14.1%     0.1%     0.0%     2.6%     0.1%
Jul 29 15:14:57    183.1    67713802      264    83.1%    267.4     0.3%    14.1%     0.1%     0.0%     2.6%     0.1%
Jul 29 15:15:57    180.8    69871939      264    83.1%    267.4     0.3%    14.1%     0.1%     0.0%     2.6%     0.1%
Jul 29 15:16:57    179.1    72171347      264    83.2%    267.4     0.3%    14.1%     0.1%     0.0%     2.6%     0.1%
Jul 29 15:17:59    177.1    74433191      264    83.1%    267.4     0.3%    14.1%     0.1%     0.0%     2.6%     0.1%
Jul 29 15:18:59    176.3    77033853      264    83.1%    267.4     0.3%    14.1%     0.1%     0.0%     2.6%     0.1%
Jul 29 15:24:48    147.4    78684762      264    83.1%    267.4     0.3%    14.1%     0.1%     0.0%     2.6%     0.1%
ALL DONE!
