           Time    Speed        Read     Read   Mapped   Mapped   Mapped   Mapped Unmapped Unmapped Unmapped Unmapped
                    M/hr      number   length   unique   length   MMrate    multi   multi+       MM    short    other
Jul 29 14:10:53    134.6     2467014      271    82.4%    275.1     0.3%    14.4%     0.1%     0.0%     3.1%     0.1%
Jul 29 14:11:54    154.7     5458436      271    82.4%    275.1     0.2%    14.4%     0.1%     0.0%     3.1%     0.1%
Jul 29 14:12:55    158.1     8255556      271    82.4%    275.2     0.2%    14.4%     0.1%     0.0%     3.1%     0.1%
Jul 29 14:13:55    161.0    11093539      271    82.4%    275.1     0.2%    14.3%     0.1%     0.0%     3.1%     0.1%
Jul 29 14:14:55    162.7    13923469      271    82.4%    275.1     0.2%    14.4%     0.1%     0.0%     3.1%     0.1%
Jul 29 14:15:57    162.5    16700466      271    82.4%    275.2     0.2%    14.3%     0.1%     0.0%     3.1%     0.1%
Jul 29 14:16:57    163.9    19576803      271    82.4%    275.1     0.2%    14.4%     0.1%     0.0%     3.1%     0.1%
Jul 29 14:17:57    161.8    22023283      271    82.3%    275.1     0.2%    14.4%     0.1%     0.0%     3.1%     0.1%
Jul 29 14:18:57    162.0    24756419      271    82.3%    275.0     0.2%    14.4%     0.1%     0.0%     3.2%     0.1%
Jul 29 14:19:58    162.8    27631121      271    82.3%    275.1     0.2%    14.4%     0.1%     0.0%     3.2%     0.1%
Jul 29 14:20:58    161.1    30028301      271    82.2%    275.0     0.3%    14.4%     0.1%     0.0%     3.2%     0.1%
Jul 29 14:21:59    161.1    32759854      271    82.2%    275.0     0.3%    14.4%     0.1%     0.0%     3.2%     0.1%
Jul 29 14:23:00    161.8    35630817      271    82.3%    275.0     0.3%    14.4%     0.1%     0.0%     3.2%     0.1%
Jul 29 14:24:01    162.3    38505462      271    82.3%    275.0     0.3%    14.4%     0.1%     0.0%     3.2%     0.1%
Jul 29 14:25:01    161.3    40948168      271    82.3%    275.0     0.3%    14.4%     0.1%     0.0%     3.2%     0.1%
Jul 29 14:26:02    161.4    43722646      271    82.3%    275.1     0.3%    14.3%     0.1%     0.0%     3.2%     0.1%
Jul 29 14:27:02    162.1    46601470      271    82.3%    275.1     0.3%    14.4%     0.1%     0.0%     3.2%     0.1%
Jul 29 14:28:03    162.5    49478968      271    82.3%    275.1     0.3%    14.4%     0.1%     0.0%     3.2%     0.1%
Jul 29 14:29:03    162.7    52253988      271    82.3%    275.1     0.3%    14.4%     0.1%     0.0%     3.2%     0.1%
Jul 29 14:30:04    161.4    54550068      271    82.3%    275.1     0.3%    14.3%     0.1%     0.0%     3.2%     0.1%
Jul 29 14:31:04    161.6    57325874      271    82.3%    275.1     0.3%    14.3%     0.1%     0.0%     3.2%     0.1%
Jul 29 14:32:04    162.2    60244574      271    82.3%    275.1     0.3%    14.3%     0.1%     0.0%     3.2%     0.1%
Jul 29 14:33:04    160.8    62404121      271    82.2%    275.1     0.3%    14.3%     0.1%     0.0%     3.3%     0.1%
Jul 29 14:37:53    138.2    64712396      271    82.2%    275.0     0.3%    14.4%     0.1%     0.0%     3.2%     0.1%
ALL DONE!
