                                 Started job on |	Jul 29 19:11:09
                             Started mapping on |	Jul 29 19:11:09
                                    Finished on |	Jul 29 19:44:14
       Mapping speed, Million of reads per hour |	160.15

                          Number of input reads |	88304622
                      Average input read length |	260
                                    UNIQUE READS:
                   Uniquely mapped reads number |	69446896
                        Uniquely mapped reads % |	78.64%
                          Average mapped length |	264.33
                       Number of splices: Total |	26204073
            Number of splices: Annotated (sjdb) |	25703830
                       Number of splices: GT/AG |	25988088
                       Number of splices: GC/AG |	192865
                       Number of splices: AT/AC |	23120
               Number of splices: Non-canonical |	0
                      Mismatch rate per base, % |	0.17%
                         Deletion rate per base |	0.01%
                        Deletion average length |	1.98
                        Insertion rate per base |	0.03%
                       Insertion average length |	2.40
                             MULTI-MAPPING READS:
        Number of reads mapped to multiple loci |	16834435
             % of reads mapped to multiple loci |	19.06%
        Number of reads mapped to too many loci |	77470
             % of reads mapped to too many loci |	0.09%
                                  UNMAPPED READS:
  Number of reads unmapped: too many mismatches |	0
       % of reads unmapped: too many mismatches |	0.00%
            Number of reads unmapped: too short |	1869155
                 % of reads unmapped: too short |	2.12%
                Number of reads unmapped: other |	76666
                     % of reads unmapped: other |	0.09%
                                  CHIMERIC READS:
                       Number of chimeric reads |	0
                            % of chimeric reads |	0.00%
