                                 Started job on |	Jul 29 14:09:46
                             Started mapping on |	Jul 29 14:09:47
                                    Finished on |	Jul 29 14:49:39
       Mapping speed, Million of reads per hour |	166.53

                          Number of input reads |	110649389
                      Average input read length |	262
                                    UNIQUE READS:
                   Uniquely mapped reads number |	92903333
                        Uniquely mapped reads % |	83.96%
                          Average mapped length |	264.99
                       Number of splices: Total |	35736325
            Number of splices: Annotated (sjdb) |	35151823
                       Number of splices: GT/AG |	35424612
                       Number of splices: GC/AG |	277554
                       Number of splices: AT/AC |	34159
               Number of splices: Non-canonical |	0
                      Mismatch rate per base, % |	0.17%
                         Deletion rate per base |	0.01%
                        Deletion average length |	1.99
                        Insertion rate per base |	0.01%
                       Insertion average length |	1.71
                             MULTI-MAPPING READS:
        Number of reads mapped to multiple loci |	14559415
             % of reads mapped to multiple loci |	13.16%
        Number of reads mapped to too many loci |	125468
             % of reads mapped to too many loci |	0.11%
                                  UNMAPPED READS:
  Number of reads unmapped: too many mismatches |	0
       % of reads unmapped: too many mismatches |	0.00%
            Number of reads unmapped: too short |	2919352
                 % of reads unmapped: too short |	2.64%
                Number of reads unmapped: other |	141821
                     % of reads unmapped: other |	0.13%
                                  CHIMERIC READS:
                       Number of chimeric reads |	0
                            % of chimeric reads |	0.00%
