                                 Started job on |	Jul 29 14:09:46
                             Started mapping on |	Jul 29 14:09:47
                                    Finished on |	Jul 29 14:37:53
       Mapping speed, Million of reads per hour |	138.18

                          Number of input reads |	64712396
                      Average input read length |	271
                                    UNIQUE READS:
                   Uniquely mapped reads number |	53218767
                        Uniquely mapped reads % |	82.24%
                          Average mapped length |	275.04
                       Number of splices: Total |	18792774
            Number of splices: Annotated (sjdb) |	18398687
                       Number of splices: GT/AG |	18635616
                       Number of splices: GC/AG |	141242
                       Number of splices: AT/AC |	15916
               Number of splices: Non-canonical |	0
                      Mismatch rate per base, % |	0.27%
                         Deletion rate per base |	0.01%
                        Deletion average length |	2.02
                        Insertion rate per base |	0.01%
                       Insertion average length |	1.65
                             MULTI-MAPPING READS:
        Number of reads mapped to multiple loci |	9289951
             % of reads mapped to multiple loci |	14.36%
        Number of reads mapped to too many loci |	55471
             % of reads mapped to too many loci |	0.09%
                                  UNMAPPED READS:
  Number of reads unmapped: too many mismatches |	0
       % of reads unmapped: too many mismatches |	0.00%
            Number of reads unmapped: too short |	2099172
                 % of reads unmapped: too short |	3.24%
                Number of reads unmapped: other |	49035
                     % of reads unmapped: other |	0.08%
                                  CHIMERIC READS:
                       Number of chimeric reads |	0
                            % of chimeric reads |	0.00%
