           Time    Speed        Read     Read   Mapped   Mapped   Mapped   Mapped Unmapped Unmapped Unmapped Unmapped
                    M/hr      number   length   unique   length   MMrate    multi   multi+       MM    short    other
Jul 29 16:20:08    165.4     2802403      261    81.5%    263.6     0.2%    15.4%     0.1%     0.0%     3.0%     0.1%
Jul 29 16:21:10    185.1     6325141      262    81.6%    264.6     0.2%    15.3%     0.1%     0.0%     3.0%     0.1%
Jul 29 16:22:10    191.9     9755639      262    81.6%    264.7     0.2%    15.3%     0.1%     0.0%     3.0%     0.1%
Jul 29 16:23:10    189.1    12766896      262    81.5%    264.8     0.2%    15.3%     0.1%     0.0%     3.0%     0.1%
Jul 29 16:24:10    189.7    15965670      262    81.6%    265.0     0.2%    15.2%     0.1%     0.0%     3.0%     0.1%
Jul 29 16:25:11    189.7    19178120      262    81.6%    264.9     0.2%    15.3%     0.1%     0.0%     3.0%     0.1%
Jul 29 16:26:13    189.9    22475198      262    81.6%    265.1     0.2%    15.2%     0.1%     0.0%     3.0%     0.1%
Jul 29 16:27:13    190.9    25777373      262    81.6%    265.1     0.2%    15.2%     0.1%     0.0%     3.0%     0.1%
Jul 29 16:28:13    191.4    29024491      262    81.6%    265.2     0.2%    15.2%     0.1%     0.0%     3.1%     0.1%
Jul 29 16:29:14    193.7    32661074      262    81.6%    265.3     0.2%    15.2%     0.1%     0.0%     3.1%     0.1%
Jul 29 16:30:14    193.1    35778041      262    81.6%    265.2     0.2%    15.2%     0.1%     0.0%     3.1%     0.1%
Jul 29 16:31:14    193.0    38979648      262    81.6%    265.2     0.2%    15.2%     0.1%     0.0%     3.1%     0.1%
Jul 29 16:32:14    194.4    42489923      262    81.6%    265.2     0.2%    15.2%     0.1%     0.0%     3.1%     0.1%
Jul 29 16:33:14    193.8    45593092      262    81.6%    265.2     0.2%    15.2%     0.1%     0.0%     3.1%     0.1%
Jul 29 16:34:14    194.5    48995240      262    81.6%    265.2     0.2%    15.2%     0.1%     0.0%     3.1%     0.1%
Jul 29 16:35:14    194.0    52102681      262    81.5%    265.2     0.2%    15.2%     0.1%     0.0%     3.1%     0.1%
Jul 29 16:36:15    194.2    55444235      262    81.5%    265.2     0.2%    15.2%     0.1%     0.0%     3.1%     0.1%
Jul 29 16:37:15    193.9    58600035      262    81.5%    265.2     0.2%    15.2%     0.1%     0.0%     3.1%     0.1%
Jul 29 16:38:16    193.6    61790581      262    81.5%    265.3     0.2%    15.2%     0.1%     0.0%     3.1%     0.1%
Jul 29 16:39:16    193.7    65034263      262    81.5%    265.4     0.2%    15.2%     0.1%     0.0%     3.1%     0.1%
Jul 29 16:40:16    193.8    68302477      262    81.5%    265.3     0.2%    15.2%     0.1%     0.0%     3.1%     0.1%
Jul 29 16:41:16    194.0    71605177      262    81.5%    265.3     0.2%    15.2%     0.1%     0.0%     3.1%     0.1%
Jul 29 16:42:17    194.4    75070353      262    81.5%    265.2     0.2%    15.2%     0.1%     0.0%     3.1%     0.1%
Jul 29 16:43:17    195.1    78579494      262    81.5%    265.2     0.2%    15.2%     0.1%     0.0%     3.1%     0.1%
Jul 29 16:44:17    195.5    81989931      262    81.5%    265.2     0.2%    15.2%     0.1%     0.0%     3.1%     0.1%
Jul 29 16:45:17    195.9    85415608      262    81.5%    265.1     0.2%    15.2%     0.1%     0.0%     3.1%     0.1%
Jul 29 16:46:17    196.6    89024786      262    81.5%    265.1     0.2%    15.3%     0.1%     0.0%     3.1%     0.1%
Jul 29 16:47:17    197.7    92801593      262    81.5%    265.0     0.2%    15.3%     0.1%     0.0%     3.1%     0.1%
Jul 29 16:48:17    200.2    97306425      262    81.5%    264.9     0.2%    15.3%     0.1%     0.0%     3.1%     0.1%
Jul 29 16:49:17    202.8   101982263      262    81.5%    264.9     0.2%    15.3%     0.1%     0.0%     3.1%     0.1%
Jul 29 16:50:17    205.9   106975688      262    81.5%    264.9     0.2%    15.3%     0.1%     0.0%     3.1%     0.1%
Jul 29 16:51:17    208.8   111932407      262    81.5%    264.9     0.2%    15.3%     0.1%     0.0%     3.1%     0.1%
Jul 29 16:52:17    211.5   116900700      262    81.5%    264.9     0.2%    15.3%     0.1%     0.0%     3.1%     0.1%
Jul 29 16:53:17    214.4   122061747      262    81.5%    264.8     0.2%    15.3%     0.1%     0.0%     3.1%     0.1%
Jul 29 16:54:17    216.8   127043181      262    81.5%    264.8     0.2%    15.3%     0.1%     0.0%     3.1%     0.1%
Jul 29 16:58:33    199.0   130806061      262    81.5%    264.7     0.2%    15.3%     0.1%     0.0%     3.1%     0.1%
ALL DONE!
