                                 Started job on |	Jul 29 15:22:02
                             Started mapping on |	Jul 29 15:22:03
                                    Finished on |	Jul 29 15:44:52
       Mapping speed, Million of reads per hour |	145.42

                          Number of input reads |	55300061
                      Average input read length |	275
                                    UNIQUE READS:
                   Uniquely mapped reads number |	47218139
                        Uniquely mapped reads % |	85.39%
                          Average mapped length |	276.08
                       Number of splices: Total |	21133270
            Number of splices: Annotated (sjdb) |	20788541
                       Number of splices: GT/AG |	20963305
                       Number of splices: GC/AG |	151161
                       Number of splices: AT/AC |	18804
               Number of splices: Non-canonical |	0
                      Mismatch rate per base, % |	0.29%
                         Deletion rate per base |	0.01%
                        Deletion average length |	1.98
                        Insertion rate per base |	0.01%
                       Insertion average length |	1.70
                             MULTI-MAPPING READS:
        Number of reads mapped to multiple loci |	6342321
             % of reads mapped to multiple loci |	11.47%
        Number of reads mapped to too many loci |	40826
             % of reads mapped to too many loci |	0.07%
                                  UNMAPPED READS:
  Number of reads unmapped: too many mismatches |	0
       % of reads unmapped: too many mismatches |	0.00%
            Number of reads unmapped: too short |	1647559
                 % of reads unmapped: too short |	2.98%
                Number of reads unmapped: other |	51216
                     % of reads unmapped: other |	0.09%
                                  CHIMERIC READS:
                       Number of chimeric reads |	0
                            % of chimeric reads |	0.00%
