                                 Started job on |	Jul 29 15:45:59
                             Started mapping on |	Jul 29 15:45:59
                                    Finished on |	Jul 29 16:22:12
       Mapping speed, Million of reads per hour |	160.00

                          Number of input reads |	96577448
                      Average input read length |	267
                                    UNIQUE READS:
                   Uniquely mapped reads number |	80662536
                        Uniquely mapped reads % |	83.52%
                          Average mapped length |	269.45
                       Number of splices: Total |	34592080
            Number of splices: Annotated (sjdb) |	34074174
                       Number of splices: GT/AG |	34294081
                       Number of splices: GC/AG |	265289
                       Number of splices: AT/AC |	32710
               Number of splices: Non-canonical |	0
                      Mismatch rate per base, % |	0.17%
                         Deletion rate per base |	0.01%
                        Deletion average length |	1.93
                        Insertion rate per base |	0.01%
                       Insertion average length |	1.67
                             MULTI-MAPPING READS:
        Number of reads mapped to multiple loci |	12809887
             % of reads mapped to multiple loci |	13.26%
        Number of reads mapped to too many loci |	75646
             % of reads mapped to too many loci |	0.08%
                                  UNMAPPED READS:
  Number of reads unmapped: too many mismatches |	0
       % of reads unmapped: too many mismatches |	0.00%
            Number of reads unmapped: too short |	2931258
                 % of reads unmapped: too short |	3.04%
                Number of reads unmapped: other |	98121
                     % of reads unmapped: other |	0.10%
                                  CHIMERIC READS:
                       Number of chimeric reads |	0
                            % of chimeric reads |	0.00%
