                                 Started job on |	Jul 29 13:13:52
                             Started mapping on |	Jul 29 13:13:58
                                    Finished on |	Jul 29 13:47:34
       Mapping speed, Million of reads per hour |	165.23

                          Number of input reads |	92526231
                      Average input read length |	261
                                    UNIQUE READS:
                   Uniquely mapped reads number |	72082897
                        Uniquely mapped reads % |	77.91%
                          Average mapped length |	265.53
                       Number of splices: Total |	31183178
            Number of splices: Annotated (sjdb) |	30687873
                       Number of splices: GT/AG |	30923372
                       Number of splices: GC/AG |	230119
                       Number of splices: AT/AC |	29687
               Number of splices: Non-canonical |	0
                      Mismatch rate per base, % |	0.15%
                         Deletion rate per base |	0.01%
                        Deletion average length |	1.94
                        Insertion rate per base |	0.01%
                       Insertion average length |	1.63
                             MULTI-MAPPING READS:
        Number of reads mapped to multiple loci |	17545600
             % of reads mapped to multiple loci |	18.96%
        Number of reads mapped to too many loci |	99214
             % of reads mapped to too many loci |	0.11%
                                  UNMAPPED READS:
  Number of reads unmapped: too many mismatches |	0
       % of reads unmapped: too many mismatches |	0.00%
            Number of reads unmapped: too short |	2698028
                 % of reads unmapped: too short |	2.92%
                Number of reads unmapped: other |	100492
                     % of reads unmapped: other |	0.11%
                                  CHIMERIC READS:
                       Number of chimeric reads |	0
                            % of chimeric reads |	0.00%
