                                 Started job on |	Jul 29 14:09:46
                             Started mapping on |	Jul 29 14:09:47
                                    Finished on |	Jul 29 15:01:35
       Mapping speed, Million of reads per hour |	135.87

                          Number of input reads |	117300909
                      Average input read length |	264
                                    UNIQUE READS:
                   Uniquely mapped reads number |	97772053
                        Uniquely mapped reads % |	83.35%
                          Average mapped length |	265.76
                       Number of splices: Total |	40679677
            Number of splices: Annotated (sjdb) |	39959508
                       Number of splices: GT/AG |	40333549
                       Number of splices: GC/AG |	308494
                       Number of splices: AT/AC |	37634
               Number of splices: Non-canonical |	0
                      Mismatch rate per base, % |	0.30%
                         Deletion rate per base |	0.01%
                        Deletion average length |	1.99
                        Insertion rate per base |	0.01%
                       Insertion average length |	1.67
                             MULTI-MAPPING READS:
        Number of reads mapped to multiple loci |	15390240
             % of reads mapped to multiple loci |	13.12%
        Number of reads mapped to too many loci |	105961
             % of reads mapped to too many loci |	0.09%
                                  UNMAPPED READS:
  Number of reads unmapped: too many mismatches |	0
       % of reads unmapped: too many mismatches |	0.00%
            Number of reads unmapped: too short |	3916627
                 % of reads unmapped: too short |	3.34%
                Number of reads unmapped: other |	116028
                     % of reads unmapped: other |	0.10%
                                  CHIMERIC READS:
                       Number of chimeric reads |	0
                            % of chimeric reads |	0.00%
