           Time    Speed        Read     Read   Mapped   Mapped   Mapped   Mapped Unmapped Unmapped Unmapped Unmapped
                    M/hr      number   length   unique   length   MMrate    multi   multi+       MM    short    other
Jul 29 13:15:03    141.9     2562770      260    85.2%    260.7     0.3%    11.6%     0.1%     0.0%     3.0%     0.1%
Jul 29 13:16:03    167.5     5814306      260    85.4%    261.1     0.3%    11.6%     0.1%     0.0%     2.9%     0.1%
Jul 29 13:17:03    173.5     8915512      260    85.4%    261.2     0.3%    11.6%     0.1%     0.0%     2.8%     0.1%
Jul 29 13:18:03    175.8    11962283      260    85.4%    261.1     0.2%    11.6%     0.1%     0.0%     2.8%     0.1%
Jul 29 13:19:05    175.8    14994015      260    85.4%    261.1     0.2%    11.6%     0.1%     0.0%     2.8%     0.1%
Jul 29 13:20:05    176.8    18024950      260    85.4%    261.2     0.2%    11.6%     0.1%     0.0%     2.8%     0.1%
Jul 29 13:21:05    175.9    20866121      260    85.4%    261.0     0.3%    11.6%     0.1%     0.0%     2.8%     0.1%
Jul 29 13:22:06    175.2    23750719      260    85.4%    261.0     0.3%    11.6%     0.1%     0.0%     2.9%     0.1%
Jul 29 13:23:06    175.6    26730514      260    85.4%    261.1     0.3%    11.6%     0.1%     0.0%     2.9%     0.1%
Jul 29 13:24:09    176.0    29867923      260    85.4%    261.1     0.3%    11.6%     0.1%     0.0%     2.8%     0.1%
Jul 29 13:25:09    176.3    32853375      260    85.4%    261.1     0.2%    11.6%     0.1%     0.0%     2.8%     0.1%
Jul 29 13:26:09    176.9    35930391      260    85.4%    261.1     0.2%    11.6%     0.1%     0.0%     2.8%     0.1%
Jul 29 13:27:09    177.1    38912944      260    85.4%    261.1     0.2%    11.6%     0.1%     0.0%     2.8%     0.1%
Jul 29 13:28:09    177.5    41950053      260    85.4%    261.1     0.2%    11.6%     0.1%     0.0%     2.8%     0.1%
Jul 29 13:29:09    177.6    44932356      260    85.4%    261.1     0.2%    11.6%     0.1%     0.0%     2.8%     0.1%
Jul 29 13:30:09    177.9    47971432      260    85.4%    261.1     0.2%    11.6%     0.1%     0.0%     2.8%     0.1%
Jul 29 13:31:11    175.2    50260214      260    85.3%    261.0     0.3%    11.6%     0.1%     0.0%     2.9%     0.1%
Jul 29 13:32:11    174.7    53041250      260    85.3%    261.0     0.3%    11.6%     0.1%     0.0%     2.9%     0.1%
Jul 29 13:33:11    174.9    56024312      260    85.3%    261.0     0.3%    11.6%     0.1%     0.0%     2.9%     0.1%
Jul 29 13:34:11    175.0    58965165      260    85.3%    261.0     0.3%    11.6%     0.1%     0.0%     2.9%     0.1%
Jul 29 13:35:11    175.0    61898720      260    85.3%    261.0     0.3%    11.6%     0.1%     0.0%     2.9%     0.1%
Jul 29 13:36:12    175.2    64930324      260    85.3%    261.0     0.3%    11.6%     0.1%     0.0%     2.9%     0.1%
Jul 29 13:37:13    174.3    67522581      260    85.3%    261.0     0.3%    11.6%     0.1%     0.0%     2.9%     0.1%
Jul 29 13:38:13    172.2    69609148      260    85.2%    260.9     0.3%    11.6%     0.1%     0.0%     3.0%     0.1%
Jul 29 13:39:13    172.8    72737300      260    85.2%    260.9     0.3%    11.6%     0.1%     0.0%     3.0%     0.1%
Jul 29 13:40:13    173.5    75921115      260    85.2%    260.9     0.3%    11.6%     0.1%     0.0%     3.0%     0.1%
Jul 29 13:41:14    172.5    78409523      260    85.2%    260.9     0.3%    11.6%     0.1%     0.0%     3.0%     0.1%
Jul 29 13:42:14    173.8    81883580      260    85.2%    260.9     0.3%    11.6%     0.1%     0.0%     3.0%     0.1%
Jul 29 13:43:15    175.3    85560125      260    85.2%    261.0     0.3%    11.6%     0.1%     0.0%     3.0%     0.1%
Jul 29 13:44:17    176.5    89191009      260    85.2%    261.0     0.3%    11.6%     0.1%     0.0%     3.0%     0.1%
Jul 29 13:45:17    177.8    92812414      260    85.3%    261.0     0.3%    11.6%     0.1%     0.0%     3.0%     0.1%
Jul 29 13:46:17    178.8    96293761      260    85.2%    261.0     0.3%    11.6%     0.1%     0.0%     3.0%     0.1%
Jul 29 13:47:17    179.8    99815740      260    85.2%    261.0     0.3%    11.6%     0.1%     0.0%     3.0%     0.1%
Jul 29 13:48:17    182.8   104552722      260    85.2%    261.0     0.3%    11.6%     0.1%     0.0%     3.0%     0.1%
Jul 29 13:49:17    185.4   109155448      260    85.3%    261.0     0.3%    11.6%     0.1%     0.0%     3.0%     0.1%
Jul 29 13:50:17    188.2   113899102      260    85.3%    261.0     0.3%    11.6%     0.1%     0.0%     3.0%     0.1%
Jul 29 13:51:19    190.3   118448906      260    85.3%    261.0     0.3%    11.6%     0.1%     0.0%     3.0%     0.1%
Jul 29 13:52:19    192.3   122931877      260    85.3%    261.0     0.3%    11.6%     0.1%     0.0%     3.0%     0.1%
Jul 29 13:53:20    192.9   126534326      260    85.2%    261.0     0.3%    11.6%     0.1%     0.0%     3.0%     0.1%
Jul 29 13:54:20    194.4   130816338      260    85.2%    261.0     0.3%    11.6%     0.1%     0.0%     3.0%     0.1%
Jul 29 13:55:20    196.3   135358189      260    85.2%    261.0     0.3%    11.6%     0.1%     0.0%     3.0%     0.1%
Jul 29 13:56:20    198.7   140283337      260    85.2%    261.1     0.3%    11.5%     0.1%     0.0%     3.0%     0.1%
Jul 29 13:57:20    200.3   144788325      260    85.2%    261.0     0.3%    11.6%     0.1%     0.0%     3.0%     0.1%
Jul 29 13:58:20    201.8   149234071      260    85.2%    261.0     0.3%    11.6%     0.1%     0.0%     3.0%     0.1%
Jul 29 14:03:14    186.5   153132353      260    85.2%    261.0     0.3%    11.6%     0.1%     0.0%     3.0%     0.1%
ALL DONE!
