                                 Started job on |	Jul 29 19:11:09
                             Started mapping on |	Jul 29 19:11:09
                                    Finished on |	Jul 29 19:42:52
       Mapping speed, Million of reads per hour |	155.73

                          Number of input reads |	82320998
                      Average input read length |	262
                                    UNIQUE READS:
                   Uniquely mapped reads number |	70572043
                        Uniquely mapped reads % |	85.73%
                          Average mapped length |	264.00
                       Number of splices: Total |	20671999
            Number of splices: Annotated (sjdb) |	20290392
                       Number of splices: GT/AG |	20500992
                       Number of splices: GC/AG |	153351
                       Number of splices: AT/AC |	17656
               Number of splices: Non-canonical |	0
                      Mismatch rate per base, % |	0.27%
                         Deletion rate per base |	0.01%
                        Deletion average length |	1.94
                        Insertion rate per base |	0.01%
                       Insertion average length |	1.66
                             MULTI-MAPPING READS:
        Number of reads mapped to multiple loci |	9265071
             % of reads mapped to multiple loci |	11.25%
        Number of reads mapped to too many loci |	93621
             % of reads mapped to too many loci |	0.11%
                                  UNMAPPED READS:
  Number of reads unmapped: too many mismatches |	0
       % of reads unmapped: too many mismatches |	0.00%
            Number of reads unmapped: too short |	2304120
                 % of reads unmapped: too short |	2.80%
                Number of reads unmapped: other |	86143
                     % of reads unmapped: other |	0.10%
                                  CHIMERIC READS:
                       Number of chimeric reads |	0
                            % of chimeric reads |	0.00%
