                                 Started job on |	Jul 30 00:16:53
                             Started mapping on |	Jul 30 00:17:01
                                    Finished on |	Jul 30 00:48:25
       Mapping speed, Million of reads per hour |	236.63

                          Number of input reads |	123835577
                      Average input read length |	261
                                    UNIQUE READS:
                   Uniquely mapped reads number |	96442025
                        Uniquely mapped reads % |	77.88%
                          Average mapped length |	263.87
                       Number of splices: Total |	37773853
            Number of splices: Annotated (sjdb) |	37075004
                       Number of splices: GT/AG |	37453444
                       Number of splices: GC/AG |	286844
                       Number of splices: AT/AC |	33565
               Number of splices: Non-canonical |	0
                      Mismatch rate per base, % |	0.30%
                         Deletion rate per base |	0.01%
                        Deletion average length |	1.97
                        Insertion rate per base |	0.01%
                       Insertion average length |	1.64
                             MULTI-MAPPING READS:
        Number of reads mapped to multiple loci |	22141195
             % of reads mapped to multiple loci |	17.88%
        Number of reads mapped to too many loci |	129102
             % of reads mapped to too many loci |	0.10%
                                  UNMAPPED READS:
  Number of reads unmapped: too many mismatches |	0
       % of reads unmapped: too many mismatches |	0.00%
            Number of reads unmapped: too short |	4994729
                 % of reads unmapped: too short |	4.03%
                Number of reads unmapped: other |	128526
                     % of reads unmapped: other |	0.10%
                                  CHIMERIC READS:
                       Number of chimeric reads |	0
                            % of chimeric reads |	0.00%
