           Time    Speed        Read     Read   Mapped   Mapped   Mapped   Mapped Unmapped Unmapped Unmapped Unmapped
                    M/hr      number   length   unique   length   MMrate    multi   multi+       MM    short    other
Jul 29 15:45:34    146.8     2447355      261    84.5%    264.3     0.3%    12.2%     0.1%     0.0%     3.1%     0.1%
Jul 29 15:46:34    154.0     5133109      262    84.6%    264.6     0.3%    12.2%     0.1%     0.0%     3.0%     0.1%
Jul 29 15:47:36    160.6     8121369      262    84.6%    264.5     0.2%    12.2%     0.1%     0.0%     3.0%     0.1%
Jul 29 15:48:36    165.2    11101858      261    84.5%    264.5     0.2%    12.2%     0.1%     0.0%     3.1%     0.1%
Jul 29 15:49:36    163.0    13673622      261    84.5%    264.4     0.3%    12.2%     0.1%     0.0%     3.1%     0.1%
Jul 29 15:50:36    167.0    16791259      261    84.5%    264.4     0.2%    12.2%     0.1%     0.0%     3.1%     0.1%
Jul 29 15:51:36    170.2    19952236      262    84.6%    264.5     0.2%    12.2%     0.1%     0.0%     3.1%     0.1%
Jul 29 15:52:36    173.8    23266780      261    84.5%    264.5     0.2%    12.2%     0.1%     0.0%     3.1%     0.1%
Jul 29 15:53:38    174.9    26435873      261    84.5%    264.4     0.2%    12.2%     0.1%     0.0%     3.1%     0.1%
Jul 29 15:54:38    173.2    29054465      261    84.5%    264.4     0.3%    12.2%     0.1%     0.0%     3.1%     0.1%
Jul 29 15:55:39    171.2    31628422      261    84.4%    264.4     0.3%    12.2%     0.1%     0.0%     3.1%     0.1%
Jul 29 15:56:39    170.1    34248839      261    84.4%    264.4     0.3%    12.2%     0.1%     0.0%     3.2%     0.1%
Jul 29 15:57:40    170.5    37218933      261    84.4%    264.3     0.3%    12.2%     0.1%     0.0%     3.2%     0.1%
Jul 29 15:58:41    169.5    39885721      261    84.4%    264.3     0.3%    12.2%     0.1%     0.0%     3.2%     0.1%
Jul 29 15:59:43    168.0    42409569      261    84.4%    264.3     0.3%    12.2%     0.1%     0.0%     3.2%     0.1%
Jul 29 16:00:44    168.2    45322046      261    84.4%    264.3     0.3%    12.2%     0.1%     0.0%     3.2%     0.1%
Jul 29 16:01:45    169.0    48387943      261    84.4%    264.3     0.3%    12.2%     0.1%     0.0%     3.2%     0.1%
Jul 29 16:02:45    169.4    51347362      262    84.4%    264.4     0.3%    12.2%     0.1%     0.0%     3.2%     0.1%
Jul 29 16:03:45    168.3    53819582      262    84.4%    264.4     0.3%    12.2%     0.1%     0.0%     3.2%     0.1%
Jul 29 16:04:45    169.5    57028640      262    84.4%    264.4     0.3%    12.2%     0.1%     0.0%     3.2%     0.1%
Jul 29 16:05:45    169.8    59952144      262    84.4%    264.4     0.3%    12.2%     0.1%     0.0%     3.2%     0.1%
Jul 29 16:06:45    170.2    62921738      262    84.4%    264.4     0.3%    12.2%     0.1%     0.0%     3.2%     0.1%
Jul 29 16:07:46    171.0    66133982      262    84.4%    264.4     0.3%    12.2%     0.1%     0.0%     3.2%     0.1%
Jul 29 16:08:46    170.7    68849941      262    84.4%    264.4     0.3%    12.2%     0.1%     0.0%     3.2%     0.1%
Jul 29 16:09:46    169.8    71313917      262    84.4%    264.4     0.3%    12.2%     0.1%     0.0%     3.2%     0.1%
Jul 29 16:10:46    169.9    74178738      262    84.4%    264.4     0.3%    12.2%     0.1%     0.0%     3.2%     0.1%
Jul 29 16:11:47    169.6    76940447      262    84.4%    264.4     0.3%    12.2%     0.1%     0.0%     3.2%     0.1%
Jul 29 16:12:48    169.0    79517656      262    84.4%    264.4     0.3%    12.2%     0.1%     0.0%     3.2%     0.1%
Jul 29 16:13:50    169.1    82486431      262    84.4%    264.4     0.3%    12.2%     0.1%     0.0%     3.2%     0.1%
Jul 29 16:18:30    148.3    83874704      262    84.4%    264.4     0.3%    12.2%     0.1%     0.0%     3.2%     0.1%
ALL DONE!
