                                 Started job on |	Jul 29 14:22:04
                             Started mapping on |	Jul 29 14:22:05
                                    Finished on |	Jul 29 14:50:07
       Mapping speed, Million of reads per hour |	153.07

                          Number of input reads |	71519196
                      Average input read length |	253
                                    UNIQUE READS:
                   Uniquely mapped reads number |	55072049
                        Uniquely mapped reads % |	77.00%
                          Average mapped length |	258.96
                       Number of splices: Total |	19955596
            Number of splices: Annotated (sjdb) |	19627293
                       Number of splices: GT/AG |	19787155
                       Number of splices: GC/AG |	150342
                       Number of splices: AT/AC |	18099
               Number of splices: Non-canonical |	0
                      Mismatch rate per base, % |	0.16%
                         Deletion rate per base |	0.01%
                        Deletion average length |	2.03
                        Insertion rate per base |	0.01%
                       Insertion average length |	1.73
                             MULTI-MAPPING READS:
        Number of reads mapped to multiple loci |	14364218
             % of reads mapped to multiple loci |	20.08%
        Number of reads mapped to too many loci |	143317
             % of reads mapped to too many loci |	0.20%
                                  UNMAPPED READS:
  Number of reads unmapped: too many mismatches |	0
       % of reads unmapped: too many mismatches |	0.00%
            Number of reads unmapped: too short |	1813056
                 % of reads unmapped: too short |	2.54%
                Number of reads unmapped: other |	126556
                     % of reads unmapped: other |	0.18%
                                  CHIMERIC READS:
                       Number of chimeric reads |	0
                            % of chimeric reads |	0.00%
