           Time    Speed        Read     Read   Mapped   Mapped   Mapped   Mapped Unmapped Unmapped Unmapped Unmapped
                    M/hr      number   length   unique   length   MMrate    multi   multi+       MM    short    other
Jul 29 19:12:09    156.8     2613737      259    81.7%    262.9     0.2%    15.4%     0.1%     0.0%     2.7%     0.1%
Jul 29 19:13:09    177.0     5900233      261    81.9%    264.1     0.2%    15.2%     0.1%     0.0%     2.7%     0.1%
Jul 29 19:14:10    180.0     9048454      261    81.8%    264.0     0.2%    15.3%     0.1%     0.0%     2.7%     0.1%
Jul 29 19:15:10    179.6    12020815      261    81.8%    264.3     0.2%    15.3%     0.1%     0.0%     2.7%     0.1%
Jul 29 19:16:11    181.1    15191448      261    81.8%    264.3     0.2%    15.3%     0.1%     0.0%     2.7%     0.1%
Jul 29 19:17:11    183.0    18405449      261    81.8%    264.5     0.2%    15.2%     0.1%     0.0%     2.7%     0.1%
Jul 29 19:18:12    182.7    21464993      261    81.8%    264.6     0.2%    15.2%     0.1%     0.0%     2.7%     0.1%
Jul 29 19:19:13    183.2    24634473      261    81.8%    264.6     0.2%    15.2%     0.1%     0.0%     2.8%     0.1%
Jul 29 19:20:13    184.0    27804491      261    81.8%    264.6     0.2%    15.2%     0.1%     0.0%     2.8%     0.1%
Jul 29 19:21:13    184.4    30933451      261    81.8%    264.5     0.2%    15.2%     0.1%     0.0%     2.8%     0.1%
Jul 29 19:22:13    185.1    34146540      261    81.8%    264.5     0.2%    15.2%     0.1%     0.0%     2.8%     0.1%
Jul 29 19:23:13    185.3    37269666      261    81.8%    264.5     0.2%    15.3%     0.1%     0.0%     2.8%     0.1%
Jul 29 19:24:13    185.0    40280139      261    81.8%    264.6     0.2%    15.2%     0.1%     0.0%     2.8%     0.1%
Jul 29 19:25:13    184.9    43344400      261    81.8%    264.6     0.2%    15.2%     0.1%     0.0%     2.8%     0.1%
Jul 29 19:26:13    185.0    46451428      261    81.8%    264.7     0.2%    15.2%     0.1%     0.0%     2.8%     0.1%
Jul 29 19:27:14    185.0    49580987      261    81.8%    264.6     0.2%    15.3%     0.1%     0.0%     2.8%     0.1%
Jul 29 19:28:14    184.8    52605054      261    81.8%    264.6     0.2%    15.3%     0.1%     0.0%     2.8%     0.1%
Jul 29 19:29:14    184.9    55738340      261    81.8%    264.6     0.2%    15.3%     0.1%     0.0%     2.8%     0.1%
Jul 29 19:30:14    184.9    58819122      261    81.8%    264.5     0.2%    15.3%     0.1%     0.0%     2.8%     0.1%
Jul 29 19:31:14    185.1    61956860      261    81.8%    264.4     0.2%    15.3%     0.1%     0.0%     2.8%     0.1%
Jul 29 19:32:14    185.3    65095798      261    81.8%    264.3     0.2%    15.3%     0.1%     0.0%     2.8%     0.1%
Jul 29 19:33:14    185.3    68185415      261    81.8%    264.3     0.2%    15.3%     0.1%     0.0%     2.8%     0.1%
Jul 29 19:34:14    185.3    71269937      261    81.7%    264.2     0.2%    15.3%     0.1%     0.0%     2.8%     0.1%
Jul 29 19:35:14    185.2    74335661      261    81.7%    264.2     0.2%    15.3%     0.1%     0.0%     2.8%     0.1%
Jul 29 19:36:17    184.8    77414081      261    81.7%    264.2     0.2%    15.3%     0.1%     0.0%     2.8%     0.1%
Jul 29 19:37:17    185.0    80585157      261    81.7%    264.2     0.2%    15.3%     0.1%     0.0%     2.8%     0.1%
Jul 29 19:38:17    185.1    83723565      261    81.7%    264.2     0.2%    15.3%     0.1%     0.0%     2.8%     0.1%
Jul 29 19:39:17    185.1    86805115      261    81.7%    264.1     0.2%    15.3%     0.1%     0.0%     2.8%     0.1%
Jul 29 19:40:17    185.4    90001906      261    81.7%    264.0     0.2%    15.3%     0.1%     0.0%     2.8%     0.1%
Jul 29 19:45:21    163.9    93445925      261    81.7%    264.0     0.2%    15.3%     0.1%     0.0%     2.8%     0.1%
ALL DONE!
