                                 Started job on |	Jul 29 16:08:04
                             Started mapping on |	Jul 29 16:08:04
                                    Finished on |	Jul 29 16:34:39
       Mapping speed, Million of reads per hour |	164.07

                          Number of input reads |	72691146
                      Average input read length |	264
                                    UNIQUE READS:
                   Uniquely mapped reads number |	63338127
                        Uniquely mapped reads % |	87.13%
                          Average mapped length |	265.95
                       Number of splices: Total |	26336404
            Number of splices: Annotated (sjdb) |	25873525
                       Number of splices: GT/AG |	26105461
                       Number of splices: GC/AG |	205944
                       Number of splices: AT/AC |	24999
               Number of splices: Non-canonical |	0
                      Mismatch rate per base, % |	0.17%
                         Deletion rate per base |	0.01%
                        Deletion average length |	1.97
                        Insertion rate per base |	0.01%
                       Insertion average length |	1.71
                             MULTI-MAPPING READS:
        Number of reads mapped to multiple loci |	7380198
             % of reads mapped to multiple loci |	10.15%
        Number of reads mapped to too many loci |	69981
             % of reads mapped to too many loci |	0.10%
                                  UNMAPPED READS:
  Number of reads unmapped: too many mismatches |	0
       % of reads unmapped: too many mismatches |	0.00%
            Number of reads unmapped: too short |	1819827
                 % of reads unmapped: too short |	2.50%
                Number of reads unmapped: other |	83013
                     % of reads unmapped: other |	0.11%
                                  CHIMERIC READS:
                       Number of chimeric reads |	0
                            % of chimeric reads |	0.00%
