                                 Started job on |	Jul 29 14:50:36
                             Started mapping on |	Jul 29 14:50:37
                                    Finished on |	Jul 29 15:15:36
       Mapping speed, Million of reads per hour |	159.11

                          Number of input reads |	66252593
                      Average input read length |	262
                                    UNIQUE READS:
                   Uniquely mapped reads number |	47393330
                        Uniquely mapped reads % |	71.53%
                          Average mapped length |	266.10
                       Number of splices: Total |	17035283
            Number of splices: Annotated (sjdb) |	16745085
                       Number of splices: GT/AG |	16887369
                       Number of splices: GC/AG |	133242
                       Number of splices: AT/AC |	14672
               Number of splices: Non-canonical |	0
                      Mismatch rate per base, % |	0.16%
                         Deletion rate per base |	0.01%
                        Deletion average length |	1.99
                        Insertion rate per base |	0.01%
                       Insertion average length |	1.66
                             MULTI-MAPPING READS:
        Number of reads mapped to multiple loci |	17209849
             % of reads mapped to multiple loci |	25.98%
        Number of reads mapped to too many loci |	82410
             % of reads mapped to too many loci |	0.12%
                                  UNMAPPED READS:
  Number of reads unmapped: too many mismatches |	0
       % of reads unmapped: too many mismatches |	0.00%
            Number of reads unmapped: too short |	1504965
                 % of reads unmapped: too short |	2.27%
                Number of reads unmapped: other |	62039
                     % of reads unmapped: other |	0.09%
                                  CHIMERIC READS:
                       Number of chimeric reads |	0
                            % of chimeric reads |	0.00%
