           Time    Speed        Read     Read   Mapped   Mapped   Mapped   Mapped Unmapped Unmapped Unmapped Unmapped
                    M/hr      number   length   unique   length   MMrate    multi   multi+       MM    short    other
Jul 29 15:54:56    156.9     2615664      259    87.6%    260.7     0.2%     9.4%     0.1%     0.0%     2.7%     0.1%
Jul 29 15:55:56    157.6     5254174      260    87.7%    261.9     0.2%     9.3%     0.1%     0.0%     2.7%     0.1%
Jul 29 15:56:56    168.1     8405167      260    87.7%    261.8     0.2%     9.4%     0.1%     0.0%     2.7%     0.1%
Jul 29 15:57:56    174.4    11628310      261    87.7%    262.2     0.2%     9.3%     0.1%     0.0%     2.7%     0.1%
Jul 29 15:58:56    174.1    14505382      261    87.7%    262.1     0.2%     9.3%     0.1%     0.0%     2.7%     0.1%
Jul 29 15:59:56    173.7    17369230      261    87.7%    262.4     0.2%     9.3%     0.1%     0.0%     2.7%     0.1%
Jul 29 16:00:57    173.1    20238118      261    87.7%    262.4     0.2%     9.3%     0.1%     0.0%     2.7%     0.1%
Jul 29 16:01:59    173.3    23246261      261    87.7%    262.6     0.2%     9.3%     0.1%     0.0%     2.7%     0.1%
Jul 29 16:02:59    175.9    26526399      261    87.7%    262.5     0.2%     9.3%     0.1%     0.0%     2.8%     0.1%
Jul 29 16:04:00    179.1    30049153      261    87.7%    262.4     0.2%     9.3%     0.1%     0.0%     2.8%     0.1%
Jul 29 16:05:02    180.3    33361937      261    87.7%    262.5     0.2%     9.3%     0.1%     0.0%     2.8%     0.1%
Jul 29 16:06:02    180.0    36290975      261    87.7%    262.4     0.2%     9.3%     0.1%     0.0%     2.8%     0.1%
Jul 29 16:07:03    179.8    39300279      261    87.7%    262.5     0.2%     9.3%     0.1%     0.0%     2.8%     0.1%
Jul 29 16:08:03    181.3    42662677      261    87.7%    262.5     0.2%     9.3%     0.1%     0.0%     2.8%     0.1%
Jul 29 16:09:03    180.7    45519057      261    87.7%    262.6     0.2%     9.3%     0.1%     0.0%     2.8%     0.1%
Jul 29 16:10:03    180.2    48403382      261    87.7%    262.5     0.2%     9.3%     0.1%     0.0%     2.8%     0.1%
Jul 29 16:11:05    179.7    51373051      261    87.7%    262.6     0.2%     9.3%     0.1%     0.0%     2.8%     0.1%
Jul 29 16:12:05    179.9    54412715      261    87.6%    262.5     0.2%     9.3%     0.1%     0.0%     2.8%     0.1%
Jul 29 16:13:06    179.6    57387619      261    87.6%    262.4     0.2%     9.3%     0.1%     0.0%     2.8%     0.1%
Jul 29 16:14:06    179.4    60285685      261    87.6%    262.3     0.2%     9.3%     0.1%     0.0%     2.8%     0.1%
Jul 29 16:15:06    179.2    63218460      261    87.6%    262.3     0.2%     9.3%     0.1%     0.0%     2.8%     0.1%
Jul 29 16:16:08    178.8    66169913      261    87.6%    262.2     0.2%     9.3%     0.1%     0.0%     2.8%     0.1%
Jul 29 16:17:09    178.7    69156823      261    87.6%    262.1     0.2%     9.3%     0.1%     0.0%     2.8%     0.1%
Jul 29 16:18:09    178.7    72136531      261    87.6%    262.1     0.2%     9.3%     0.1%     0.0%     2.8%     0.1%
Jul 29 16:19:09    178.7    75101063      261    87.6%    262.1     0.2%     9.3%     0.1%     0.0%     2.8%     0.1%
Jul 29 16:20:09    178.6    78037195      261    87.6%    262.1     0.2%     9.3%     0.1%     0.0%     2.8%     0.1%
Jul 29 16:21:09    179.3    81311392      261    87.6%    262.1     0.2%     9.3%     0.1%     0.0%     2.8%     0.1%
Jul 29 16:22:09    180.4    84851180      261    87.6%    262.0     0.2%     9.4%     0.1%     0.0%     2.8%     0.1%
Jul 29 16:23:10    181.4    88395985      260    87.6%    261.9     0.2%     9.4%     0.1%     0.0%     2.8%     0.1%
Jul 29 16:24:10    181.3    91338498      260    87.6%    261.9     0.2%     9.4%     0.1%     0.0%     2.8%     0.1%
Jul 29 16:28:34    160.6    92696131      260    87.6%    261.9     0.2%     9.4%     0.1%     0.0%     2.8%     0.1%
ALL DONE!
