                                 Started job on |	Jul 29 15:45:17
                             Started mapping on |	Jul 29 15:45:17
                                    Finished on |	Jul 29 16:21:03
       Mapping speed, Million of reads per hour |	161.24

                          Number of input reads |	96115601
                      Average input read length |	261
                                    UNIQUE READS:
                   Uniquely mapped reads number |	82744168
                        Uniquely mapped reads % |	86.09%
                          Average mapped length |	262.13
                       Number of splices: Total |	28347655
            Number of splices: Annotated (sjdb) |	27886025
                       Number of splices: GT/AG |	28120579
                       Number of splices: GC/AG |	199843
                       Number of splices: AT/AC |	27233
               Number of splices: Non-canonical |	0
                      Mismatch rate per base, % |	0.31%
                         Deletion rate per base |	0.01%
                        Deletion average length |	1.97
                        Insertion rate per base |	0.01%
                       Insertion average length |	1.71
                             MULTI-MAPPING READS:
        Number of reads mapped to multiple loci |	10003686
             % of reads mapped to multiple loci |	10.41%
        Number of reads mapped to too many loci |	229386
             % of reads mapped to too many loci |	0.24%
                                  UNMAPPED READS:
  Number of reads unmapped: too many mismatches |	0
       % of reads unmapped: too many mismatches |	0.00%
            Number of reads unmapped: too short |	2972939
                 % of reads unmapped: too short |	3.09%
                Number of reads unmapped: other |	165422
                     % of reads unmapped: other |	0.17%
                                  CHIMERIC READS:
                       Number of chimeric reads |	0
                            % of chimeric reads |	0.00%
