                                 Started job on |	Jul 29 15:25:21
                             Started mapping on |	Jul 29 15:25:22
                                    Finished on |	Jul 29 15:53:18
       Mapping speed, Million of reads per hour |	150.83

                          Number of input reads |	70221939
                      Average input read length |	254
                                    UNIQUE READS:
                   Uniquely mapped reads number |	48275082
                        Uniquely mapped reads % |	68.75%
                          Average mapped length |	259.06
                       Number of splices: Total |	16181776
            Number of splices: Annotated (sjdb) |	15917388
                       Number of splices: GT/AG |	16046275
                       Number of splices: GC/AG |	121937
                       Number of splices: AT/AC |	13564
               Number of splices: Non-canonical |	0
                      Mismatch rate per base, % |	0.30%
                         Deletion rate per base |	0.01%
                        Deletion average length |	1.89
                        Insertion rate per base |	0.01%
                       Insertion average length |	1.59
                             MULTI-MAPPING READS:
        Number of reads mapped to multiple loci |	19904521
             % of reads mapped to multiple loci |	28.35%
        Number of reads mapped to too many loci |	102472
             % of reads mapped to too many loci |	0.15%
                                  UNMAPPED READS:
  Number of reads unmapped: too many mismatches |	0
       % of reads unmapped: too many mismatches |	0.00%
            Number of reads unmapped: too short |	1879107
                 % of reads unmapped: too short |	2.68%
                Number of reads unmapped: other |	60757
                     % of reads unmapped: other |	0.09%
                                  CHIMERIC READS:
                       Number of chimeric reads |	0
                            % of chimeric reads |	0.00%
