                                 Started job on |	Jul 29 15:57:59
                             Started mapping on |	Jul 29 15:58:00
                                    Finished on |	Jul 29 16:13:19
       Mapping speed, Million of reads per hour |	161.81

                          Number of input reads |	41306042
                      Average input read length |	274
                                    UNIQUE READS:
                   Uniquely mapped reads number |	36997328
                        Uniquely mapped reads % |	89.57%
                          Average mapped length |	274.67
                       Number of splices: Total |	13815320
            Number of splices: Annotated (sjdb) |	13591920
                       Number of splices: GT/AG |	13691780
                       Number of splices: GC/AG |	110122
                       Number of splices: AT/AC |	13418
               Number of splices: Non-canonical |	0
                      Mismatch rate per base, % |	0.18%
                         Deletion rate per base |	0.01%
                        Deletion average length |	2.00
                        Insertion rate per base |	0.01%
                       Insertion average length |	1.72
                             MULTI-MAPPING READS:
        Number of reads mapped to multiple loci |	3134761
             % of reads mapped to multiple loci |	7.59%
        Number of reads mapped to too many loci |	33489
             % of reads mapped to too many loci |	0.08%
                                  UNMAPPED READS:
  Number of reads unmapped: too many mismatches |	0
       % of reads unmapped: too many mismatches |	0.00%
            Number of reads unmapped: too short |	1094361
                 % of reads unmapped: too short |	2.65%
                Number of reads unmapped: other |	46103
                     % of reads unmapped: other |	0.11%
                                  CHIMERIC READS:
                       Number of chimeric reads |	0
                            % of chimeric reads |	0.00%
