           Time    Speed        Read     Read   Mapped   Mapped   Mapped   Mapped Unmapped Unmapped Unmapped Unmapped
                    M/hr      number   length   unique   length   MMrate    multi   multi+       MM    short    other
Jul 29 14:10:51     86.6     1538893      264    83.3%    265.4     0.3%    13.2%     0.1%     0.0%     3.4%     0.1%
Jul 29 14:11:51     90.5     3118126      264    83.4%    265.6     0.3%    13.1%     0.1%     0.0%     3.3%     0.1%
Jul 29 14:12:51     96.7     4941451      264    83.5%    265.9     0.3%    13.1%     0.1%     0.0%     3.2%     0.1%
Jul 29 14:13:53     89.6     6124258      264    83.6%    266.0     0.3%    13.1%     0.1%     0.0%     3.2%     0.1%
Jul 29 14:14:54     93.8     8003159      264    83.5%    265.9     0.3%    13.1%     0.1%     0.0%     3.2%     0.1%
Jul 29 14:15:54    102.2    10420082      264    83.5%    265.9     0.2%    13.1%     0.1%     0.0%     3.1%     0.1%
Jul 29 14:16:54    108.5    12869277      264    83.6%    265.9     0.2%    13.1%     0.1%     0.0%     3.1%     0.1%
Jul 29 14:17:54    110.7    14979948      264    83.5%    265.9     0.2%    13.1%     0.1%     0.0%     3.1%     0.1%
Jul 29 14:18:54    112.2    17042158      264    83.5%    265.8     0.3%    13.1%     0.1%     0.0%     3.2%     0.1%
Jul 29 14:19:56    114.4    19344722      264    83.5%    265.8     0.3%    13.1%     0.1%     0.0%     3.2%     0.1%
Jul 29 14:20:57    120.8    22483946      264    83.5%    265.8     0.3%    13.1%     0.1%     0.0%     3.2%     0.1%
Jul 29 14:21:57    125.9    25526043      264    83.5%    265.8     0.2%    13.1%     0.1%     0.0%     3.2%     0.1%
Jul 29 14:22:57    129.9    28511379      264    83.5%    265.9     0.2%    13.1%     0.1%     0.0%     3.1%     0.1%
Jul 29 14:23:57    133.0    31406196      264    83.5%    265.9     0.2%    13.1%     0.1%     0.0%     3.2%     0.1%
Jul 29 14:24:58    135.5    34299135      264    83.5%    265.9     0.2%    13.1%     0.1%     0.0%     3.2%     0.1%
Jul 29 14:25:58    137.2    37001597      264    83.5%    265.8     0.2%    13.1%     0.1%     0.0%     3.2%     0.1%
Jul 29 14:27:02    137.4    39500939      264    83.4%    265.8     0.3%    13.1%     0.1%     0.0%     3.2%     0.1%
Jul 29 14:28:03    139.6    42489056      264    83.4%    265.8     0.3%    13.1%     0.1%     0.0%     3.2%     0.1%
Jul 29 14:29:03    140.9    45240176      264    83.4%    265.8     0.3%    13.1%     0.1%     0.0%     3.2%     0.1%
Jul 29 14:30:03    142.4    48082795      264    83.4%    265.8     0.3%    13.1%     0.1%     0.0%     3.2%     0.1%
Jul 29 14:31:03    143.8    50978136      264    83.4%    265.8     0.3%    13.1%     0.1%     0.0%     3.2%     0.1%
Jul 29 14:32:04    142.5    52940239      264    83.4%    265.7     0.3%    13.1%     0.1%     0.0%     3.3%     0.1%
Jul 29 14:33:06    144.0    55975502      264    83.4%    265.7     0.3%    13.1%     0.1%     0.0%     3.3%     0.1%
Jul 29 14:34:06    145.3    58870898      264    83.4%    265.7     0.3%    13.1%     0.1%     0.0%     3.3%     0.1%
Jul 29 14:35:06    145.7    61467986      264    83.3%    265.7     0.3%    13.1%     0.1%     0.0%     3.3%     0.1%
Jul 29 14:36:06    147.3    64599402      264    83.4%    265.7     0.3%    13.1%     0.1%     0.0%     3.3%     0.1%
Jul 29 14:37:06    149.0    67837431      264    83.4%    265.7     0.3%    13.1%     0.1%     0.0%     3.3%     0.1%
Jul 29 14:38:07    150.9    71261886      264    83.4%    265.8     0.3%    13.1%     0.1%     0.0%     3.3%     0.1%
Jul 29 14:39:07    151.2    73909492      264    83.4%    265.8     0.3%    13.1%     0.1%     0.0%     3.3%     0.1%
Jul 29 14:40:07    151.7    76698850      264    83.4%    265.8     0.3%    13.1%     0.1%     0.0%     3.3%     0.1%
Jul 29 14:41:07    153.4    80126629      264    83.4%    265.8     0.3%    13.1%     0.1%     0.0%     3.3%     0.1%
Jul 29 14:42:07    154.7    83367948      264    83.4%    265.8     0.3%    13.1%     0.1%     0.0%     3.3%     0.1%
Jul 29 14:43:07    155.4    86308988      264    83.4%    265.8     0.3%    13.1%     0.1%     0.0%     3.3%     0.1%
Jul 29 14:44:09    156.3    89502802      264    83.4%    265.8     0.3%    13.1%     0.1%     0.0%     3.3%     0.1%
Jul 29 14:45:09    157.2    92683913      264    83.4%    265.8     0.3%    13.1%     0.1%     0.0%     3.3%     0.1%
Jul 29 14:46:09    157.6    95525915      264    83.4%    265.8     0.3%    13.1%     0.1%     0.0%     3.3%     0.1%
Jul 29 14:47:10    156.9    97773604      264    83.4%    265.8     0.3%    13.1%     0.1%     0.0%     3.3%     0.1%
Jul 29 14:48:10    157.3   100650180      264    83.4%    265.8     0.3%    13.1%     0.1%     0.0%     3.3%     0.1%
Jul 29 14:49:10    158.1   103766829      264    83.4%    265.8     0.3%    13.1%     0.1%     0.0%     3.3%     0.1%
Jul 29 14:50:10    159.5   107361155      264    83.4%    265.8     0.3%    13.1%     0.1%     0.0%     3.3%     0.1%
Jul 29 14:51:10    159.9   110289025      264    83.4%    265.8     0.3%    13.1%     0.1%     0.0%     3.3%     0.1%
Jul 29 14:52:10    159.2   112480497      264    83.3%    265.8     0.3%    13.1%     0.1%     0.0%     3.3%     0.1%
Jul 29 14:53:11    159.4   115307553      264    83.4%    265.8     0.3%    13.1%     0.1%     0.0%     3.3%     0.1%
Jul 29 15:01:35    135.9   117300909      264    83.4%    265.8     0.3%    13.1%     0.1%     0.0%     3.3%     0.1%
ALL DONE!
