                                 Started job on |	Jul 29 19:11:09
                             Started mapping on |	Jul 29 19:11:09
                                    Finished on |	Jul 29 19:58:02
       Mapping speed, Million of reads per hour |	178.38

                          Number of input reads |	139380513
                      Average input read length |	262
                                    UNIQUE READS:
                   Uniquely mapped reads number |	112757169
                        Uniquely mapped reads % |	80.90%
                          Average mapped length |	264.49
                       Number of splices: Total |	41999620
            Number of splices: Annotated (sjdb) |	41168181
                       Number of splices: GT/AG |	41657545
                       Number of splices: GC/AG |	303406
                       Number of splices: AT/AC |	38669
               Number of splices: Non-canonical |	0
                      Mismatch rate per base, % |	0.28%
                         Deletion rate per base |	0.01%
                        Deletion average length |	2.00
                        Insertion rate per base |	0.01%
                       Insertion average length |	1.65
                             MULTI-MAPPING READS:
        Number of reads mapped to multiple loci |	21585263
             % of reads mapped to multiple loci |	15.49%
        Number of reads mapped to too many loci |	119401
             % of reads mapped to too many loci |	0.09%
                                  UNMAPPED READS:
  Number of reads unmapped: too many mismatches |	0
       % of reads unmapped: too many mismatches |	0.00%
            Number of reads unmapped: too short |	4799227
                 % of reads unmapped: too short |	3.44%
                Number of reads unmapped: other |	119453
                     % of reads unmapped: other |	0.09%
                                  CHIMERIC READS:
                       Number of chimeric reads |	0
                            % of chimeric reads |	0.00%
