           Time    Speed        Read     Read   Mapped   Mapped   Mapped   Mapped Unmapped Unmapped Unmapped Unmapped
                    M/hr      number   length   unique   length   MMrate    multi   multi+       MM    short    other
Jul 29 14:10:47    163.0     2716396      259    83.6%    262.6     0.2%    14.0%     0.1%     0.0%     2.3%     0.1%
Jul 29 14:11:49    181.8     6160071      260    83.7%    263.5     0.2%    13.9%     0.1%     0.0%     2.3%     0.1%
Jul 29 14:12:50    189.8     9650560      260    83.7%    263.9     0.2%    13.8%     0.1%     0.0%     2.3%     0.1%
Jul 29 14:13:50    193.0    13026410      260    83.7%    263.9     0.2%    13.9%     0.1%     0.0%     2.3%     0.1%
Jul 29 14:14:50    192.9    16239834      261    83.7%    264.1     0.2%    13.8%     0.1%     0.0%     2.3%     0.1%
Jul 29 14:15:50    192.9    19451481      261    83.7%    264.3     0.2%    13.8%     0.1%     0.0%     2.3%     0.1%
Jul 29 14:16:50    193.0    22674284      261    83.7%    264.3     0.2%    13.8%     0.1%     0.0%     2.3%     0.1%
Jul 29 14:17:52    192.2    25896401      261    83.7%    264.3     0.2%    13.8%     0.1%     0.0%     2.3%     0.1%
Jul 29 14:18:53    193.0    29273424      261    83.7%    264.2     0.2%    13.8%     0.1%     0.0%     2.3%     0.1%
Jul 29 14:19:54    193.0    32546652      261    83.7%    264.2     0.2%    13.8%     0.1%     0.0%     2.3%     0.1%
Jul 29 14:20:54    192.7    35707153      261    83.7%    264.3     0.2%    13.8%     0.1%     0.0%     2.3%     0.1%
Jul 29 14:21:54    193.0    38973340      261    83.7%    264.3     0.2%    13.8%     0.1%     0.0%     2.3%     0.1%
Jul 29 14:22:54    192.5    42078975      261    83.7%    264.4     0.2%    13.8%     0.1%     0.0%     2.3%     0.1%
Jul 29 14:23:54    192.2    45212192      261    83.7%    264.3     0.2%    13.8%     0.1%     0.0%     2.3%     0.1%
Jul 29 14:24:55    191.7    48342899      261    83.7%    264.3     0.2%    13.8%     0.1%     0.0%     2.3%     0.1%
Jul 29 14:25:55    191.3    51425086      261    83.7%    264.2     0.2%    13.8%     0.1%     0.0%     2.3%     0.1%
Jul 29 14:26:55    191.4    54668662      261    83.6%    264.1     0.2%    13.8%     0.1%     0.0%     2.3%     0.1%
Jul 29 14:27:55    191.1    57754100      261    83.6%    264.1     0.2%    13.9%     0.1%     0.0%     2.3%     0.1%
Jul 29 14:28:57    190.8    60957036      261    83.6%    263.9     0.2%    13.9%     0.1%     0.0%     2.3%     0.1%
Jul 29 14:29:57    190.8    64146175      260    83.6%    263.8     0.2%    13.9%     0.1%     0.0%     2.3%     0.1%
Jul 29 14:30:57    190.5    67217751      261    83.6%    263.9     0.2%    13.9%     0.1%     0.0%     2.3%     0.1%
Jul 29 14:31:57    190.4    70348159      260    83.6%    263.8     0.2%    13.9%     0.1%     0.0%     2.3%     0.1%
Jul 29 14:32:57    190.3    73472055      260    83.6%    263.9     0.2%    13.9%     0.1%     0.0%     2.3%     0.1%
Jul 29 14:33:57    190.8    76866587      260    83.6%    263.8     0.2%    13.9%     0.1%     0.0%     2.3%     0.1%
Jul 29 14:34:57    191.7    80410511      260    83.6%    263.7     0.2%    13.9%     0.1%     0.0%     2.3%     0.1%
Jul 29 14:35:57    191.7    83606409      260    83.6%    263.6     0.2%    13.9%     0.1%     0.0%     2.3%     0.1%
Jul 29 14:40:54    163.4    84725564      260    83.6%    263.6     0.2%    13.9%     0.1%     0.0%     2.3%     0.1%
ALL DONE!
