           Time    Speed        Read     Read   Mapped   Mapped   Mapped   Mapped Unmapped Unmapped Unmapped Unmapped
                    M/hr      number   length   unique   length   MMrate    multi   multi+       MM    short    other
Jul 29 19:12:15    136.8     2508121      266    75.0%    269.6     0.3%    22.1%     0.1%     0.0%     2.7%     0.1%
Jul 29 19:13:15    161.2     5641728      266    75.1%    270.0     0.2%    22.1%     0.1%     0.0%     2.6%     0.1%
Jul 29 19:14:16    169.1     8782817      266    75.1%    269.8     0.2%    22.1%     0.1%     0.0%     2.6%     0.1%
Jul 29 19:15:17    169.3    11661199      266    75.1%    269.9     0.2%    22.1%     0.1%     0.0%     2.6%     0.1%
Jul 29 19:16:17    166.5    14246503      266    75.1%    269.8     0.2%    22.1%     0.1%     0.0%     2.7%     0.1%
Jul 29 19:17:17    170.3    17409681      266    75.1%    269.8     0.2%    22.1%     0.1%     0.0%     2.6%     0.1%
Jul 29 19:18:17    171.0    20335792      266    75.1%    269.8     0.2%    22.1%     0.1%     0.0%     2.6%     0.1%
Jul 29 19:19:17    171.9    23303443      266    75.1%    269.8     0.2%    22.1%     0.1%     0.0%     2.6%     0.1%
Jul 29 19:20:18    172.3    26274437      266    75.1%    269.8     0.2%    22.1%     0.1%     0.0%     2.6%     0.1%
Jul 29 19:21:20    172.3    29245814      266    75.1%    269.8     0.2%    22.1%     0.1%     0.0%     2.6%     0.1%
Jul 29 19:22:21    171.6    32025714      266    75.0%    269.7     0.2%    22.1%     0.1%     0.0%     2.7%     0.1%
Jul 29 19:23:22    169.7    34555570      266    75.0%    269.7     0.2%    22.1%     0.1%     0.0%     2.7%     0.1%
Jul 29 19:24:22    169.9    37430753      266    75.0%    269.7     0.2%    22.1%     0.1%     0.0%     2.7%     0.1%
Jul 29 19:25:22    170.1    40304663      266    75.0%    269.7     0.2%    22.1%     0.1%     0.0%     2.7%     0.1%
Jul 29 19:26:23    170.5    43275507      266    75.0%    269.7     0.2%    22.1%     0.1%     0.0%     2.7%     0.1%
Jul 29 19:27:23    167.0    45175079      266    74.9%    269.6     0.2%    22.1%     0.1%     0.0%     2.8%     0.1%
Jul 29 19:28:23    167.4    48093394      266    74.9%    269.7     0.2%    22.1%     0.1%     0.0%     2.8%     0.1%
Jul 29 19:29:23    166.8    50677033      266    74.9%    269.6     0.3%    22.1%     0.1%     0.0%     2.8%     0.1%
Jul 29 19:30:23    166.6    53399843      266    74.9%    269.7     0.3%    22.1%     0.1%     0.0%     2.8%     0.1%
Jul 29 19:31:23    167.0    56320857      266    74.9%    269.7     0.2%    22.1%     0.1%     0.0%     2.8%     0.1%
Jul 29 19:32:23    167.5    59288659      266    75.0%    269.7     0.2%    22.1%     0.1%     0.0%     2.8%     0.1%
Jul 29 19:33:23    167.9    62207523      266    75.0%    269.7     0.2%    22.1%     0.1%     0.0%     2.8%     0.1%
Jul 29 19:34:23    166.3    64395908      266    74.9%    269.7     0.3%    22.1%     0.1%     0.0%     2.8%     0.1%
Jul 29 19:35:23    166.7    67311890      266    75.0%    269.7     0.3%    22.1%     0.1%     0.0%     2.8%     0.1%
Jul 29 19:36:23    167.1    70287508      266    75.0%    269.7     0.2%    22.1%     0.1%     0.0%     2.8%     0.1%
Jul 29 19:37:24    167.3    73207525      266    75.0%    269.7     0.2%    22.1%     0.1%     0.0%     2.8%     0.1%
Jul 29 19:38:25    167.6    76182623      266    75.0%    269.7     0.2%    22.1%     0.1%     0.0%     2.8%     0.1%
Jul 29 19:39:25    167.9    79099110      266    75.0%    269.7     0.2%    22.1%     0.1%     0.0%     2.8%     0.1%
Jul 29 19:40:26    167.7    81823147      266    74.9%    269.7     0.2%    22.1%     0.1%     0.0%     2.8%     0.1%
Jul 29 19:41:26    167.0    84299262      266    74.9%    269.7     0.3%    22.1%     0.1%     0.0%     2.8%     0.1%
Jul 29 19:42:28    168.2    87801006      266    74.9%    269.8     0.3%    22.1%     0.1%     0.0%     2.8%     0.1%
Jul 29 19:43:29    169.8    91493248      266    75.0%    269.8     0.3%    22.1%     0.1%     0.0%     2.8%     0.1%
Jul 29 19:44:32    170.2    94711187      266    74.9%    269.8     0.3%    22.1%     0.1%     0.0%     2.8%     0.1%
Jul 29 19:45:33    172.1    98656345      266    74.9%    269.7     0.3%    22.1%     0.1%     0.0%     2.8%     0.1%
Jul 29 19:49:04    158.0    99827756      266    74.9%    269.7     0.3%    22.1%     0.1%     0.0%     2.8%     0.1%
ALL DONE!
