                                 Started job on |	Jul 29 14:38:23
                             Started mapping on |	Jul 29 14:38:23
                                    Finished on |	Jul 29 15:20:20
       Mapping speed, Million of reads per hour |	145.56

                          Number of input reads |	101771012
                      Average input read length |	272
                                    UNIQUE READS:
                   Uniquely mapped reads number |	85097716
                        Uniquely mapped reads % |	83.62%
                          Average mapped length |	273.92
                       Number of splices: Total |	36697700
            Number of splices: Annotated (sjdb) |	36126069
                       Number of splices: GT/AG |	36403496
                       Number of splices: GC/AG |	259700
                       Number of splices: AT/AC |	34504
               Number of splices: Non-canonical |	0
                      Mismatch rate per base, % |	0.30%
                         Deletion rate per base |	0.01%
                        Deletion average length |	1.96
                        Insertion rate per base |	0.01%
                       Insertion average length |	1.66
                             MULTI-MAPPING READS:
        Number of reads mapped to multiple loci |	13647574
             % of reads mapped to multiple loci |	13.41%
        Number of reads mapped to too many loci |	84538
             % of reads mapped to too many loci |	0.08%
                                  UNMAPPED READS:
  Number of reads unmapped: too many mismatches |	0
       % of reads unmapped: too many mismatches |	0.00%
            Number of reads unmapped: too short |	2860194
                 % of reads unmapped: too short |	2.81%
                Number of reads unmapped: other |	80990
                     % of reads unmapped: other |	0.08%
                                  CHIMERIC READS:
                       Number of chimeric reads |	0
                            % of chimeric reads |	0.00%
