           Time    Speed        Read     Read   Mapped   Mapped   Mapped   Mapped Unmapped Unmapped Unmapped Unmapped
                    M/hr      number   length   unique   length   MMrate    multi   multi+       MM    short    other
Jul 29 15:21:51    137.1     2284248      263    83.4%    266.2     0.4%    13.0%     0.1%     0.0%     3.3%     0.1%
Jul 29 15:22:51    157.5     5248629      264    83.7%    266.6     0.3%    12.9%     0.1%     0.0%     3.2%     0.1%
Jul 29 15:23:51    163.4     8170658      263    83.6%    266.5     0.3%    13.0%     0.1%     0.0%     3.2%     0.1%
Jul 29 15:24:52    165.5    11080714      263    83.7%    266.5     0.3%    12.9%     0.1%     0.0%     3.2%     0.1%
Jul 29 15:25:52    166.6    13930823      263    83.7%    266.5     0.3%    12.9%     0.1%     0.0%     3.2%     0.1%
Jul 29 15:26:53    162.5    16343455      263    83.6%    266.4     0.3%    12.9%     0.1%     0.0%     3.2%     0.1%
Jul 29 15:27:53    165.4    19387673      263    83.7%    266.5     0.3%    12.9%     0.1%     0.0%     3.2%     0.1%
Jul 29 15:28:53    166.5    22290507      263    83.7%    266.4     0.3%    12.9%     0.1%     0.0%     3.2%     0.1%
Jul 29 15:29:53    167.0    25140022      263    83.7%    266.5     0.3%    12.9%     0.1%     0.0%     3.2%     0.1%
Jul 29 15:30:53    167.9    28083716      263    83.7%    266.5     0.3%    12.9%     0.1%     0.0%     3.2%     0.1%
Jul 29 15:31:56    167.2    30888492      263    83.7%    266.5     0.3%    12.9%     0.1%     0.0%     3.2%     0.1%
Jul 29 15:32:57    167.8    33836297      263    83.7%    266.5     0.3%    12.9%     0.1%     0.0%     3.2%     0.1%
Jul 29 15:33:57    165.8    36200949      263    83.6%    266.4     0.3%    13.0%     0.1%     0.0%     3.2%     0.1%
Jul 29 15:34:57    164.5    38655720      263    83.6%    266.4     0.3%    12.9%     0.1%     0.0%     3.3%     0.1%
Jul 29 15:35:58    165.1    41604362      263    83.6%    266.4     0.3%    13.0%     0.1%     0.0%     3.3%     0.1%
Jul 29 15:36:58    165.7    44507851      263    83.6%    266.4     0.3%    13.0%     0.1%     0.0%     3.3%     0.1%
Jul 29 15:37:58    165.7    47257899      263    83.6%    266.4     0.3%    13.0%     0.1%     0.0%     3.3%     0.1%
Jul 29 15:38:58    165.0    49817613      263    83.5%    266.3     0.3%    13.0%     0.1%     0.0%     3.3%     0.1%
Jul 29 15:40:00    163.2    52076038      263    83.5%    266.3     0.3%    13.0%     0.1%     0.0%     3.4%     0.1%
Jul 29 15:41:02    163.7    55070744      263    83.5%    266.3     0.3%    13.0%     0.1%     0.0%     3.3%     0.1%
Jul 29 15:42:03    162.5    57432872      263    83.5%    266.3     0.3%    13.0%     0.1%     0.0%     3.4%     0.1%
Jul 29 15:43:04    163.7    60621165      263    83.5%    266.3     0.3%    12.9%     0.1%     0.0%     3.4%     0.1%
Jul 29 15:44:04    165.4    64011173      263    83.5%    266.3     0.3%    12.9%     0.1%     0.0%     3.3%     0.1%
Jul 29 15:45:04    166.9    67348463      263    83.5%    266.4     0.3%    12.9%     0.1%     0.0%     3.3%     0.1%
Jul 29 15:46:05    167.4    70392973      263    83.5%    266.4     0.3%    12.9%     0.1%     0.0%     3.3%     0.1%
Jul 29 15:47:05    165.9    72552529      263    83.5%    266.4     0.3%    12.9%     0.1%     0.0%     3.4%     0.1%
Jul 29 15:48:05    166.5    75593093      263    83.5%    266.4     0.3%    12.9%     0.1%     0.0%     3.4%     0.1%
Jul 29 15:49:07    167.1    78744156      263    83.5%    266.4     0.3%    12.9%     0.1%     0.0%     3.3%     0.1%
Jul 29 15:50:07    168.1    81988601      263    83.5%    266.4     0.3%    12.9%     0.1%     0.0%     3.3%     0.1%
Jul 29 15:51:07    168.7    85089191      263    83.5%    266.4     0.3%    12.9%     0.1%     0.0%     3.3%     0.1%
Jul 29 15:52:07    169.1    88134322      263    83.5%    266.4     0.3%    12.9%     0.1%     0.0%     3.3%     0.1%
Jul 29 15:53:07    169.4    91125753      263    83.5%    266.4     0.3%    12.9%     0.1%     0.0%     3.3%     0.1%
Jul 29 15:54:07    168.4    93382583      263    83.5%    266.4     0.3%    12.9%     0.1%     0.0%     3.4%     0.1%
Jul 29 15:55:07    168.4    96173757      263    83.5%    266.4     0.3%    12.9%     0.1%     0.0%     3.4%     0.1%
Jul 29 15:56:08    168.1    98822920      263    83.5%    266.4     0.3%    12.9%     0.1%     0.0%     3.4%     0.1%
Jul 29 15:57:08    168.3   101797474      263    83.5%    266.4     0.3%    12.9%     0.1%     0.0%     3.4%     0.1%
Jul 29 15:58:09    169.2   105163737      263    83.5%    266.4     0.3%    12.9%     0.1%     0.0%     3.4%     0.1%
Jul 29 15:59:09    168.0   107266989      263    83.5%    266.4     0.3%    12.9%     0.1%     0.0%     3.4%     0.1%
Jul 29 16:00:09    167.9   110001302      263    83.5%    266.4     0.3%    12.9%     0.1%     0.0%     3.4%     0.1%
Jul 29 16:01:12    167.7   112774863      263    83.5%    266.3     0.3%    12.9%     0.1%     0.0%     3.4%     0.1%
Jul 29 16:07:41    144.5   112774863      263    83.5%    266.3     0.3%    12.9%     0.1%     0.0%     3.4%     0.1%
ALL DONE!
