                                 Started job on |	Jul 29 13:13:52
                             Started mapping on |	Jul 29 13:13:58
                                    Finished on |	Jul 29 14:03:14
       Mapping speed, Million of reads per hour |	186.49

                          Number of input reads |	153132353
                      Average input read length |	260
                                    UNIQUE READS:
                   Uniquely mapped reads number |	130491848
                        Uniquely mapped reads % |	85.22%
                          Average mapped length |	261.00
                       Number of splices: Total |	51281410
            Number of splices: Annotated (sjdb) |	50301508
                       Number of splices: GT/AG |	50864813
                       Number of splices: GC/AG |	376597
                       Number of splices: AT/AC |	40000
               Number of splices: Non-canonical |	0
                      Mismatch rate per base, % |	0.30%
                         Deletion rate per base |	0.01%
                        Deletion average length |	1.90
                        Insertion rate per base |	0.01%
                       Insertion average length |	1.63
                             MULTI-MAPPING READS:
        Number of reads mapped to multiple loci |	17699071
             % of reads mapped to multiple loci |	11.56%
        Number of reads mapped to too many loci |	155256
             % of reads mapped to too many loci |	0.10%
                                  UNMAPPED READS:
  Number of reads unmapped: too many mismatches |	0
       % of reads unmapped: too many mismatches |	0.00%
            Number of reads unmapped: too short |	4629204
                 % of reads unmapped: too short |	3.02%
                Number of reads unmapped: other |	156974
                     % of reads unmapped: other |	0.10%
                                  CHIMERIC READS:
                       Number of chimeric reads |	0
                            % of chimeric reads |	0.00%
