           Time    Speed        Read     Read   Mapped   Mapped   Mapped   Mapped Unmapped Unmapped Unmapped Unmapped
                    M/hr      number   length   unique   length   MMrate    multi   multi+       MM    short    other
Jul 29 16:09:05    155.2     2630056      263    87.2%    265.2     0.2%    10.2%     0.1%     0.0%     2.4%     0.1%
Jul 29 16:10:05    172.1     5786052      264    87.2%    265.8     0.2%    10.2%     0.1%     0.0%     2.4%     0.1%
Jul 29 16:11:06    171.8     8687844      264    87.2%    266.3     0.2%    10.1%     0.1%     0.0%     2.4%     0.1%
Jul 29 16:12:06    175.3    11781244      264    87.2%    266.3     0.2%    10.1%     0.1%     0.0%     2.5%     0.1%
Jul 29 16:13:07    176.6    14860021      265    87.2%    266.4     0.2%    10.1%     0.1%     0.0%     2.5%     0.1%
Jul 29 16:14:07    178.8    18026948      265    87.2%    266.7     0.2%    10.1%     0.1%     0.0%     2.5%     0.1%
Jul 29 16:15:08    179.3    21117804      265    87.2%    266.6     0.2%    10.1%     0.1%     0.0%     2.5%     0.1%
Jul 29 16:16:08    180.8    24304471      265    87.2%    266.5     0.2%    10.1%     0.1%     0.0%     2.5%     0.1%
Jul 29 16:17:08    182.5    27582370      265    87.2%    266.5     0.2%    10.1%     0.1%     0.0%     2.5%     0.1%
Jul 29 16:18:08    182.7    30657362      265    87.2%    266.6     0.2%    10.1%     0.1%     0.0%     2.5%     0.1%
Jul 29 16:19:08    183.4    33832337      265    87.2%    266.6     0.2%    10.1%     0.1%     0.0%     2.5%     0.1%
Jul 29 16:20:11    184.0    37155119      265    87.2%    266.7     0.2%    10.1%     0.1%     0.0%     2.5%     0.1%
Jul 29 16:21:11    184.7    40385888      265    87.2%    266.7     0.2%    10.1%     0.1%     0.0%     2.5%     0.1%
Jul 29 16:22:12    185.4    43679986      265    87.2%    266.5     0.2%    10.1%     0.1%     0.0%     2.5%     0.1%
Jul 29 16:23:12    187.6    47322318      265    87.2%    266.4     0.2%    10.1%     0.1%     0.0%     2.5%     0.1%
Jul 29 16:24:12    187.3    50371535      265    87.2%    266.3     0.2%    10.1%     0.1%     0.0%     2.5%     0.1%
Jul 29 16:25:14    186.9    53477705      264    87.2%    266.2     0.2%    10.1%     0.1%     0.0%     2.5%     0.1%
Jul 29 16:26:15    186.5    56522195      264    87.2%    266.2     0.2%    10.1%     0.1%     0.0%     2.5%     0.1%
Jul 29 16:27:16    186.7    59752127      264    87.2%    266.2     0.2%    10.1%     0.1%     0.0%     2.5%     0.1%
Jul 29 16:28:16    186.8    62888272      264    87.1%    266.2     0.2%    10.1%     0.1%     0.0%     2.5%     0.1%
Jul 29 16:29:16    187.2    66138744      264    87.1%    266.1     0.2%    10.1%     0.1%     0.0%     2.5%     0.1%
Jul 29 16:30:17    186.2    68947366      264    87.1%    266.0     0.2%    10.1%     0.1%     0.0%     2.5%     0.1%
Jul 29 16:31:17    186.1    72003844      264    87.1%    266.0     0.2%    10.2%     0.1%     0.0%     2.5%     0.1%
Jul 29 16:34:39    164.1    72691146      264    87.1%    265.9     0.2%    10.2%     0.1%     0.0%     2.5%     0.1%
ALL DONE!
