                                 Started job on |	Jul 29 14:09:46
                             Started mapping on |	Jul 29 14:09:47
                                    Finished on |	Jul 29 14:37:49
       Mapping speed, Million of reads per hour |	155.00

                          Number of input reads |	72417672
                      Average input read length |	261
                                    UNIQUE READS:
                   Uniquely mapped reads number |	58266564
                        Uniquely mapped reads % |	80.46%
                          Average mapped length |	263.79
                       Number of splices: Total |	21085552
            Number of splices: Annotated (sjdb) |	20723111
                       Number of splices: GT/AG |	20916608
                       Number of splices: GC/AG |	149480
                       Number of splices: AT/AC |	19464
               Number of splices: Non-canonical |	0
                      Mismatch rate per base, % |	0.27%
                         Deletion rate per base |	0.01%
                        Deletion average length |	1.91
                        Insertion rate per base |	0.01%
                       Insertion average length |	1.66
                             MULTI-MAPPING READS:
        Number of reads mapped to multiple loci |	11845124
             % of reads mapped to multiple loci |	16.36%
        Number of reads mapped to too many loci |	110381
             % of reads mapped to too many loci |	0.15%
                                  UNMAPPED READS:
  Number of reads unmapped: too many mismatches |	0
       % of reads unmapped: too many mismatches |	0.00%
            Number of reads unmapped: too short |	2091354
                 % of reads unmapped: too short |	2.89%
                Number of reads unmapped: other |	104249
                     % of reads unmapped: other |	0.14%
                                  CHIMERIC READS:
                       Number of chimeric reads |	0
                            % of chimeric reads |	0.00%
