           Time    Speed        Read     Read   Mapped   Mapped   Mapped   Mapped Unmapped Unmapped Unmapped Unmapped
                    M/hr      number   length   unique   length   MMrate    multi   multi+       MM    short    other
Jul 29 15:19:57    172.3     2919487      259    83.9%    261.3     0.3%    12.7%     0.1%     0.0%     3.2%     0.1%
Jul 29 15:20:58    172.1     5832537      259    83.9%    261.4     0.2%    12.8%     0.1%     0.0%     3.1%     0.1%
Jul 29 15:21:58    182.9     9246511      259    83.9%    261.4     0.2%    12.7%     0.1%     0.0%     3.1%     0.1%
Jul 29 15:22:59    180.7    12197937      259    83.9%    261.2     0.3%    12.8%     0.1%     0.0%     3.2%     0.1%
Jul 29 15:23:59    181.0    15238139      259    83.9%    261.3     0.2%    12.7%     0.1%     0.0%     3.1%     0.1%
Jul 29 15:24:59    183.3    18483826      259    83.9%    261.3     0.2%    12.8%     0.1%     0.0%     3.1%     0.1%
Jul 29 15:25:59    183.6    21573492      259    83.9%    261.3     0.2%    12.8%     0.1%     0.0%     3.1%     0.1%
Jul 29 15:26:59    183.5    24616973      259    83.9%    261.3     0.2%    12.8%     0.1%     0.0%     3.1%     0.1%
Jul 29 15:27:59    181.1    27313942      259    83.8%    261.2     0.3%    12.8%     0.1%     0.0%     3.2%     0.1%
Jul 29 15:28:59    181.2    30353683      259    83.8%    261.2     0.3%    12.8%     0.1%     0.0%     3.2%     0.1%
Jul 29 15:29:59    180.8    33300908      259    83.8%    261.2     0.3%    12.8%     0.1%     0.0%     3.2%     0.1%
Jul 29 15:30:59    181.2    36394370      259    83.8%    261.2     0.3%    12.8%     0.1%     0.0%     3.2%     0.1%
Jul 29 15:31:59    177.6    38636774      259    83.7%    261.1     0.3%    12.8%     0.1%     0.0%     3.3%     0.1%
Jul 29 15:33:01    177.1    41578571      259    83.8%    261.2     0.3%    12.8%     0.1%     0.0%     3.3%     0.1%
Jul 29 15:34:01    175.9    44219577      259    83.7%    261.2     0.3%    12.7%     0.1%     0.0%     3.3%     0.1%
Jul 29 15:35:02    176.5    47359486      259    83.8%    261.2     0.3%    12.7%     0.1%     0.0%     3.3%     0.1%
Jul 29 15:36:02    177.2    50495670      259    83.8%    261.2     0.3%    12.7%     0.1%     0.0%     3.3%     0.1%
Jul 29 15:37:05    175.7    53138090      259    83.7%    261.2     0.3%    12.7%     0.1%     0.0%     3.3%     0.1%
Jul 29 15:38:05    176.3    56273526      259    83.8%    261.3     0.3%    12.7%     0.1%     0.0%     3.3%     0.1%
Jul 29 15:39:05    176.9    59421966      259    83.8%    261.2     0.3%    12.7%     0.1%     0.0%     3.3%     0.1%
Jul 29 15:40:07    177.6    62717229      259    83.8%    261.2     0.3%    12.7%     0.1%     0.0%     3.3%     0.1%
Jul 29 15:41:08    178.1    65905995      259    83.8%    261.3     0.3%    12.7%     0.1%     0.0%     3.3%     0.1%
Jul 29 15:42:10    177.5    68743490      259    83.8%    261.2     0.3%    12.7%     0.1%     0.0%     3.3%     0.1%
Jul 29 15:43:13    177.2    71723652      259    83.8%    261.3     0.3%    12.7%     0.1%     0.0%     3.3%     0.1%
Jul 29 15:44:13    178.1    75060917      259    83.8%    261.3     0.3%    12.7%     0.1%     0.0%     3.3%     0.1%
Jul 29 15:45:13    178.8    78303438      259    83.8%    261.3     0.3%    12.7%     0.1%     0.0%     3.3%     0.1%
Jul 29 15:46:13    177.4    80647679      259    83.7%    261.3     0.3%    12.7%     0.1%     0.0%     3.3%     0.1%
Jul 29 15:51:43    152.8    83473842      259    83.7%    261.2     0.3%    12.7%     0.1%     0.0%     3.3%     0.1%
ALL DONE!
