           Time    Speed        Read     Read   Mapped   Mapped   Mapped   Mapped Unmapped Unmapped Unmapped Unmapped
                    M/hr      number   length   unique   length   MMrate    multi   multi+       MM    short    other
Jul 29 13:14:58    144.8     2413022      253    72.1%    258.7     0.3%    24.3%     0.3%     0.0%     3.1%     0.2%
Jul 29 13:15:58    159.8     5328322      253    72.3%    259.0     0.3%    24.2%     0.3%     0.0%     3.0%     0.2%
Jul 29 13:17:07    157.0     8242391      253    72.3%    259.0     0.3%    24.1%     0.3%     0.0%     3.0%     0.2%
Jul 29 13:18:12    160.1    11297060      253    72.3%    259.1     0.3%    24.1%     0.3%     0.0%     3.0%     0.2%
Jul 29 13:19:12    164.4    14341927      254    72.4%    259.1     0.3%    24.1%     0.3%     0.0%     3.0%     0.2%
Jul 29 13:20:12    166.9    17344128      253    72.3%    259.0     0.3%    24.1%     0.3%     0.0%     3.0%     0.2%
Jul 29 13:21:17    160.6    19578708      253    72.2%    258.9     0.3%    24.1%     0.3%     0.0%     3.1%     0.2%
Jul 29 13:22:18    162.6    22577418      253    72.2%    258.9     0.3%    24.1%     0.3%     0.0%     3.1%     0.2%
Jul 29 13:23:18    164.1    25525860      253    72.2%    258.9     0.3%    24.2%     0.3%     0.0%     3.1%     0.2%
Jul 29 13:24:22    158.1    27402144      253    72.0%    258.8     0.3%    24.1%     0.3%     0.0%     3.3%     0.2%
Jul 29 13:25:23    157.9    30046190      253    72.0%    258.7     0.3%    24.1%     0.3%     0.0%     3.2%     0.2%
Jul 29 13:26:28    158.6    33040255      253    72.0%    258.7     0.3%    24.1%     0.3%     0.0%     3.3%     0.2%
Jul 29 13:27:30    160.0    36091728      253    72.1%    258.8     0.3%    24.1%     0.3%     0.0%     3.2%     0.2%
Jul 29 13:28:35    158.6    38634538      253    72.0%    258.7     0.3%    24.1%     0.3%     0.0%     3.3%     0.2%
Jul 29 13:29:36    160.0    41689484      253    72.0%    258.7     0.3%    24.2%     0.3%     0.0%     3.2%     0.2%
Jul 29 13:30:37    161.3    44747935      253    72.0%    258.7     0.3%    24.2%     0.3%     0.0%     3.2%     0.2%
Jul 29 13:31:39    162.2    47801628      253    72.0%    258.7     0.3%    24.2%     0.3%     0.0%     3.2%     0.2%
Jul 29 13:32:39    160.7    50034810      253    72.0%    258.6     0.3%    24.2%     0.3%     0.0%     3.2%     0.2%
Jul 29 13:33:39    161.0    52830029      253    72.0%    258.6     0.3%    24.2%     0.3%     0.0%     3.2%     0.2%
Jul 29 13:34:39    162.0    55836244      253    72.0%    258.6     0.3%    24.2%     0.3%     0.0%     3.2%     0.2%
Jul 29 13:35:45    159.7    57977779      253    72.0%    258.5     0.3%    24.2%     0.3%     0.0%     3.2%     0.2%
Jul 29 13:40:11    139.2    60821945      253    71.9%    258.5     0.3%    24.3%     0.3%     0.0%     3.2%     0.2%
ALL DONE!
