           Time    Speed        Read     Read   Mapped   Mapped   Mapped   Mapped Unmapped Unmapped Unmapped Unmapped
                    M/hr      number   length   unique   length   MMrate    multi   multi+       MM    short    other
Jul 29 14:23:05    151.3     2521186      253    77.0%    258.1     0.1%    20.1%     0.2%     0.0%     2.5%     0.2%
Jul 29 14:24:05    161.4     5381561      253    77.1%    258.8     0.1%    20.1%     0.2%     0.0%     2.5%     0.2%
Jul 29 14:25:05    168.8     8441094      254    77.1%    259.3     0.1%    20.0%     0.2%     0.0%     2.5%     0.2%
Jul 29 14:26:05    171.7    11444739      254    77.1%    259.3     0.1%    20.1%     0.2%     0.0%     2.5%     0.2%
Jul 29 14:27:05    171.4    14280091      254    77.1%    259.5     0.2%    20.1%     0.2%     0.0%     2.5%     0.2%
Jul 29 14:28:05    172.6    17257436      254    77.1%    259.7     0.2%    20.0%     0.2%     0.0%     2.5%     0.2%
Jul 29 14:29:05    173.6    20256123      254    77.1%    259.6     0.2%    20.0%     0.2%     0.0%     2.5%     0.2%
Jul 29 14:30:05    174.4    23252629      254    77.1%    259.5     0.2%    20.0%     0.2%     0.0%     2.5%     0.2%
Jul 29 14:31:05    175.3    26290963      254    77.1%    259.6     0.2%    20.0%     0.2%     0.0%     2.5%     0.2%
Jul 29 14:32:05    176.0    29331608      254    77.1%    259.6     0.2%    20.0%     0.2%     0.0%     2.5%     0.2%
Jul 29 14:33:06    176.6    32419116      254    77.1%    259.6     0.2%    20.0%     0.2%     0.0%     2.5%     0.2%
Jul 29 14:34:07    177.5    35598216      254    77.1%    259.8     0.2%    20.0%     0.2%     0.0%     2.5%     0.2%
Jul 29 14:35:08    178.6    38850907      254    77.1%    259.7     0.2%    20.0%     0.2%     0.0%     2.5%     0.2%
Jul 29 14:36:10    178.8    41957781      254    77.0%    259.6     0.2%    20.0%     0.2%     0.0%     2.5%     0.2%
Jul 29 14:37:11    179.0    45060773      254    77.0%    259.5     0.2%    20.0%     0.2%     0.0%     2.5%     0.2%
Jul 29 14:38:11    180.5    48425661      254    77.0%    259.4     0.2%    20.1%     0.2%     0.0%     2.5%     0.2%
Jul 29 14:39:11    180.9    51545093      254    77.0%    259.3     0.2%    20.1%     0.2%     0.0%     2.5%     0.2%
Jul 29 14:40:11    180.8    54551750      254    77.0%    259.2     0.2%    20.1%     0.2%     0.0%     2.5%     0.2%
Jul 29 14:41:13    180.6    57588618      254    77.0%    259.2     0.2%    20.1%     0.2%     0.0%     2.5%     0.2%
Jul 29 14:42:13    181.0    60742821      254    77.0%    259.2     0.2%    20.1%     0.2%     0.0%     2.5%     0.2%
Jul 29 14:43:13    181.4    63901743      254    77.0%    259.1     0.2%    20.1%     0.2%     0.0%     2.5%     0.2%
Jul 29 14:44:14    181.5    67009640      254    77.0%    259.1     0.2%    20.1%     0.2%     0.0%     2.5%     0.2%
Jul 29 14:45:15    181.9    70230400      253    77.0%    259.0     0.2%    20.1%     0.2%     0.0%     2.5%     0.2%
Jul 29 14:50:07    153.1    71519196      253    77.0%    259.0     0.2%    20.1%     0.2%     0.0%     2.5%     0.2%
ALL DONE!
