           Time    Speed        Read     Read   Mapped   Mapped   Mapped   Mapped Unmapped Unmapped Unmapped Unmapped
                    M/hr      number   length   unique   length   MMrate    multi   multi+       MM    short    other
Jul 29 15:21:49    160.1     2668544      270    78.5%    273.0     0.3%    18.5%     0.1%     0.0%     2.8%     0.1%
Jul 29 15:22:49    177.4     5912942      270    78.6%    272.9     0.3%    18.5%     0.1%     0.0%     2.7%     0.1%
Jul 29 15:23:49    177.4     8867536      270    78.5%    272.8     0.3%    18.5%     0.1%     0.0%     2.8%     0.1%
Jul 29 15:24:50    176.4    11808894      270    78.5%    272.8     0.3%    18.5%     0.1%     0.0%     2.7%     0.1%
Jul 29 15:25:51    179.2    15028843      270    78.6%    272.9     0.3%    18.5%     0.1%     0.0%     2.7%     0.1%
Jul 29 15:26:51    179.6    18060660      270    78.6%    272.9     0.3%    18.5%     0.1%     0.0%     2.7%     0.1%
Jul 29 15:27:52    176.2    20706843      270    78.5%    272.8     0.3%    18.5%     0.1%     0.0%     2.8%     0.1%
Jul 29 15:28:52    176.9    23738588      270    78.5%    272.8     0.3%    18.5%     0.1%     0.0%     2.8%     0.1%
Jul 29 15:29:52    175.6    26481002      270    78.4%    272.7     0.3%    18.5%     0.1%     0.0%     2.8%     0.1%
Jul 29 15:30:53    175.6    29461207      270    78.4%    272.7     0.3%    18.5%     0.1%     0.0%     2.9%     0.1%
Jul 29 15:31:54    173.0    31960385      270    78.4%    272.7     0.3%    18.5%     0.1%     0.0%     2.9%     0.1%
Jul 29 15:32:54    173.7    34988428      270    78.4%    272.7     0.3%    18.5%     0.1%     0.0%     2.9%     0.1%
Jul 29 15:33:56    172.1    37631129      270    78.4%    272.7     0.3%    18.5%     0.1%     0.0%     2.9%     0.1%
Jul 29 15:34:57    172.0    40512519      270    78.4%    272.8     0.3%    18.5%     0.1%     0.0%     2.9%     0.1%
Jul 29 15:35:58    172.5    43544310      270    78.4%    272.8     0.3%    18.5%     0.1%     0.0%     2.9%     0.1%
Jul 29 15:36:58    173.2    46623816      270    78.4%    272.8     0.3%    18.5%     0.1%     0.0%     2.9%     0.1%
Jul 29 15:37:59    171.4    49025333      270    78.4%    272.8     0.3%    18.5%     0.1%     0.0%     2.9%     0.1%
Jul 29 15:38:59    171.6    51953478      270    78.4%    272.8     0.3%    18.5%     0.1%     0.0%     2.9%     0.1%
Jul 29 15:40:01    171.8    54977362      270    78.4%    272.8     0.3%    18.5%     0.1%     0.0%     2.9%     0.1%
Jul 29 15:41:01    170.5    57385077      270    78.4%    272.8     0.3%    18.5%     0.1%     0.0%     2.9%     0.1%
Jul 29 15:45:28    144.5    59353138      270    78.4%    272.7     0.3%    18.5%     0.1%     0.0%     2.9%     0.1%
ALL DONE!
