                                 Started job on |	Jul 30 00:16:53
                             Started mapping on |	Jul 30 00:16:53
                                    Finished on |	Jul 30 00:24:11
       Mapping speed, Million of reads per hour |	222.25

                          Number of input reads |	27040104
                      Average input read length |	265
                                    UNIQUE READS:
                   Uniquely mapped reads number |	21392959
                        Uniquely mapped reads % |	79.12%
                          Average mapped length |	269.07
                       Number of splices: Total |	7745275
            Number of splices: Annotated (sjdb) |	7609108
                       Number of splices: GT/AG |	7682429
                       Number of splices: GC/AG |	55441
                       Number of splices: AT/AC |	7405
               Number of splices: Non-canonical |	0
                      Mismatch rate per base, % |	0.28%
                         Deletion rate per base |	0.01%
                        Deletion average length |	1.94
                        Insertion rate per base |	0.01%
                       Insertion average length |	1.64
                             MULTI-MAPPING READS:
        Number of reads mapped to multiple loci |	4840639
             % of reads mapped to multiple loci |	17.90%
        Number of reads mapped to too many loci |	21644
             % of reads mapped to too many loci |	0.08%
                                  UNMAPPED READS:
  Number of reads unmapped: too many mismatches |	0
       % of reads unmapped: too many mismatches |	0.00%
            Number of reads unmapped: too short |	762811
                 % of reads unmapped: too short |	2.82%
                Number of reads unmapped: other |	22051
                     % of reads unmapped: other |	0.08%
                                  CHIMERIC READS:
                       Number of chimeric reads |	0
                            % of chimeric reads |	0.00%
