                                 Started job on |	Jul 29 15:20:51
                             Started mapping on |	Jul 29 15:20:51
                                    Finished on |	Jul 29 16:07:41
       Mapping speed, Million of reads per hour |	144.48

                          Number of input reads |	112774863
                      Average input read length |	263
                                    UNIQUE READS:
                   Uniquely mapped reads number |	94135276
                        Uniquely mapped reads % |	83.47%
                          Average mapped length |	266.34
                       Number of splices: Total |	37837627
            Number of splices: Annotated (sjdb) |	37141437
                       Number of splices: GT/AG |	37504819
                       Number of splices: GC/AG |	298034
                       Number of splices: AT/AC |	34774
               Number of splices: Non-canonical |	0
                      Mismatch rate per base, % |	0.32%
                         Deletion rate per base |	0.01%
                        Deletion average length |	2.02
                        Insertion rate per base |	0.01%
                       Insertion average length |	1.73
                             MULTI-MAPPING READS:
        Number of reads mapped to multiple loci |	14597318
             % of reads mapped to multiple loci |	12.94%
        Number of reads mapped to too many loci |	118011
             % of reads mapped to too many loci |	0.10%
                                  UNMAPPED READS:
  Number of reads unmapped: too many mismatches |	0
       % of reads unmapped: too many mismatches |	0.00%
            Number of reads unmapped: too short |	3801099
                 % of reads unmapped: too short |	3.37%
                Number of reads unmapped: other |	123159
                     % of reads unmapped: other |	0.11%
                                  CHIMERIC READS:
                       Number of chimeric reads |	0
                            % of chimeric reads |	0.00%
