           Time    Speed        Read     Read   Mapped   Mapped   Mapped   Mapped Unmapped Unmapped Unmapped Unmapped
                    M/hr      number   length   unique   length   MMrate    multi   multi+       MM    short    other
Jul 29 16:23:57    151.3     2521398      258    77.0%    262.2     0.3%    19.9%     0.1%     0.0%     2.8%     0.1%
Jul 29 16:24:58    166.2     5586098      259    77.2%    262.5     0.3%    19.8%     0.1%     0.0%     2.7%     0.1%
Jul 29 16:26:02    162.5     8348294      259    77.2%    262.4     0.3%    19.7%     0.1%     0.0%     2.8%     0.1%
Jul 29 16:27:03    168.3    11500087      259    77.3%    262.5     0.3%    19.7%     0.1%     0.0%     2.8%     0.1%
Jul 29 16:28:05    172.3    14741770      259    77.3%    262.6     0.3%    19.7%     0.1%     0.0%     2.7%     0.1%
Jul 29 16:29:05    175.5    17941153      259    77.3%    262.5     0.3%    19.8%     0.1%     0.0%     2.7%     0.1%
Jul 29 16:30:05    168.9    20085953      259    77.1%    262.3     0.3%    19.8%     0.1%     0.0%     2.9%     0.1%
Jul 29 16:31:05    170.3    23081969      259    77.1%    262.3     0.3%    19.8%     0.1%     0.0%     2.9%     0.1%
Jul 29 16:32:05    168.7    25675626      259    77.0%    262.2     0.3%    19.8%     0.1%     0.0%     3.0%     0.1%
Jul 29 16:33:10    168.1    28621164      259    76.9%    262.2     0.3%    19.8%     0.1%     0.0%     3.0%     0.1%
Jul 29 16:34:11    170.2    31863439      259    76.9%    262.2     0.3%    19.7%     0.1%     0.0%     3.0%     0.1%
Jul 29 16:35:11    174.7    35610268      259    77.0%    262.2     0.3%    19.8%     0.1%     0.0%     3.0%     0.1%
Jul 29 16:36:15    172.6    38259025      259    76.9%    262.2     0.3%    19.8%     0.1%     0.0%     3.0%     0.1%
Jul 29 16:37:15    173.8    41416293      259    76.9%    262.1     0.3%    19.8%     0.1%     0.0%     3.0%     0.1%
Jul 29 16:38:15    175.6    44768193      259    76.9%    262.1     0.3%    19.8%     0.1%     0.0%     3.0%     0.1%
Jul 29 16:39:16    174.7    47511534      259    76.9%    262.1     0.3%    19.8%     0.1%     0.0%     3.0%     0.1%
Jul 29 16:40:18    175.7    50809121      259    76.9%    262.1     0.3%    19.9%     0.1%     0.0%     3.0%     0.1%
Jul 29 16:41:20    176.6    54115392      258    76.9%    262.0     0.3%    19.9%     0.1%     0.0%     3.0%     0.1%
Jul 29 16:42:21    176.5    57070023      258    76.8%    261.9     0.3%    19.9%     0.1%     0.0%     3.0%     0.1%
Jul 29 16:45:28    154.0    57786361      258    76.8%    261.9     0.3%    19.9%     0.1%     0.0%     3.0%     0.1%
ALL DONE!
