           Time    Speed        Read     Read   Mapped   Mapped   Mapped   Mapped Unmapped Unmapped Unmapped Unmapped
                    M/hr      number   length   unique   length   MMrate    multi   multi+       MM    short    other
Jul 29 13:14:59    148.4     2472880      264    76.6%    267.7     0.3%    19.3%     0.1%     0.0%     3.8%     0.1%
Jul 29 13:15:59    152.5     5083459      264    76.8%    268.0     0.3%    19.2%     0.1%     0.0%     3.7%     0.1%
Jul 29 13:17:01    157.2     7945616      264    76.8%    267.9     0.3%    19.3%     0.1%     0.0%     3.7%     0.1%
Jul 29 13:18:03    159.3    10799822      264    76.9%    267.9     0.3%    19.2%     0.1%     0.0%     3.7%     0.1%
Jul 29 13:19:03    157.5    13299096      264    76.8%    267.8     0.3%    19.2%     0.1%     0.0%     3.7%     0.1%
Jul 29 13:20:05    159.2    16189283      264    76.8%    267.8     0.3%    19.2%     0.1%     0.0%     3.7%     0.1%
Jul 29 13:21:05    160.8    19030160      264    76.8%    267.9     0.3%    19.2%     0.1%     0.0%     3.7%     0.1%
Jul 29 13:22:05    160.5    21673189      264    76.8%    267.9     0.3%    19.2%     0.1%     0.0%     3.7%     0.1%
Jul 29 13:23:06    161.0    24465697      264    76.8%    267.9     0.3%    19.2%     0.1%     0.0%     3.7%     0.1%
Jul 29 13:24:06    159.9    26968017      264    76.8%    267.8     0.3%    19.3%     0.1%     0.0%     3.7%     0.1%
Jul 29 13:25:06    158.2    29316274      264    76.7%    267.8     0.3%    19.2%     0.1%     0.0%     3.8%     0.1%
Jul 29 13:26:07    158.5    32062078      264    76.7%    267.8     0.3%    19.3%     0.1%     0.0%     3.8%     0.1%
Jul 29 13:27:08    158.4    34706299      264    76.7%    267.8     0.3%    19.2%     0.1%     0.0%     3.8%     0.1%
Jul 29 13:28:08    157.6    37158077      264    76.7%    267.7     0.3%    19.3%     0.1%     0.0%     3.8%     0.1%
Jul 29 13:29:12    155.8    39505288      264    76.7%    267.7     0.3%    19.2%     0.1%     0.0%     3.9%     0.1%
Jul 29 13:30:14    156.0    42248072      264    76.7%    267.7     0.3%    19.3%     0.1%     0.0%     3.9%     0.1%
Jul 29 13:31:14    155.3    44645824      264    76.6%    267.7     0.3%    19.2%     0.1%     0.0%     3.9%     0.1%
Jul 29 13:32:14    155.6    47335914      264    76.7%    267.7     0.3%    19.2%     0.1%     0.0%     3.9%     0.1%
Jul 29 13:33:14    156.1    50077359      264    76.7%    267.8     0.3%    19.2%     0.1%     0.0%     3.9%     0.1%
Jul 29 13:34:14    156.8    52915949      264    76.7%    267.8     0.3%    19.2%     0.1%     0.0%     3.9%     0.1%
Jul 29 13:35:15    154.9    54919190      264    76.7%    267.8     0.3%    19.2%     0.1%     0.0%     3.9%     0.1%
Jul 29 13:36:18    155.4    57805073      264    76.7%    267.8     0.3%    19.2%     0.1%     0.0%     3.9%     0.1%
Jul 29 13:37:19    156.2    60748929      264    76.7%    267.8     0.3%    19.2%     0.1%     0.0%     3.9%     0.1%
Jul 29 13:38:19    157.0    63690182      264    76.7%    267.8     0.3%    19.2%     0.1%     0.0%     3.9%     0.1%
Jul 29 13:39:19    157.5    66480763      264    76.7%    267.8     0.3%    19.2%     0.1%     0.0%     3.9%     0.1%
Jul 29 13:40:23    157.1    69121075      264    76.7%    267.8     0.3%    19.2%     0.1%     0.0%     3.9%     0.1%
Jul 29 13:41:24    156.9    71706046      264    76.7%    267.8     0.3%    19.2%     0.1%     0.0%     3.9%     0.1%
Jul 29 13:42:24    158.2    74933981      264    76.7%    267.8     0.3%    19.2%     0.1%     0.0%     3.9%     0.1%
Jul 29 13:43:24    159.4    78158239      264    76.7%    267.8     0.3%    19.2%     0.1%     0.0%     3.9%     0.1%
Jul 29 13:44:24    160.2    81198632      264    76.6%    267.8     0.3%    19.2%     0.1%     0.0%     3.9%     0.1%
Jul 29 13:45:24    161.7    84662528      264    76.6%    267.8     0.3%    19.2%     0.1%     0.0%     3.9%     0.1%
Jul 29 13:48:34    147.1    84761456      264    76.6%    267.8     0.3%    19.2%     0.1%     0.0%     3.9%     0.1%
ALL DONE!
