           Time    Speed        Read     Read   Mapped   Mapped   Mapped   Mapped Unmapped Unmapped Unmapped Unmapped
                    M/hr      number   length   unique   length   MMrate    multi   multi+       MM    short    other
Jul 29 19:12:11    147.6     2541251      262    85.8%    264.0     0.3%    11.3%     0.1%     0.0%     2.7%     0.1%
Jul 29 19:13:15    172.0     6018505      262    85.9%    264.1     0.2%    11.3%     0.1%     0.0%     2.6%     0.1%
Jul 29 19:14:15    180.9     9344422      262    85.9%    264.2     0.2%    11.3%     0.1%     0.0%     2.6%     0.1%
Jul 29 19:15:15    178.7    12213821      262    85.8%    264.0     0.2%    11.3%     0.1%     0.0%     2.7%     0.1%
Jul 29 19:16:15    180.2    15320215      262    85.9%    264.1     0.2%    11.3%     0.1%     0.0%     2.6%     0.1%
Jul 29 19:17:15    182.7    18577754      262    85.9%    264.1     0.2%    11.3%     0.1%     0.0%     2.6%     0.1%
Jul 29 19:18:15    183.2    21684405      262    85.9%    264.1     0.2%    11.3%     0.1%     0.0%     2.6%     0.1%
Jul 29 19:19:15    184.4    24892107      262    85.9%    264.1     0.2%    11.3%     0.1%     0.0%     2.6%     0.1%
Jul 29 19:20:15    181.4    27510202      262    85.8%    264.0     0.2%    11.3%     0.1%     0.0%     2.7%     0.1%
Jul 29 19:21:15    182.2    30668038      262    85.8%    264.0     0.2%    11.3%     0.1%     0.0%     2.7%     0.1%
Jul 29 19:22:16    182.3    33777644      262    85.8%    264.0     0.2%    11.3%     0.1%     0.0%     2.7%     0.1%
Jul 29 19:23:18    180.7    36592452      262    85.8%    264.0     0.3%    11.3%     0.1%     0.0%     2.8%     0.1%
Jul 29 19:24:20    179.8    39499360      262    85.7%    264.0     0.3%    11.3%     0.1%     0.0%     2.8%     0.1%
Jul 29 19:25:20    178.8    42264363      262    85.7%    263.9     0.3%    11.3%     0.1%     0.0%     2.8%     0.1%
Jul 29 19:26:20    179.5    45416137      262    85.7%    264.0     0.3%    11.3%     0.1%     0.0%     2.8%     0.1%
Jul 29 19:27:20    179.7    48474799      262    85.8%    264.0     0.3%    11.2%     0.1%     0.0%     2.8%     0.1%
Jul 29 19:28:22    179.4    51481293      262    85.8%    264.0     0.3%    11.2%     0.1%     0.0%     2.8%     0.1%
Jul 29 19:29:22    178.8    54289156      262    85.8%    264.0     0.3%    11.2%     0.1%     0.0%     2.8%     0.1%
Jul 29 19:30:22    179.2    57400014      262    85.8%    264.0     0.3%    11.2%     0.1%     0.0%     2.8%     0.1%
Jul 29 19:31:23    179.9    60657483      262    85.8%    264.0     0.3%    11.2%     0.1%     0.0%     2.8%     0.1%
Jul 29 19:32:24    180.1    63769470      262    85.8%    264.0     0.3%    11.3%     0.1%     0.0%     2.8%     0.1%
Jul 29 19:33:24    180.1    66772720      262    85.8%    264.0     0.3%    11.2%     0.1%     0.0%     2.8%     0.1%
Jul 29 19:34:25    178.2    69086727      262    85.7%    264.0     0.3%    11.2%     0.1%     0.0%     2.8%     0.1%
Jul 29 19:35:25    178.5    72189821      262    85.7%    264.0     0.3%    11.2%     0.1%     0.0%     2.8%     0.1%
Jul 29 19:36:25    179.1    75438082      262    85.8%    264.1     0.3%    11.2%     0.1%     0.0%     2.8%     0.1%
Jul 29 19:37:25    178.1    77959938      262    85.7%    264.0     0.3%    11.2%     0.1%     0.0%     2.8%     0.1%
Jul 29 19:38:25    177.8    80822296      262    85.7%    264.0     0.3%    11.2%     0.1%     0.0%     2.8%     0.1%
Jul 29 19:42:52    155.7    82320998      262    85.7%    264.0     0.3%    11.3%     0.1%     0.0%     2.8%     0.1%
ALL DONE!
