                                 Started job on |	Jul 29 13:13:52
                             Started mapping on |	Jul 29 13:14:04
                                    Finished on |	Jul 29 13:42:06
       Mapping speed, Million of reads per hour |	145.51

                          Number of input reads |	67987553
                      Average input read length |	257
                                    UNIQUE READS:
                   Uniquely mapped reads number |	56653969
                        Uniquely mapped reads % |	83.33%
                          Average mapped length |	259.18
                       Number of splices: Total |	17912226
            Number of splices: Annotated (sjdb) |	17543425
                       Number of splices: GT/AG |	17762765
                       Number of splices: GC/AG |	132097
                       Number of splices: AT/AC |	17364
               Number of splices: Non-canonical |	0
                      Mismatch rate per base, % |	0.30%
                         Deletion rate per base |	0.01%
                        Deletion average length |	1.96
                        Insertion rate per base |	0.01%
                       Insertion average length |	1.67
                             MULTI-MAPPING READS:
        Number of reads mapped to multiple loci |	9034661
             % of reads mapped to multiple loci |	13.29%
        Number of reads mapped to too many loci |	93831
             % of reads mapped to too many loci |	0.14%
                                  UNMAPPED READS:
  Number of reads unmapped: too many mismatches |	0
       % of reads unmapped: too many mismatches |	0.00%
            Number of reads unmapped: too short |	2120345
                 % of reads unmapped: too short |	3.12%
                Number of reads unmapped: other |	84747
                     % of reads unmapped: other |	0.12%
                                  CHIMERIC READS:
                       Number of chimeric reads |	0
                            % of chimeric reads |	0.00%
