           Time    Speed        Read     Read   Mapped   Mapped   Mapped   Mapped Unmapped Unmapped Unmapped Unmapped
                    M/hr      number   length   unique   length   MMrate    multi   multi+       MM    short    other
Jul 29 14:51:23    155.1     2585608      263    79.7%    265.6     0.2%    17.1%     0.1%     0.0%     2.8%     0.2%
Jul 29 14:52:23    176.8     5894309      263    79.9%    266.3     0.2%    17.0%     0.1%     0.0%     2.8%     0.2%
Jul 29 14:53:23    180.0     8999111      264    79.9%    266.8     0.2%    17.0%     0.1%     0.0%     2.8%     0.2%
Jul 29 14:54:23    180.7    12047526      264    79.9%    266.8     0.2%    17.0%     0.1%     0.0%     2.9%     0.2%
Jul 29 14:55:23    181.6    15131620      264    79.9%    266.9     0.2%    16.9%     0.1%     0.0%     2.9%     0.2%
Jul 29 14:56:24    181.6    18208239      264    79.9%    267.2     0.2%    16.9%     0.1%     0.0%     2.9%     0.2%
Jul 29 14:57:24    183.4    21449723      264    79.9%    267.0     0.2%    16.9%     0.1%     0.0%     2.9%     0.2%
Jul 29 14:58:24    183.7    24542112      264    79.9%    267.0     0.2%    16.9%     0.1%     0.0%     2.9%     0.2%
Jul 29 14:59:26    184.1    27774070      264    79.9%    267.0     0.2%    16.9%     0.1%     0.0%     2.9%     0.2%
Jul 29 15:00:26    186.0    31157233      264    79.9%    267.0     0.2%    16.9%     0.1%     0.0%     2.9%     0.2%
Jul 29 15:01:27    186.4    34387991      264    79.9%    267.1     0.2%    16.9%     0.1%     0.0%     2.9%     0.2%
Jul 29 15:02:27    188.7    37949610      264    79.9%    267.2     0.2%    16.9%     0.1%     0.0%     2.9%     0.2%
Jul 29 15:03:27    188.5    41045900      264    79.9%    267.1     0.2%    16.9%     0.1%     0.0%     2.9%     0.2%
Jul 29 15:04:28    188.3    44194882      264    79.9%    267.1     0.2%    16.9%     0.1%     0.0%     2.9%     0.2%
Jul 29 15:05:29    188.7    47484603      264    79.9%    267.0     0.2%    16.9%     0.1%     0.0%     2.9%     0.2%
Jul 29 15:06:29    188.7    50644584      264    79.8%    266.9     0.2%    16.9%     0.1%     0.0%     2.9%     0.2%
Jul 29 15:07:29    189.1    53902387      264    79.8%    266.8     0.2%    17.0%     0.1%     0.0%     2.9%     0.2%
Jul 29 15:08:29    189.0    57006857      264    79.8%    266.7     0.2%    17.0%     0.1%     0.0%     2.9%     0.2%
Jul 29 15:09:29    188.9    60148872      264    79.8%    266.7     0.2%    17.0%     0.1%     0.0%     2.9%     0.2%
Jul 29 15:10:29    188.8    63242180      264    79.8%    266.7     0.2%    17.0%     0.1%     0.0%     2.9%     0.2%
Jul 29 15:11:29    189.0    66479938      264    79.8%    266.7     0.2%    17.0%     0.1%     0.0%     2.9%     0.2%
Jul 29 15:12:29    190.0    69982014      264    79.8%    266.6     0.2%    17.0%     0.1%     0.0%     2.9%     0.2%
Jul 29 15:13:29    191.1    73588268      264    79.8%    266.5     0.2%    17.0%     0.1%     0.0%     2.9%     0.2%
Jul 29 15:18:29    163.1    76390605      264    79.8%    266.5     0.2%    17.0%     0.1%     0.0%     2.9%     0.2%
ALL DONE!
