           Time    Speed        Read     Read   Mapped   Mapped   Mapped   Mapped Unmapped Unmapped Unmapped Unmapped
                    M/hr      number   length   unique   length   MMrate    multi   multi+       MM    short    other
Jul 29 16:36:08    163.2     2720749      264    84.7%    266.3     0.1%    12.3%     0.1%     0.0%     2.8%     0.1%
Jul 29 16:37:08    182.0     6066580      265    84.7%    266.8     0.1%    12.3%     0.1%     0.0%     2.8%     0.1%
Jul 29 16:38:08    187.2     9359334      265    84.7%    267.1     0.1%    12.3%     0.1%     0.0%     2.8%     0.1%
Jul 29 16:39:08    189.4    12628154      265    84.7%    267.3     0.2%    12.3%     0.1%     0.0%     2.8%     0.1%
Jul 29 16:40:09    187.1    15646327      265    84.7%    267.6     0.2%    12.3%     0.1%     0.0%     2.8%     0.1%
Jul 29 16:41:09    188.2    18873872      265    84.7%    267.4     0.2%    12.3%     0.1%     0.0%     2.8%     0.1%
Jul 29 16:42:10    191.0    22394198      265    84.7%    267.4     0.2%    12.3%     0.1%     0.0%     2.8%     0.1%
Jul 29 16:43:10    194.3    26008014      265    84.7%    267.4     0.2%    12.3%     0.1%     0.0%     2.8%     0.1%
Jul 29 16:44:11    198.0    29857491      265    84.7%    267.5     0.2%    12.3%     0.1%     0.0%     2.9%     0.1%
Jul 29 16:45:12    203.5    34148531      265    84.7%    267.5     0.2%    12.3%     0.1%     0.0%     2.9%     0.1%
Jul 29 16:46:12    209.8    38701620      265    84.7%    267.4     0.2%    12.3%     0.1%     0.0%     2.9%     0.1%
Jul 29 16:47:12    216.8    43606662      265    84.7%    267.3     0.2%    12.3%     0.1%     0.0%     2.8%     0.1%
Jul 29 16:48:12    222.4    48423541      265    84.7%    267.1     0.2%    12.3%     0.1%     0.0%     2.8%     0.1%
Jul 29 16:49:14    226.9    53310626      265    84.6%    267.1     0.2%    12.3%     0.1%     0.0%     2.8%     0.1%
Jul 29 16:50:14    231.3    58211943      265    84.6%    267.0     0.2%    12.3%     0.1%     0.0%     2.8%     0.1%
Jul 29 16:51:14    235.3    63128570      265    84.6%    266.9     0.2%    12.3%     0.1%     0.0%     2.8%     0.1%
Jul 29 16:53:43    212.1    65695367      265    84.6%    266.8     0.2%    12.4%     0.1%     0.0%     2.8%     0.1%
ALL DONE!
