                                 Started job on |	Jul 29 16:21:42
                             Started mapping on |	Jul 29 16:21:43
                                    Finished on |	Jul 29 16:49:35
       Mapping speed, Million of reads per hour |	145.30

                          Number of input reads |	67485888
                      Average input read length |	269
                                    UNIQUE READS:
                   Uniquely mapped reads number |	57942120
                        Uniquely mapped reads % |	85.86%
                          Average mapped length |	272.13
                       Number of splices: Total |	20294702
            Number of splices: Annotated (sjdb) |	19881094
                       Number of splices: GT/AG |	20117045
                       Number of splices: GC/AG |	159288
                       Number of splices: AT/AC |	18369
               Number of splices: Non-canonical |	0
                      Mismatch rate per base, % |	0.34%
                         Deletion rate per base |	0.01%
                        Deletion average length |	2.09
                        Insertion rate per base |	0.01%
                       Insertion average length |	1.77
                             MULTI-MAPPING READS:
        Number of reads mapped to multiple loci |	6995636
             % of reads mapped to multiple loci |	10.37%
        Number of reads mapped to too many loci |	87506
             % of reads mapped to too many loci |	0.13%
                                  UNMAPPED READS:
  Number of reads unmapped: too many mismatches |	0
       % of reads unmapped: too many mismatches |	0.00%
            Number of reads unmapped: too short |	2362750
                 % of reads unmapped: too short |	3.50%
                Number of reads unmapped: other |	97876
                     % of reads unmapped: other |	0.15%
                                  CHIMERIC READS:
                       Number of chimeric reads |	0
                            % of chimeric reads |	0.00%
