           Time    Speed        Read     Read   Mapped   Mapped   Mapped   Mapped Unmapped Unmapped Unmapped Unmapped
                    M/hr      number   length   unique   length   MMrate    multi   multi+       MM    short    other
Jul 29 16:14:39    148.8     2479372      257    80.9%    260.8     0.3%    15.8%     0.1%     0.0%     3.1%     0.1%
Jul 29 16:15:39    163.7     5456203      257    80.9%    260.8     0.2%    15.8%     0.1%     0.0%     3.0%     0.1%
Jul 29 16:16:40    167.7     8430389      258    81.0%    260.9     0.2%    15.8%     0.1%     0.0%     3.0%     0.1%
Jul 29 16:17:40    169.5    11348984      257    80.9%    260.8     0.2%    15.7%     0.1%     0.0%     3.1%     0.1%
Jul 29 16:18:41    171.1    14354578      257    81.0%    260.8     0.2%    15.7%     0.1%     0.0%     3.1%     0.1%
Jul 29 16:19:42    174.1    17559143      258    81.0%    260.9     0.2%    15.7%     0.1%     0.0%     3.0%     0.1%
Jul 29 16:20:42    175.9    20666255      258    81.0%    260.8     0.2%    15.7%     0.1%     0.0%     3.1%     0.1%
Jul 29 16:21:42    175.7    23575925      257    80.9%    260.8     0.2%    15.8%     0.1%     0.0%     3.1%     0.1%
Jul 29 16:22:42    175.2    26429213      258    80.9%    260.8     0.3%    15.7%     0.1%     0.0%     3.1%     0.1%
Jul 29 16:23:42    175.5    29388597      257    80.9%    260.7     0.3%    15.8%     0.1%     0.0%     3.1%     0.1%
Jul 29 16:24:42    174.8    32193718      257    80.9%    260.7     0.2%    15.8%     0.1%     0.0%     3.1%     0.1%
Jul 29 16:25:43    171.5    34497818      257    80.8%    260.7     0.3%    15.8%     0.1%     0.0%     3.2%     0.1%
Jul 29 16:26:43    171.3    37303449      257    80.8%    260.7     0.3%    15.8%     0.1%     0.0%     3.2%     0.1%
Jul 29 16:27:43    171.3    40155384      258    80.8%    260.7     0.3%    15.7%     0.1%     0.0%     3.2%     0.1%
Jul 29 16:28:43    172.1    43211115      258    80.8%    260.7     0.3%    15.7%     0.1%     0.0%     3.2%     0.1%
Jul 29 16:29:43    172.2    46111480      258    80.9%    260.8     0.3%    15.7%     0.1%     0.0%     3.2%     0.1%
Jul 29 16:30:43    170.6    48513425      258    80.8%    260.8     0.3%    15.7%     0.1%     0.0%     3.2%     0.1%
Jul 29 16:31:46    171.1    51669992      258    80.8%    260.8     0.3%    15.7%     0.1%     0.0%     3.2%     0.1%
Jul 29 16:32:46    171.8    54726229      258    80.8%    260.8     0.3%    15.7%     0.1%     0.0%     3.2%     0.1%
Jul 29 16:33:47    172.1    57735100      258    80.8%    260.8     0.3%    15.7%     0.1%     0.0%     3.2%     0.1%
Jul 29 16:34:49    171.5    60485498      258    80.8%    260.8     0.3%    15.7%     0.1%     0.0%     3.2%     0.1%
Jul 29 16:35:50    170.5    63031470      258    80.8%    260.8     0.3%    15.7%     0.1%     0.0%     3.2%     0.1%
Jul 29 16:36:51    170.6    65983316      258    80.8%    260.8     0.3%    15.7%     0.1%     0.0%     3.2%     0.1%
Jul 29 16:37:51    171.0    68983336      258    80.8%    260.8     0.3%    15.7%     0.1%     0.0%     3.2%     0.1%
Jul 29 16:38:51    170.2    71492234      258    80.8%    260.8     0.3%    15.7%     0.1%     0.0%     3.2%     0.1%
Jul 29 16:43:38    148.5    74232553      258    80.8%    260.8     0.3%    15.7%     0.1%     0.0%     3.2%     0.1%
ALL DONE!
