                                 Started job on |	Jul 29 13:13:52
                             Started mapping on |	Jul 29 13:13:59
                                    Finished on |	Jul 29 13:48:34
       Mapping speed, Million of reads per hour |	147.06

                          Number of input reads |	84761456
                      Average input read length |	264
                                    UNIQUE READS:
                   Uniquely mapped reads number |	64966984
                        Uniquely mapped reads % |	76.65%
                          Average mapped length |	267.75
                       Number of splices: Total |	22622417
            Number of splices: Annotated (sjdb) |	22224290
                       Number of splices: GT/AG |	22441080
                       Number of splices: GC/AG |	160427
                       Number of splices: AT/AC |	20910
               Number of splices: Non-canonical |	0
                      Mismatch rate per base, % |	0.33%
                         Deletion rate per base |	0.01%
                        Deletion average length |	1.97
                        Insertion rate per base |	0.01%
                       Insertion average length |	1.66
                             MULTI-MAPPING READS:
        Number of reads mapped to multiple loci |	16302091
             % of reads mapped to multiple loci |	19.23%
        Number of reads mapped to too many loci |	92915
             % of reads mapped to too many loci |	0.11%
                                  UNMAPPED READS:
  Number of reads unmapped: too many mismatches |	0
       % of reads unmapped: too many mismatches |	0.00%
            Number of reads unmapped: too short |	3313900
                 % of reads unmapped: too short |	3.91%
                Number of reads unmapped: other |	85566
                     % of reads unmapped: other |	0.10%
                                  CHIMERIC READS:
                       Number of chimeric reads |	0
                            % of chimeric reads |	0.00%
