           Time    Speed        Read     Read   Mapped   Mapped   Mapped   Mapped Unmapped Unmapped Unmapped Unmapped
                    M/hr      number   length   unique   length   MMrate    multi   multi+       MM    short    other
Jul 29 13:15:03    141.1     2548384      261    82.7%    263.0     0.3%    13.5%     0.2%     0.0%     3.5%     0.1%
Jul 29 13:16:03    160.8     5581843      262    82.9%    263.4     0.2%    13.4%     0.2%     0.0%     3.4%     0.1%
Jul 29 13:17:03    166.8     8572328      261    82.9%    263.3     0.2%    13.4%     0.2%     0.0%     3.4%     0.1%
Jul 29 13:18:04    169.7    11599098      261    82.9%    263.3     0.2%    13.4%     0.2%     0.0%     3.4%     0.1%
Jul 29 13:19:04    172.5    14664612      261    82.9%    263.3     0.2%    13.4%     0.2%     0.0%     3.4%     0.1%
Jul 29 13:20:04    171.0    17390025      261    82.9%    263.2     0.2%    13.4%     0.2%     0.0%     3.4%     0.1%
Jul 29 13:21:06    171.2    20355871      261    82.9%    263.2     0.2%    13.4%     0.2%     0.0%     3.4%     0.1%
Jul 29 13:22:09    171.4    23374706      261    82.9%    263.2     0.2%    13.4%     0.2%     0.0%     3.4%     0.1%
Jul 29 13:23:09    172.1    26343961      261    82.9%    263.2     0.2%    13.4%     0.2%     0.0%     3.4%     0.1%
Jul 29 13:24:09    173.0    29356624      261    82.9%    263.3     0.2%    13.4%     0.2%     0.0%     3.4%     0.1%
Jul 29 13:25:09    173.4    32326704      261    82.9%    263.3     0.2%    13.4%     0.2%     0.0%     3.4%     0.1%
Jul 29 13:26:09    173.6    35244905      261    82.9%    263.3     0.2%    13.4%     0.2%     0.0%     3.4%     0.1%
Jul 29 13:27:09    173.3    38069828      261    82.9%    263.2     0.2%    13.4%     0.2%     0.0%     3.4%     0.1%
Jul 29 13:28:09    170.9    40393860      261    82.9%    263.2     0.2%    13.4%     0.2%     0.0%     3.5%     0.1%
Jul 29 13:29:09    171.0    43260432      261    82.9%    263.2     0.2%    13.4%     0.2%     0.0%     3.5%     0.1%
Jul 29 13:30:09    171.0    46133771      261    82.8%    263.1     0.2%    13.4%     0.2%     0.0%     3.5%     0.1%
Jul 29 13:31:10    171.1    49051519      261    82.8%    263.2     0.2%    13.4%     0.2%     0.0%     3.5%     0.1%
Jul 29 13:32:11    171.3    52019365      261    82.8%    263.2     0.2%    13.4%     0.2%     0.0%     3.5%     0.1%
Jul 29 13:33:11    169.5    54296834      261    82.8%    263.1     0.3%    13.4%     0.2%     0.0%     3.5%     0.1%
Jul 29 13:34:12    168.8    56915588      261    82.8%    263.1     0.3%    13.4%     0.2%     0.0%     3.5%     0.1%
Jul 29 13:35:12    169.1    59834533      261    82.8%    263.1     0.3%    13.4%     0.2%     0.0%     3.5%     0.1%
Jul 29 13:36:12    168.0    62260110      261    82.8%    263.1     0.3%    13.4%     0.2%     0.0%     3.5%     0.1%
Jul 29 13:37:12    168.4    65222603      261    82.8%    263.1     0.3%    13.4%     0.2%     0.0%     3.5%     0.1%
Jul 29 13:38:15    168.7    68289797      261    82.8%    263.1     0.3%    13.4%     0.2%     0.0%     3.5%     0.1%
Jul 29 13:39:15    169.2    71304219      261    82.8%    263.1     0.3%    13.4%     0.2%     0.0%     3.5%     0.1%
Jul 29 13:40:16    170.1    74563330      261    82.8%    263.2     0.3%    13.4%     0.2%     0.0%     3.5%     0.1%
Jul 29 13:41:16    169.5    77135307      261    82.8%    263.2     0.3%    13.4%     0.2%     0.0%     3.5%     0.1%
Jul 29 13:42:16    170.2    80294827      261    82.8%    263.2     0.3%    13.4%     0.2%     0.0%     3.5%     0.1%
Jul 29 13:43:16    171.2    83610861      261    82.8%    263.2     0.3%    13.4%     0.2%     0.0%     3.5%     0.1%
Jul 29 13:44:16    172.5    87123883      261    82.8%    263.2     0.3%    13.4%     0.2%     0.0%     3.5%     0.1%
Jul 29 13:45:16    174.4    90984779      261    82.8%    263.2     0.3%    13.4%     0.2%     0.0%     3.5%     0.1%
Jul 29 13:46:16    176.6    95087679      261    82.8%    263.2     0.3%    13.4%     0.2%     0.0%     3.5%     0.1%
Jul 29 13:47:16    177.8    98695186      261    82.8%    263.2     0.3%    13.4%     0.2%     0.0%     3.5%     0.1%
Jul 29 13:48:16    179.1   102375563      261    82.8%    263.2     0.3%    13.4%     0.2%     0.0%     3.5%     0.1%
Jul 29 13:49:16    182.0   107087055      261    82.8%    263.2     0.3%    13.4%     0.2%     0.0%     3.5%     0.1%
Jul 29 13:50:16    184.6   111695320      261    82.8%    263.2     0.3%    13.4%     0.2%     0.0%     3.5%     0.1%
Jul 29 13:51:16    185.8   115484421      261    82.8%    263.2     0.3%    13.4%     0.2%     0.0%     3.6%     0.1%
Jul 29 13:52:16    188.2   120109854      261    82.8%    263.2     0.3%    13.4%     0.1%     0.0%     3.6%     0.1%
Jul 29 13:55:49    173.3   120844106      261    82.8%    263.2     0.3%    13.4%     0.2%     0.0%     3.6%     0.1%
ALL DONE!
