                                 Started job on |	Jul 29 19:11:09
                             Started mapping on |	Jul 29 19:11:09
                                    Finished on |	Jul 29 19:48:51
       Mapping speed, Million of reads per hour |	172.76

                          Number of input reads |	108550962
                      Average input read length |	261
                                    UNIQUE READS:
                   Uniquely mapped reads number |	86902391
                        Uniquely mapped reads % |	80.06%
                          Average mapped length |	265.74
                       Number of splices: Total |	33828935
            Number of splices: Annotated (sjdb) |	33209127
                       Number of splices: GT/AG |	33552460
                       Number of splices: GC/AG |	245064
                       Number of splices: AT/AC |	31411
               Number of splices: Non-canonical |	0
                      Mismatch rate per base, % |	0.17%
                         Deletion rate per base |	0.01%
                        Deletion average length |	1.96
                        Insertion rate per base |	0.01%
                       Insertion average length |	1.67
                             MULTI-MAPPING READS:
        Number of reads mapped to multiple loci |	18785147
             % of reads mapped to multiple loci |	17.31%
        Number of reads mapped to too many loci |	104793
             % of reads mapped to too many loci |	0.10%
                                  UNMAPPED READS:
  Number of reads unmapped: too many mismatches |	0
       % of reads unmapped: too many mismatches |	0.00%
            Number of reads unmapped: too short |	2652509
                 % of reads unmapped: too short |	2.44%
                Number of reads unmapped: other |	106122
                     % of reads unmapped: other |	0.10%
                                  CHIMERIC READS:
                       Number of chimeric reads |	0
                            % of chimeric reads |	0.00%
